Starting SCF energy calculation
 
iscf   E_free (Ha)    dE (1.0e-05)   dn (1.0e-04)   dv (1.0e-04)
-----------------------------------------------------------------
   0    -15.9269399      1.000e+00      9.998e-01      1.000e+00
   1    -16.5865051      3.977e-02      2.900e-01      1.150e-01
   2    -16.6033270      1.013e-03      3.085e-02      1.050e-02
   3    -16.6038871      3.373e-05      3.447e-03      3.154e-03
   4    -16.6039360      2.944e-06      1.008e-03      9.513e-04
   5    -16.6039405      2.728e-07      2.933e-04      2.900e-04
   6    -16.6039410      3.008e-08      8.548e-05      8.967e-05
-----------------------------------------------------------------
SCF cycle converged
 
Final energies (Ha)
 
---------------------------------------------
Kinetic energy                 :    14.4461
    orbitals                   :    14.4461
    unbound ideal approx.      :     0.0000
Electron-nuclear energy        :   -34.0302
Hartree energy                 :     7.8240
Exchange-correlation energy    :    -2.7154
    exchange                   :    -2.4703
    correlation                :    -0.2451
---------------------------------------------
Total energy                   :   -14.4754
---------------------------------------------
Entropy                        :     5.7920
    orbitals                   :     5.7920
    unbound ideal approx.      :     0.0000
---------------------------------------------
Total free energy              :   -16.6039
---------------------------------------------

Chemical potential             :  -0.365
Mean ionization state          :   1.441
 
Orbital eigenvalues (Ha) :
 
     |   n=l+1 |       2 |       3 |       4 |       5
-----+---------+---------+---------+---------+---------
 l=0 |  -3.265 |  -0.018 |   2.522 |   7.339 |  14.067
   1 |   0.195 |   2.153 |   6.106 |  11.947 |  19.625
   2 |   0.895 |   4.190 |   9.153 |  15.946 |  24.557
   3 |   1.750 |   6.207 |  12.169 |  19.911 |  29.452
   4 |   2.799 |   8.381 |  15.323 |  24.009 |  34.475
   5 |   4.045 |  10.749 |  18.666 |  28.293 |  39.681
   6 |   5.487 |  13.326 |  22.218 |  32.785 |  45.096
   7 |   7.126 |  16.115 |  25.986 |  37.495 |  50.731
 

Orbital occupations (2l+1) * f_{nl} :
 
     |   n=l+1 |       2 |       3 |       4 |       5
-----+---------+---------+---------+---------+---------
 l=0 |   1.999 |   0.559 |   0.001 |   0.000 |   0.000
   1 |   1.072 |   0.006 |   0.000 |   0.000 |   0.000
   2 |   0.314 |   0.000 |   0.000 |   0.000 |   0.000
   3 |   0.044 |   0.000 |   0.000 |   0.000 |   0.000
   4 |   0.003 |   0.000 |   0.000 |   0.000 |   0.000
   5 |   0.000 |   0.000 |   0.000 |   0.000 |   0.000
   6 |   0.000 |   0.000 |   0.000 |   0.000 |   0.000
   7 |   0.000 |   0.000 |   0.000 |   0.000 |   0.000
 

func:'CalcEnergy' took: 30.7303 sec
