Starting SCF energy calculation
 
iscf   E_free (Ha)    dE (1.0e-05)   dn (1.0e-04)   dv (1.0e-04)
-----------------------------------------------------------------
   0    -16.8846782      1.000e+00      9.998e-01      1.000e+00
   1    -17.4984982      3.508e-02      2.758e-01      1.210e-01
   2    -17.5199084      1.222e-03      3.685e-02      1.477e-02
   3    -17.5208498      5.373e-05      4.575e-03      4.276e-03
   4    -17.5209247      4.272e-06      1.287e-03      1.242e-03
   5    -17.5209308      3.485e-07      3.568e-04      3.662e-04
   6    -17.5209313      3.214e-08      9.891e-05      1.105e-04
   7    -17.5209314      3.100e-09      2.760e-05      3.428e-05
-----------------------------------------------------------------
SCF cycle converged
 
Final energies (Ha)
 
---------------------------------------------
Kinetic energy                 :    14.7055
    orbitals                   :    14.7055
    unbound ideal approx.      :     0.0000
Electron-nuclear energy        :   -33.8408
Hartree energy                 :     7.7570
Exchange-correlation energy    :    -2.7033
    exchange                   :    -2.4586
    correlation                :    -0.2447
---------------------------------------------
Total energy                   :   -14.0817
---------------------------------------------
Entropy                        :     6.6847
    orbitals                   :     6.6847
    unbound ideal approx.      :     0.0000
---------------------------------------------
Total free energy              :   -17.5209
---------------------------------------------

Chemical potential             :  -0.671
Mean ionization state          :   1.574
 
Orbital eigenvalues (Ha) :
 
     |   n=l+1 |       2 |       3 |       4 |       5
-----+---------+---------+---------+---------+---------
 l=0 |  -3.285 |  -0.018 |   2.518 |   7.334 |  14.061
   1 |   0.196 |   2.148 |   6.101 |  11.941 |  19.618
   2 |   0.895 |   4.188 |   9.148 |  15.941 |  24.552
   3 |   1.751 |   6.207 |  12.166 |  19.908 |  29.448
   4 |   2.799 |   8.382 |  15.322 |  24.006 |  34.471
   5 |   4.045 |  10.751 |  18.666 |  28.290 |  39.678
   6 |   5.488 |  13.328 |  22.218 |  32.783 |  45.093
   7 |   7.127 |  16.117 |  25.986 |  37.494 |  50.728
 

Orbital occupations (2l+1) * f_{nl} :
 
     |   n=l+1 |       2 |       3 |       4 |       5
-----+---------+---------+---------+---------+---------
 l=0 |   1.988 |   0.439 |   0.004 |   0.000 |   0.000
   1 |   0.940 |   0.025 |   0.000 |   0.000 |   0.000
   2 |   0.455 |   0.001 |   0.000 |   0.000 |   0.000
   3 |   0.125 |   0.000 |   0.000 |   0.000 |   0.000
   4 |   0.021 |   0.000 |   0.000 |   0.000 |   0.000
   5 |   0.002 |   0.000 |   0.000 |   0.000 |   0.000
   6 |   0.000 |   0.000 |   0.000 |   0.000 |   0.000
   7 |   0.000 |   0.000 |   0.000 |   0.000 |   0.000
 

func:'CalcEnergy' took: 34.0598 sec
