Starting SCF energy calculation
 
iscf   E_free (Ha)    dE (1.0e-05)   dn (1.0e-04)   dv (1.0e-04)
-----------------------------------------------------------------
   0    -17.9595990      1.000e+00      9.998e-01      1.000e+00
   1    -18.5337734      3.098e-02      2.808e-01      1.419e-01
   2    -18.5698794      1.944e-03      5.757e-02      2.646e-02
   3    -18.5727502      1.546e-04      8.897e-03      6.735e-03
   4    -18.5729251      9.415e-06      2.229e-03      1.703e-03
   5    -18.5729353      5.496e-07      5.309e-04      4.437e-04
   6    -18.5729359      3.386e-08      1.258e-04      1.215e-04
   7    -18.5729359      1.753e-09      3.029e-05      3.542e-05
-----------------------------------------------------------------
SCF cycle converged
 
Final energies (Ha)
 
---------------------------------------------
Kinetic energy                 :    14.8949
    orbitals                   :    14.8949
    unbound ideal approx.      :     0.0000
Electron-nuclear energy        :   -33.3505
Hartree energy                 :     7.6044
Exchange-correlation energy    :    -2.6663
    exchange                   :    -2.4227
    correlation                :    -0.2436
---------------------------------------------
Total energy                   :   -13.5176
---------------------------------------------
Entropy                        :     7.6424
    orbitals                   :     7.6424
    unbound ideal approx.      :     0.0000
---------------------------------------------
Total free energy              :   -18.5729
---------------------------------------------

Chemical potential             :  -1.019
Mean ionization state          :   1.696
 
Orbital eigenvalues (Ha) :
 
     |   n=l+1 |       2 |       3 |       4 |       5
-----+---------+---------+---------+---------+---------
 l=0 |  -3.340 |  -0.021 |   2.502 |   7.316 |  14.042
   1 |   0.193 |   2.132 |   6.084 |  11.923 |  19.599
   2 |   0.895 |   4.179 |   9.136 |  15.926 |  24.535
   3 |   1.751 |   6.202 |  12.156 |  19.895 |  29.434
   4 |   2.799 |   8.378 |  15.314 |  23.996 |  34.459
   5 |   4.045 |  10.749 |  18.659 |  28.281 |  39.667
   6 |   5.487 |  13.327 |  22.213 |  32.775 |  45.084
   7 |   7.126 |  16.116 |  25.982 |  37.487 |  50.720
 

Orbital occupations (2l+1) * f_{nl} :
 
     |   n=l+1 |       2 |       3 |       4 |       5
-----+---------+---------+---------+---------+---------
 l=0 |   1.942 |   0.362 |   0.010 |   0.000 |   0.000
   1 |   0.828 |   0.051 |   0.000 |   0.000 |   0.000
   2 |   0.525 |   0.004 |   0.000 |   0.000 |   0.000
   3 |   0.210 |   0.000 |   0.000 |   0.000 |   0.000
   4 |   0.056 |   0.000 |   0.000 |   0.000 |   0.000
   5 |   0.010 |   0.000 |   0.000 |   0.000 |   0.000
   6 |   0.001 |   0.000 |   0.000 |   0.000 |   0.000
   7 |   0.000 |   0.000 |   0.000 |   0.000 |   0.000
 

func:'CalcEnergy' took: 35.3619 sec
