Starting SCF energy calculation
 
iscf   E_free (Ha)    dE (1.0e-05)   dn (1.0e-04)   dv (1.0e-04)
-----------------------------------------------------------------
   0    -19.1385051      1.000e+00      9.998e-01      1.000e+00
   1    -19.7011794      2.856e-02      3.100e-01      1.755e-01
   2    -19.7634218      3.149e-03      9.284e-02      4.423e-02
   3    -19.7721708      4.425e-04      1.816e-02      9.246e-03
   4    -19.7725284      1.809e-05      3.792e-03      1.893e-03
   5    -19.7725415      6.624e-07      7.128e-04      4.149e-04
   6    -19.7725421      2.763e-08      1.345e-04      1.025e-04
   7    -19.7725421      1.211e-09      2.727e-05      2.937e-05
-----------------------------------------------------------------
SCF cycle converged
 
Final energies (Ha)
 
---------------------------------------------
Kinetic energy                 :    14.9645
    orbitals                   :    14.9645
    unbound ideal approx.      :     0.0000
Electron-nuclear energy        :   -32.4490
Hartree energy                 :     7.3395
Exchange-correlation energy    :    -2.5965
    exchange                   :    -2.3550
    correlation                :    -0.2415
---------------------------------------------
Total energy                   :   -12.7415
---------------------------------------------
Entropy                        :     8.6966
    orbitals                   :     8.6966
    unbound ideal approx.      :     0.0000
---------------------------------------------
Total free energy              :   -19.7725
---------------------------------------------

Chemical potential             :  -1.390
Mean ionization state          :   1.833
 
Orbital eigenvalues (Ha) :
 
     |   n=l+1 |       2 |       3 |       4 |       5
-----+---------+---------+---------+---------+---------
 l=0 |  -3.444 |  -0.028 |   2.472 |   7.282 |  14.006
   1 |   0.186 |   2.102 |   6.051 |  11.887 |  19.562
   2 |   0.892 |   4.161 |   9.111 |  15.896 |  24.503
   3 |   1.749 |   6.190 |  12.136 |  19.871 |  29.406
   4 |   2.798 |   8.369 |  15.297 |  23.975 |  34.434
   5 |   4.043 |  10.742 |  18.645 |  28.263 |  39.646
   6 |   5.486 |  13.322 |  22.201 |  32.759 |  45.064
   7 |   7.125 |  16.112 |  25.972 |  37.473 |  50.702
 

Orbital occupations (2l+1) * f_{nl} :
 
     |   n=l+1 |       2 |       3 |       4 |       5
-----+---------+---------+---------+---------+---------
 l=0 |   1.854 |   0.313 |   0.017 |   0.000 |   0.000
   1 |   0.748 |   0.079 |   0.001 |   0.000 |   0.000
   2 |   0.561 |   0.010 |   0.000 |   0.000 |   0.000
   3 |   0.283 |   0.001 |   0.000 |   0.000 |   0.000
   4 |   0.101 |   0.000 |   0.000 |   0.000 |   0.000
   5 |   0.027 |   0.000 |   0.000 |   0.000 |   0.000
   6 |   0.005 |   0.000 |   0.000 |   0.000 |   0.000
   7 |   0.001 |   0.000 |   0.000 |   0.000 |   0.000
 

func:'CalcEnergy' took: 35.7482 sec
