Starting SCF energy calculation
 
iscf   E_free (Ha)    dE (1.0e-05)   dn (1.0e-04)   dv (1.0e-04)
-----------------------------------------------------------------
   0    -20.4430389      1.000e+00      9.998e-01      1.000e+00
   1    -21.0203315      2.746e-02      3.489e-01      2.084e-01
   2    -21.1125729      4.369e-03      1.314e-01      6.155e-02
   3    -21.1313624      8.892e-04      3.023e-02      1.058e-02
   4    -21.1318733      2.418e-05      5.180e-03      1.784e-03
   5    -21.1318854      5.741e-07      7.831e-04      3.465e-04
   6    -21.1318858      1.881e-08      1.218e-04      8.427e-05
   7    -21.1318858      7.764e-10      2.143e-05      2.574e-05
-----------------------------------------------------------------
SCF cycle converged
 
Final energies (Ha)
 
---------------------------------------------
Kinetic energy                 :    14.9591
    orbitals                   :    14.9591
    unbound ideal approx.      :     0.0000
Electron-nuclear energy        :   -31.2488
Hartree energy                 :     7.0060
Exchange-correlation energy    :    -2.5050
    exchange                   :    -2.2664
    correlation                :    -0.2387
---------------------------------------------
Total energy                   :   -11.7887
---------------------------------------------
Entropy                        :     9.7785
    orbitals                   :     9.7785
    unbound ideal approx.      :     0.0000
---------------------------------------------
Total free energy              :   -21.1319
---------------------------------------------

Chemical potential             :  -1.776
Mean ionization state          :   1.983
 
Orbital eigenvalues (Ha) :
 
     |   n=l+1 |       2 |       3 |       4 |       5
-----+---------+---------+---------+---------+---------
 l=0 |  -3.582 |  -0.039 |   2.431 |   7.236 |  13.956
   1 |   0.176 |   2.062 |   6.007 |  11.839 |  19.512
   2 |   0.888 |   4.136 |   9.077 |  15.857 |  24.459
   3 |   1.746 |   6.172 |  12.109 |  19.838 |  29.368
   4 |   2.795 |   8.356 |  15.274 |  23.946 |  34.401
   5 |   4.041 |  10.732 |  18.626 |  28.238 |  39.616
   6 |   5.484 |  13.313 |  22.184 |  32.737 |  45.038
   7 |   7.123 |  16.105 |  25.958 |  37.453 |  50.678
 

Orbital occupations (2l+1) * f_{nl} :
 
     |   n=l+1 |       2 |       3 |       4 |       5
-----+---------+---------+---------+---------+---------
 l=0 |   1.737 |   0.279 |   0.024 |   0.000 |   0.000
   1 |   0.689 |   0.106 |   0.002 |   0.000 |   0.000
   2 |   0.580 |   0.021 |   0.000 |   0.000 |   0.000
   3 |   0.343 |   0.003 |   0.000 |   0.000 |   0.000
   4 |   0.149 |   0.000 |   0.000 |   0.000 |   0.000
   5 |   0.050 |   0.000 |   0.000 |   0.000 |   0.000
   6 |   0.013 |   0.000 |   0.000 |   0.000 |   0.000
   7 |   0.003 |   0.000 |   0.000 |   0.000 |   0.000
 

func:'CalcEnergy' took: 34.5646 sec
