Starting SCF energy calculation
 
iscf   E_free (Ha)    dE (1.0e-05)   dn (1.0e-04)   dv (1.0e-04)
-----------------------------------------------------------------
   0    -14.5480079      1.000e+00      9.998e-01      1.000e+00
   1    -15.1883819      4.216e-02      2.815e-01      1.005e-01
   2    -15.2014775      8.615e-04      2.804e-02      7.783e-03
   3    -15.2018561      2.490e-05      2.918e-03      2.379e-03
   4    -15.2018907      2.272e-06      8.713e-04      7.299e-04
   5    -15.2018940      2.208e-07      2.597e-04      2.258e-04
   6    -15.2018944      2.695e-08      7.746e-05      7.058e-05
-----------------------------------------------------------------
SCF cycle converged
 
Final energies (Ha)
 
---------------------------------------------
Kinetic energy                 :    14.2362
    orbitals                   :    14.2362
    unbound ideal approx.      :     0.0000
Electron-nuclear energy        :   -34.3540
Hartree energy                 :     7.8952
Exchange-correlation energy    :    -2.7381
    exchange                   :    -2.4924
    correlation                :    -0.2456
---------------------------------------------
Total energy                   :   -14.9607
---------------------------------------------
Entropy                        :     3.2817
    orbitals                   :     3.2817
    unbound ideal approx.      :     0.0000
---------------------------------------------
Total free energy              :   -15.2019
---------------------------------------------

Chemical potential             :   0.037
Mean ionization state          :   0.637
 
Orbital eigenvalues (Ha) :
 
     |   n=l+1 |       2 |       3 |       4 |       5
-----+---------+---------+---------+---------+---------
 l=0 |  -3.241 |  -0.018 |   2.527 |   7.345 |  14.073
   1 |   0.194 |   2.158 |   6.110 |  11.952 |  19.631
   2 |   0.893 |   4.191 |   9.156 |  15.949 |  24.561
   3 |   1.749 |   6.206 |  12.171 |  19.914 |  29.456
   4 |   2.798 |   8.378 |  15.324 |  24.011 |  34.477
   5 |   4.044 |  10.746 |  18.666 |  28.294 |  39.683
   6 |   5.487 |  13.322 |  22.217 |  32.785 |  45.098
   7 |   7.126 |  16.111 |  25.984 |  37.495 |  50.732
 

Orbital occupations (2l+1) * f_{nl} :
 
     |   n=l+1 |       2 |       3 |       4 |       5
-----+---------+---------+---------+---------+---------
 l=0 |   2.000 |   1.363 |   0.000 |   0.000 |   0.000
   1 |   0.637 |   0.000 |   0.000 |   0.000 |   0.000
   2 |   0.000 |   0.000 |   0.000 |   0.000 |   0.000
   3 |   0.000 |   0.000 |   0.000 |   0.000 |   0.000
   4 |   0.000 |   0.000 |   0.000 |   0.000 |   0.000
   5 |   0.000 |   0.000 |   0.000 |   0.000 |   0.000
   6 |   0.000 |   0.000 |   0.000 |   0.000 |   0.000
   7 |   0.000 |   0.000 |   0.000 |   0.000 |   0.000
 

func:'CalcEnergy' took: 32.5738 sec
