Starting SCF energy calculation
 
iscf   E_free (Ha)    dE (1.0e-05)   dn (1.0e-04)   dv (1.0e-04)
-----------------------------------------------------------------
   0    -25.3968078      1.000e+00      9.998e-01      1.000e+00
   1    -25.9695375      2.205e-02      3.827e-01      2.268e-01
   2    -26.0750467      4.046e-03      1.621e-01      6.886e-02
   3    -26.1026713      1.058e-03      4.279e-02      9.478e-03
   4    -26.1031051      1.662e-05      5.630e-03      1.390e-03
   5    -26.1031092      1.556e-07      7.189e-04      2.525e-04
   6    -26.1031090      7.539e-09      9.687e-05      6.208e-05
-----------------------------------------------------------------
SCF cycle converged
 
Final energies (Ha)
 
---------------------------------------------
Kinetic energy                 :    14.9599
    orbitals                   :    14.9599
    unbound ideal approx.      :     0.0000
Electron-nuclear energy        :   -27.1232
Hartree energy                 :     6.0025
Exchange-correlation energy    :    -2.2111
    exchange                   :    -1.9815
    correlation                :    -0.2296
---------------------------------------------
Total energy                   :    -8.3719
---------------------------------------------
Entropy                        :    12.6971
    orbitals                   :    12.6971
    unbound ideal approx.      :     0.0000
---------------------------------------------
Total free energy              :   -26.1031
---------------------------------------------

Chemical potential             :  -3.014
Mean ionization state          :   2.428
 
Orbital eigenvalues (Ha) :
 
     |   n=l+1 |       2 |       3 |       4 |       5
-----+---------+---------+---------+---------+---------
 l=0 |  -4.049 |  -0.077 |   2.295 |   7.082 |  13.790
   1 |   0.139 |   1.924 |   5.859 |  11.678 |  19.343
   2 |   0.872 |   4.049 |   8.962 |  15.723 |  24.312
   3 |   1.735 |   6.109 |  12.016 |  19.726 |  29.241
   4 |   2.787 |   8.307 |  15.196 |  23.850 |  34.290
   5 |   4.034 |  10.693 |  18.559 |  28.153 |  39.517
   6 |   5.478 |  13.281 |  22.126 |  32.661 |  44.948
   7 |   7.117 |  16.079 |  25.906 |  37.384 |  50.596
 

Orbital occupations (2l+1) * f_{nl} :
 
     |   n=l+1 |       2 |       3 |       4 |       5
-----+---------+---------+---------+---------+---------
 l=0 |   1.354 |   0.217 |   0.044 |   0.001 |   0.000
   1 |   0.568 |   0.170 |   0.010 |   0.000 |   0.000
   2 |   0.583 |   0.063 |   0.002 |   0.000 |   0.000
   3 |   0.452 |   0.020 |   0.000 |   0.000 |   0.000
   4 |   0.278 |   0.005 |   0.000 |   0.000 |   0.000
   5 |   0.140 |   0.001 |   0.000 |   0.000 |   0.000
   6 |   0.059 |   0.000 |   0.000 |   0.000 |   0.000
   7 |   0.021 |   0.000 |   0.000 |   0.000 |   0.000
 

func:'CalcEnergy' took: 31.7826 sec
