Starting SCF energy calculation
 
iscf   E_free (Ha)    dE (1.0e-05)   dn (1.0e-04)   dv (1.0e-04)
-----------------------------------------------------------------
   0    -23.5643736      1.000e+00      9.998e-01      1.000e+00
   1    -24.1550341      2.445e-02      3.908e-01      2.348e-01
   2    -24.2756758      4.970e-03      1.687e-01      7.399e-02
   3    -24.3068111      1.281e-03      4.449e-02      1.021e-02
   4    -24.3073309      2.138e-05      5.922e-03      1.472e-03
   5    -24.3073392      3.392e-07      7.333e-04      2.700e-04
   6    -24.3073395      1.330e-08      9.686e-05      6.852e-05
-----------------------------------------------------------------
SCF cycle converged
 
Final energies (Ha)
 
---------------------------------------------
Kinetic energy                 :    14.9284
    orbitals                   :    14.9284
    unbound ideal approx.      :     0.0000
Electron-nuclear energy        :   -28.5048
Hartree energy                 :     6.3151
Exchange-correlation energy    :    -2.3058
    exchange                   :    -2.0732
    correlation                :    -0.2326
---------------------------------------------
Total energy                   :    -9.5671
---------------------------------------------
Entropy                        :    11.7971
    orbitals                   :    11.7971
    unbound ideal approx.      :     0.0000
---------------------------------------------
Total free energy              :   -24.3073
---------------------------------------------

Chemical potential             :  -2.588
Mean ionization state          :   2.286
 
Orbital eigenvalues (Ha) :
 
     |   n=l+1 |       2 |       3 |       4 |       5
-----+---------+---------+---------+---------+---------
 l=0 |  -3.894 |  -0.064 |   2.340 |   7.133 |  13.845
   1 |   0.152 |   1.970 |   5.908 |  11.731 |  19.398
   2 |   0.877 |   4.078 |   9.000 |  15.767 |  24.361
   3 |   1.739 |   6.130 |  12.047 |  19.763 |  29.283
   4 |   2.790 |   8.324 |  15.222 |  23.882 |  34.327
   5 |   4.037 |  10.706 |  18.581 |  28.182 |  39.550
   6 |   5.480 |  13.292 |  22.145 |  32.686 |  44.978
   7 |   7.119 |  16.088 |  25.924 |  37.407 |  50.624
 

Orbital occupations (2l+1) * f_{nl} :
 
     |   n=l+1 |       2 |       3 |       4 |       5
-----+---------+---------+---------+---------+---------
 l=0 |   1.480 |   0.234 |   0.038 |   0.001 |   0.000
   1 |   0.602 |   0.152 |   0.007 |   0.000 |   0.000
   2 |   0.588 |   0.048 |   0.001 |   0.000 |   0.000
   3 |   0.425 |   0.013 |   0.000 |   0.000 |   0.000
   4 |   0.240 |   0.003 |   0.000 |   0.000 |   0.000
   5 |   0.109 |   0.001 |   0.000 |   0.000 |   0.000
   6 |   0.041 |   0.000 |   0.000 |   0.000 |   0.000
   7 |   0.013 |   0.000 |   0.000 |   0.000 |   0.000
 

func:'CalcEnergy' took: 31.4892 sec
