Starting SCF energy calculation
 
iscf   E_free (Ha)    dE (1.0e-05)   dn (1.0e-04)   dv (1.0e-04)
-----------------------------------------------------------------
   0    -21.9096323      1.000e+00      9.998e-01      1.000e+00
   1    -22.4989590      2.619e-02      3.793e-01      2.294e-01
   2    -22.6133811      5.060e-03      1.590e-01      7.213e-02
   3    -22.6412502      1.231e-03      4.026e-02      1.071e-02
   4    -22.6417849      2.361e-05      5.871e-03      1.607e-03
   5    -22.6417923      3.273e-07      7.643e-04      2.984e-04
   6    -22.6417923      6.933e-10      1.050e-04      7.503e-05
   7    -22.6417923      3.826e-10      1.757e-05      2.412e-05
-----------------------------------------------------------------
SCF cycle converged
 
Final energies (Ha)
 
---------------------------------------------
Kinetic energy                 :    14.9349
    orbitals                   :    14.9349
    unbound ideal approx.      :     0.0000
Electron-nuclear energy        :   -29.8999
Hartree energy                 :     6.6544
Exchange-correlation energy    :    -2.4053
    exchange                   :    -2.1696
    correlation                :    -0.2356
---------------------------------------------
Total energy                   :   -10.7159
---------------------------------------------
Entropy                        :    10.8173
    orbitals                   :    10.8173
    unbound ideal approx.      :     0.0000
---------------------------------------------
Total free energy              :   -22.6418
---------------------------------------------

Chemical potential             :  -2.175
Mean ionization state          :   2.137
 
Orbital eigenvalues (Ha) :
 
     |   n=l+1 |       2 |       3 |       4 |       5
-----+---------+---------+---------+---------+---------
 l=0 |  -3.736 |  -0.051 |   2.386 |   7.185 |  13.901
   1 |   0.164 |   2.016 |   5.958 |  11.786 |  19.456
   2 |   0.883 |   4.107 |   9.039 |  15.813 |  24.410
   3 |   1.742 |   6.151 |  12.078 |  19.801 |  29.326
   4 |   2.793 |   8.340 |  15.249 |  23.915 |  34.365
   5 |   4.039 |  10.719 |  18.604 |  28.210 |  39.584
   6 |   5.482 |  13.303 |  22.165 |  32.712 |  45.009
   7 |   7.121 |  16.097 |  25.941 |  37.430 |  50.651
 

Orbital occupations (2l+1) * f_{nl} :
 
     |   n=l+1 |       2 |       3 |       4 |       5
-----+---------+---------+---------+---------+---------
 l=0 |   1.609 |   0.254 |   0.031 |   0.000 |   0.000
   1 |   0.642 |   0.131 |   0.004 |   0.000 |   0.000
   2 |   0.588 |   0.033 |   0.000 |   0.000 |   0.000
   3 |   0.390 |   0.007 |   0.000 |   0.000 |   0.000
   4 |   0.197 |   0.001 |   0.000 |   0.000 |   0.000
   5 |   0.078 |   0.000 |   0.000 |   0.000 |   0.000
   6 |   0.025 |   0.000 |   0.000 |   0.000 |   0.000
   7 |   0.007 |   0.000 |   0.000 |   0.000 |   0.000
 

func:'CalcEnergy' took: 36.2077 sec
