Starting SCF energy calculation
 
iscf   E_free (Ha)    dE (1.0e-05)   dn (1.0e-04)   dv (1.0e-04)
-----------------------------------------------------------------
   0    -27.3976028      1.000e+00      9.998e-01      1.000e+00
   1    -27.9213812      1.876e-02      3.600e-01      2.097e-01
   2    -28.0150164      3.342e-03      1.452e-01      5.984e-02
   3    -28.0362330      7.568e-04      3.723e-02      8.678e-03
   4    -28.0366282      1.410e-05      5.153e-03      1.339e-03
   5    -28.0366358      2.740e-07      7.120e-04      2.430e-04
   6    -28.0366362      1.140e-08      1.020e-04      5.658e-05
   7    -28.0366362      2.591e-09      1.631e-05      1.679e-05
-----------------------------------------------------------------
SCF cycle converged
 
Final energies (Ha)
 
---------------------------------------------
Kinetic energy                 :    15.0398
    orbitals                   :    15.0398
    unbound ideal approx.      :     0.0000
Electron-nuclear energy        :   -25.7889
Hartree energy                 :     5.7221
Exchange-correlation energy    :    -2.1235
    exchange                   :    -1.8966
    correlation                :    -0.2269
---------------------------------------------
Total energy                   :    -7.1506
---------------------------------------------
Entropy                        :    13.5319
    orbitals                   :    13.5319
    unbound ideal approx.      :     0.0000
---------------------------------------------
Total free energy              :   -28.0366
---------------------------------------------

Chemical potential             :  -3.455
Mean ionization state          :   2.561
 
Orbital eigenvalues (Ha) :
 
     |   n=l+1 |       2 |       3 |       4 |       5
-----+---------+---------+---------+---------+---------
 l=0 |  -4.198 |  -0.089 |   2.252 |   7.034 |  13.738
   1 |   0.126 |   1.881 |   5.812 |  11.627 |  19.290
   2 |   0.867 |   4.020 |   8.926 |  15.681 |  24.266
   3 |   1.732 |   6.088 |  11.987 |  19.690 |  29.201
   4 |   2.784 |   8.292 |  15.172 |  23.819 |  34.255
   5 |   4.032 |  10.680 |  18.538 |  28.126 |  39.486
   6 |   5.476 |  13.271 |  22.107 |  32.636 |  44.920
   7 |   7.115 |  16.070 |  25.890 |  37.362 |  50.570
 

Orbital occupations (2l+1) * f_{nl} :
 
     |   n=l+1 |       2 |       3 |       4 |       5
-----+---------+---------+---------+---------+---------
 l=0 |   1.236 |   0.203 |   0.048 |   0.002 |   0.000
   1 |   0.537 |   0.183 |   0.015 |   0.000 |   0.000
   2 |   0.573 |   0.078 |   0.003 |   0.000 |   0.000
   3 |   0.470 |   0.029 |   0.001 |   0.000 |   0.000
   4 |   0.311 |   0.009 |   0.000 |   0.000 |   0.000
   5 |   0.171 |   0.002 |   0.000 |   0.000 |   0.000
   6 |   0.080 |   0.001 |   0.000 |   0.000 |   0.000
   7 |   0.032 |   0.000 |   0.000 |   0.000 |   0.000
 

func:'CalcEnergy' took: 33.7784 sec
