Starting SCF energy calculation
 
iscf   E_free (Ha)    dE (1.0e-05)   dn (1.0e-04)   dv (1.0e-04)
-----------------------------------------------------------------
   0    -29.5243307      1.000e+00      9.998e-01      1.000e+00
   1    -29.9949788      1.569e-02      3.288e-01      1.878e-01
   2    -30.0603619      2.175e-03      1.238e-01      4.960e-02
   3    -30.0746133      4.739e-04      3.016e-02      7.815e-03
   4    -30.0749115      9.916e-06      4.551e-03      1.295e-03
   5    -30.0749154      1.282e-07      6.951e-04      2.396e-04
   6    -30.0749151      8.580e-09      1.085e-04      5.318e-05
   7    -30.0749151      1.434e-09      1.797e-05      1.460e-05
-----------------------------------------------------------------
SCF cycle converged
 
Final energies (Ha)
 
---------------------------------------------
Kinetic energy                 :    15.1730
    orbitals                   :    15.1730
    unbound ideal approx.      :     0.0000
Electron-nuclear energy        :   -24.5210
Hartree energy                 :     5.4747
Exchange-correlation energy    :    -2.0438
    exchange                   :    -1.8193
    correlation                :    -0.2245
---------------------------------------------
Total energy                   :    -5.9172
---------------------------------------------
Entropy                        :    14.2906
    orbitals                   :    14.2906
    unbound ideal approx.      :     0.0000
---------------------------------------------
Total free energy              :   -30.0749
---------------------------------------------

Chemical potential             :  -3.908
Mean ionization state          :   2.683
 
Orbital eigenvalues (Ha) :
 
     |   n=l+1 |       2 |       3 |       4 |       5
-----+---------+---------+---------+---------+---------
 l=0 |  -4.337 |  -0.101 |   2.212 |   6.989 |  13.690
   1 |   0.114 |   1.840 |   5.768 |  11.580 |  19.240
   2 |   0.862 |   3.994 |   8.892 |  15.641 |  24.223
   3 |   1.728 |   6.069 |  11.959 |  19.657 |  29.164
   4 |   2.782 |   8.277 |  15.148 |  23.790 |  34.222
   5 |   4.030 |  10.668 |  18.518 |  28.101 |  39.456
   6 |   5.474 |  13.261 |  22.090 |  32.614 |  44.893
   7 |   7.114 |  16.062 |  25.874 |  37.341 |  50.546
 

Orbital occupations (2l+1) * f_{nl} :
 
     |   n=l+1 |       2 |       3 |       4 |       5
-----+---------+---------+---------+---------+---------
 l=0 |   1.126 |   0.190 |   0.052 |   0.003 |   0.000
   1 |   0.509 |   0.194 |   0.020 |   0.001 |   0.000
   2 |   0.562 |   0.092 |   0.005 |   0.000 |   0.000
   3 |   0.482 |   0.038 |   0.001 |   0.000 |   0.000
   4 |   0.338 |   0.013 |   0.000 |   0.000 |   0.000
   5 |   0.199 |   0.004 |   0.000 |   0.000 |   0.000
   6 |   0.101 |   0.001 |   0.000 |   0.000 |   0.000
   7 |   0.044 |   0.000 |   0.000 |   0.000 |   0.000
 

func:'CalcEnergy' took: 35.5702 sec
