Starting SCF energy calculation
 
iscf   E_free (Ha)    dE (1.0e-05)   dn (1.0e-04)   dv (1.0e-04)
-----------------------------------------------------------------
   0    -36.5140998      1.000e+00      9.998e-01      1.000e+00
   1    -36.8034187      7.861e-03      2.295e-01      1.210e-01
   2    -36.8303314      7.307e-04      6.500e-02      2.421e-02
   3    -36.8333835      8.286e-05      1.254e-02      5.038e-03
   4    -36.8335165      3.612e-06      2.539e-03      1.067e-03
   5    -36.8335239      1.988e-07      5.212e-04      2.323e-04
   6    -36.8335246      1.911e-08      1.076e-04      5.291e-05
   7    -36.8335247      3.378e-09      2.238e-05      1.292e-05
-----------------------------------------------------------------
SCF cycle converged
 
Final energies (Ha)
 
---------------------------------------------
Kinetic energy                 :    15.8998
    orbitals                   :    15.8998
    unbound ideal approx.      :     0.0000
Electron-nuclear energy        :   -21.1942
Hartree energy                 :     4.9102
Exchange-correlation energy    :    -1.8521
    exchange                   :    -1.6337
    correlation                :    -0.2184
---------------------------------------------
Total energy                   :    -2.2364
---------------------------------------------
Entropy                        :    16.2317
    orbitals                   :    16.2317
    unbound ideal approx.      :     0.0000
---------------------------------------------
Total free energy              :   -36.8335
---------------------------------------------

Chemical potential             :  -5.348
Mean ionization state          :   2.993
 
Orbital eigenvalues (Ha) :
 
     |   n=l+1 |       2 |       3 |       4 |       5
-----+---------+---------+---------+---------+---------
 l=0 |  -4.694 |  -0.132 |   2.110 |   6.874 |  13.566
   1 |   0.080 |   1.736 |   5.657 |  11.460 |  19.114
   2 |   0.849 |   3.925 |   8.803 |  15.541 |  24.112
   3 |   1.720 |   6.019 |  11.887 |  19.571 |  29.068
   4 |   2.775 |   8.237 |  15.088 |  23.716 |  34.137
   5 |   4.025 |  10.637 |  18.466 |  28.035 |  39.380
   6 |   5.469 |  13.235 |  22.045 |  32.555 |  44.824
   7 |   7.110 |  16.040 |  25.834 |  37.288 |  50.482
 

Orbital occupations (2l+1) * f_{nl} :
 
     |   n=l+1 |       2 |       3 |       4 |       5
-----+---------+---------+---------+---------+---------
 l=0 |   0.848 |   0.159 |   0.059 |   0.006 |   0.000
   1 |   0.436 |   0.209 |   0.034 |   0.002 |   0.000
   2 |   0.518 |   0.127 |   0.013 |   0.001 |   0.000
   3 |   0.490 |   0.067 |   0.004 |   0.000 |   0.000
   4 |   0.390 |   0.031 |   0.001 |   0.000 |   0.000
   5 |   0.268 |   0.012 |   0.000 |   0.000 |   0.000
   6 |   0.161 |   0.004 |   0.000 |   0.000 |   0.000
   7 |   0.087 |   0.001 |   0.000 |   0.000 |   0.000
 

func:'CalcEnergy' took: 36.0053 sec
