Starting SCF energy calculation
 
iscf   E_free (Ha)    dE (1.0e-05)   dn (1.0e-04)   dv (1.0e-04)
-----------------------------------------------------------------
   0    -34.0912807      1.000e+00      9.998e-01      1.000e+00
   1    -34.4329291      9.922e-03      2.608e-01      1.417e-01
   2    -34.4724362      1.146e-03      8.203e-02      3.125e-02
   3    -34.4776594      1.515e-04      1.727e-02      5.952e-03
   4    -34.4778232      4.751e-06      3.185e-03      1.164e-03
   5    -34.4778266      9.892e-08      5.967e-04      2.376e-04
   6    -34.4778264      7.424e-09      1.128e-04      5.228e-05
   7    -34.4778263      1.794e-09      2.162e-05      1.284e-05
-----------------------------------------------------------------
SCF cycle converged
 
Final energies (Ha)
 
---------------------------------------------
Kinetic energy                 :    15.6040
    orbitals                   :    15.6040
    unbound ideal approx.      :     0.0000
Electron-nuclear energy        :   -22.2205
Hartree energy                 :     5.0715
Exchange-correlation energy    :    -1.9085
    exchange                   :    -1.6882
    correlation                :    -0.2202
---------------------------------------------
Total energy                   :    -3.4534
---------------------------------------------
Entropy                        :    15.6337
    orbitals                   :    15.6337
    unbound ideal approx.      :     0.0000
---------------------------------------------
Total free energy              :   -34.4778
---------------------------------------------

Chemical potential             :  -4.855
Mean ionization state          :   2.899
 
Orbital eigenvalues (Ha) :
 
     |   n=l+1 |       2 |       3 |       4 |       5
-----+---------+---------+---------+---------+---------
 l=0 |  -4.586 |  -0.122 |   2.141 |   6.909 |  13.603
   1 |   0.090 |   1.768 |   5.691 |  11.496 |  19.152
   2 |   0.853 |   3.946 |   8.830 |  15.571 |  24.146
   3 |   1.723 |   6.034 |  11.909 |  19.597 |  29.097
   4 |   2.777 |   8.249 |  15.106 |  23.739 |  34.163
   5 |   4.026 |  10.646 |  18.482 |  28.055 |  39.403
   6 |   5.471 |  13.243 |  22.058 |  32.573 |  44.845
   7 |   7.111 |  16.047 |  25.847 |  37.304 |  50.502
 

Orbital occupations (2l+1) * f_{nl} :
 
     |   n=l+1 |       2 |       3 |       4 |       5
-----+---------+---------+---------+---------+---------
 l=0 |   0.932 |   0.169 |   0.057 |   0.005 |   0.000
   1 |   0.458 |   0.206 |   0.029 |   0.002 |   0.000
   2 |   0.533 |   0.117 |   0.010 |   0.000 |   0.000
   3 |   0.491 |   0.058 |   0.003 |   0.000 |   0.000
   4 |   0.376 |   0.024 |   0.001 |   0.000 |   0.000
   5 |   0.248 |   0.009 |   0.000 |   0.000 |   0.000
   6 |   0.142 |   0.003 |   0.000 |   0.000 |   0.000
   7 |   0.072 |   0.001 |   0.000 |   0.000 |   0.000
 

func:'CalcEnergy' took: 35.7533 sec
