Starting SCF energy calculation
 
iscf   E_free (Ha)    dE (1.0e-05)   dn (1.0e-04)   dv (1.0e-04)
-----------------------------------------------------------------
   0    -31.7698743      1.000e+00      9.998e-01      1.000e+00
   1    -32.1733551      1.254e-02      2.946e-01      1.644e-01
   2    -32.2279389      1.694e-03      1.020e-01      3.980e-02
   3    -32.2369702      2.802e-04      2.323e-02      6.895e-03
   4    -32.2372219      7.806e-06      3.875e-03      1.240e-03
   5    -32.2372296      2.413e-07      6.569e-04      2.391e-04
   6    -32.2372300      1.241e-08      1.129e-04      5.201e-05
   7    -32.2372301      2.098e-09      1.997e-05      1.331e-05
-----------------------------------------------------------------
SCF cycle converged
 
Final energies (Ha)
 
---------------------------------------------
Kinetic energy                 :    15.3612
    orbitals                   :    15.3612
    unbound ideal approx.      :     0.0000
Electron-nuclear energy        :   -23.3299
Hartree energy                 :     5.2587
Exchange-correlation energy    :    -1.9722
    exchange                   :    -1.7500
    correlation                :    -0.2222
---------------------------------------------
Total energy                   :    -4.6822
---------------------------------------------
Entropy                        :    14.9962
    orbitals                   :    14.9962
    unbound ideal approx.      :     0.0000
---------------------------------------------
Total free energy              :   -32.2372
---------------------------------------------

Chemical potential             :  -4.375
Mean ionization state          :   2.796
 
Orbital eigenvalues (Ha) :
 
     |   n=l+1 |       2 |       3 |       4 |       5
-----+---------+---------+---------+---------+---------
 l=0 |  -4.467 |  -0.112 |   2.175 |   6.947 |  13.645
   1 |   0.102 |   1.803 |   5.728 |  11.536 |  19.194
   2 |   0.857 |   3.969 |   8.860 |  15.605 |  24.182
   3 |   1.725 |   6.051 |  11.933 |  19.626 |  29.129
   4 |   2.779 |   8.263 |  15.127 |  23.763 |  34.191
   5 |   4.028 |  10.657 |  18.499 |  28.077 |  39.429
   6 |   5.472 |  13.252 |  22.073 |  32.592 |  44.868
   7 |   7.112 |  16.054 |  25.860 |  37.322 |  50.523
 

Orbital occupations (2l+1) * f_{nl} :
 
     |   n=l+1 |       2 |       3 |       4 |       5
-----+---------+---------+---------+---------+---------
 l=0 |   1.025 |   0.179 |   0.055 |   0.004 |   0.000
   1 |   0.483 |   0.201 |   0.024 |   0.001 |   0.000
   2 |   0.548 |   0.105 |   0.007 |   0.000 |   0.000
   3 |   0.488 |   0.048 |   0.002 |   0.000 |   0.000
   4 |   0.359 |   0.019 |   0.000 |   0.000 |   0.000
   5 |   0.225 |   0.006 |   0.000 |   0.000 |   0.000
   6 |   0.122 |   0.002 |   0.000 |   0.000 |   0.000
   7 |   0.058 |   0.000 |   0.000 |   0.000 |   0.000
 

func:'CalcEnergy' took: 36.0824 sec
