Starting SCF energy calculation
 
iscf   E_free (Ha)    dE (1.0e-05)   dn (1.0e-04)   dv (1.0e-04)
-----------------------------------------------------------------
   0    -41.5396752      1.000e+00      9.998e-01      1.000e+00
   1    -41.7435488      4.884e-03      1.773e-01      8.696e-02
   2    -41.7558477      2.945e-04      3.990e-02      1.427e-02
   3    -41.7567682      2.204e-05      6.346e-03      3.450e-03
   4    -41.7568251      1.363e-06      1.507e-03      8.411e-04
   5    -41.7568296      1.079e-07      3.605e-04      2.075e-04
   6    -41.7568302      1.382e-08      8.651e-05      5.210e-05
-----------------------------------------------------------------
SCF cycle converged
 
Final energies (Ha)
 
---------------------------------------------
Kinetic energy                 :    16.6388
    orbitals                   :    16.6388
    unbound ideal approx.      :     0.0000
Electron-nuclear energy        :   -19.3863
Hartree energy                 :     4.6530
Exchange-correlation energy    :    -1.7594
    exchange                   :    -1.5440
    correlation                :    -0.2155
---------------------------------------------
Total energy                   :     0.1462
---------------------------------------------
Entropy                        :    17.2764
    orbitals                   :    17.2764
    unbound ideal approx.      :     0.0000
---------------------------------------------
Total free energy              :   -41.7568
---------------------------------------------

Chemical potential             :  -6.371
Mean ionization state          :   3.155
 
Orbital eigenvalues (Ha) :
 
     |   n=l+1 |       2 |       3 |       4 |       5
-----+---------+---------+---------+---------+---------
 l=0 |  -4.880 |  -0.149 |   2.057 |   6.814 |  13.502
   1 |   0.060 |   1.681 |   5.598 |  11.397 |  19.048
   2 |   0.843 |   3.888 |   8.757 |  15.487 |  24.054
   3 |   1.716 |   5.992 |  11.849 |  19.526 |  29.017
   4 |   2.772 |   8.216 |  15.056 |  23.676 |  34.092
   5 |   4.022 |  10.620 |  18.438 |  28.000 |  39.339
   6 |   5.467 |  13.221 |  22.021 |  32.523 |  44.787
   7 |   7.108 |  16.029 |  25.813 |  37.260 |  50.449
 

Orbital occupations (2l+1) * f_{nl} :
 
     |   n=l+1 |       2 |       3 |       4 |       5
-----+---------+---------+---------+---------+---------
 l=0 |   0.702 |   0.143 |   0.060 |   0.009 |   0.001
   1 |   0.395 |   0.209 |   0.043 |   0.004 |   0.000
   2 |   0.486 |   0.143 |   0.020 |   0.001 |   0.000
   3 |   0.482 |   0.085 |   0.008 |   0.000 |   0.000
   4 |   0.406 |   0.044 |   0.003 |   0.000 |   0.000
   5 |   0.299 |   0.020 |   0.001 |   0.000 |   0.000
   6 |   0.196 |   0.008 |   0.000 |   0.000 |   0.000
   7 |   0.115 |   0.003 |   0.000 |   0.000 |   0.000
 

func:'CalcEnergy' took: 32.8777 sec
