Starting SCF energy calculation
 
iscf   E_free (Ha)    dE (1.0e-05)   dn (1.0e-04)   dv (1.0e-04)
-----------------------------------------------------------------
   0    -15.1295644      1.000e+00      9.998e-01      1.000e+00
   1    -15.8059509      4.279e-02      2.982e-01      1.132e-01
   2    -15.8221690      1.025e-03      3.053e-02      9.751e-03
   3    -15.8226854      3.263e-05      3.339e-03      2.939e-03
   4    -15.8227312      2.895e-06      9.814e-04      8.900e-04
   5    -15.8227356      2.755e-07      2.877e-04      2.720e-04
   6    -15.8227361      3.188e-08      8.442e-05      8.418e-05
-----------------------------------------------------------------
SCF cycle converged
 
Final energies (Ha)
 
---------------------------------------------
Kinetic energy                 :    14.2496
    orbitals                   :    14.2496
    unbound ideal approx.      :     0.0000
Electron-nuclear energy        :   -34.1581
Hartree energy                 :     7.8713
Exchange-correlation energy    :    -2.7226
    exchange                   :    -2.4773
    correlation                :    -0.2453
---------------------------------------------
Total energy                   :   -14.7599
---------------------------------------------
Entropy                        :     4.8204
    orbitals                   :     4.8204
    unbound ideal approx.      :     0.0000
---------------------------------------------
Total free energy              :   -15.8227
---------------------------------------------

Chemical potential             :  -0.125
Mean ionization state          :   1.239
 
Orbital eigenvalues (Ha) :
 
     |   n=l+1 |       2 |       3 |       4 |       5
-----+---------+---------+---------+---------+---------
 l=0 |  -3.251 |  -0.018 |   2.525 |   7.343 |  14.071
   1 |   0.195 |   2.157 |   6.109 |  11.951 |  19.629
   2 |   0.894 |   4.191 |   9.155 |  15.949 |  24.561
   3 |   1.750 |   6.207 |  12.171 |  19.914 |  29.455
   4 |   2.799 |   8.379 |  15.324 |  24.011 |  34.477
   5 |   4.044 |  10.748 |  18.666 |  28.294 |  39.683
   6 |   5.487 |  13.324 |  22.217 |  32.785 |  45.098
   7 |   7.126 |  16.113 |  25.985 |  37.495 |  50.732
 

Orbital occupations (2l+1) * f_{nl} :
 
     |   n=l+1 |       2 |       3 |       4 |       5
-----+---------+---------+---------+---------+---------
 l=0 |   2.000 |   0.761 |   0.000 |   0.000 |   0.000
   1 |   1.138 |   0.000 |   0.000 |   0.000 |   0.000
   2 |   0.097 |   0.000 |   0.000 |   0.000 |   0.000
   3 |   0.003 |   0.000 |   0.000 |   0.000 |   0.000
   4 |   0.000 |   0.000 |   0.000 |   0.000 |   0.000
   5 |   0.000 |   0.000 |   0.000 |   0.000 |   0.000
   6 |   0.000 |   0.000 |   0.000 |   0.000 |   0.000
   7 |   0.000 |   0.000 |   0.000 |   0.000 |   0.000
 

func:'CalcEnergy' took: 32.7783 sec
