Starting SCF energy calculation
 
iscf   E_free (Ha)    dE (1.0e-05)   dn (1.0e-04)   dv (1.0e-04)
-----------------------------------------------------------------
   0    -38.9915399      1.000e+00      9.998e-01      1.000e+00
   1    -39.2327458      6.148e-03      2.015e-01      1.027e-01
   2    -39.2513159      4.731e-04      5.103e-02      1.861e-02
   3    -39.2529577      4.183e-05      8.960e-03      4.195e-03
   4    -39.2530358      1.989e-06      1.974e-03      9.567e-04
   5    -39.2530394      9.045e-08      4.397e-04      2.221e-04
   6    -39.2530395      3.228e-09      9.832e-05      5.302e-05
-----------------------------------------------------------------
SCF cycle converged
 
Final energies (Ha)
 
---------------------------------------------
Kinetic energy                 :    16.2458
    orbitals                   :    16.2458
    unbound ideal approx.      :     0.0000
Electron-nuclear energy        :   -20.2504
Hartree energy                 :     4.7717
Exchange-correlation energy    :    -1.8027
    exchange                   :    -1.5858
    correlation                :    -0.2169
---------------------------------------------
Total energy                   :    -1.0356
---------------------------------------------
Entropy                        :    16.7734
    orbitals                   :    16.7734
    unbound ideal approx.      :     0.0000
---------------------------------------------
Total free energy              :   -39.2530
---------------------------------------------

Chemical potential             :  -5.853
Mean ionization state          :   3.078
 
Orbital eigenvalues (Ha) :
 
     |   n=l+1 |       2 |       3 |       4 |       5
-----+---------+---------+---------+---------+---------
 l=0 |  -4.792 |  -0.141 |   2.082 |   6.842 |  13.532
   1 |   0.070 |   1.707 |   5.626 |  11.427 |  19.079
   2 |   0.846 |   3.906 |   8.779 |  15.513 |  24.082
   3 |   1.718 |   6.005 |  11.867 |  19.548 |  29.041
   4 |   2.774 |   8.226 |  15.071 |  23.695 |  34.113
   5 |   4.023 |  10.628 |  18.451 |  28.016 |  39.359
   6 |   5.468 |  13.228 |  22.032 |  32.538 |  44.804
   7 |   7.108 |  16.034 |  25.823 |  37.273 |  50.465
 

Orbital occupations (2l+1) * f_{nl} :
 
     |   n=l+1 |       2 |       3 |       4 |       5
-----+---------+---------+---------+---------+---------
 l=0 |   0.771 |   0.151 |   0.060 |   0.008 |   0.000
   1 |   0.415 |   0.210 |   0.039 |   0.003 |   0.000
   2 |   0.502 |   0.136 |   0.016 |   0.001 |   0.000
   3 |   0.487 |   0.076 |   0.006 |   0.000 |   0.000
   4 |   0.399 |   0.037 |   0.002 |   0.000 |   0.000
   5 |   0.285 |   0.016 |   0.001 |   0.000 |   0.000
   6 |   0.179 |   0.006 |   0.000 |   0.000 |   0.000
   7 |   0.101 |   0.002 |   0.000 |   0.000 |   0.000
 

func:'CalcEnergy' took: 30.9620 sec
