Starting SCF energy calculation
 
iscf   E_free (Ha)    dE (1.0e-05)   dn (1.0e-04)   dv (1.0e-04)
-----------------------------------------------------------------
   0    -49.5500991      1.000e+00      9.998e-01      1.000e+00
   1    -49.6770120      2.555e-03      1.246e-01      5.346e-02
   2    -49.6804682      6.957e-05      1.925e-02      6.517e-03
   3    -49.6806413      3.484e-06      2.245e-03      1.853e-03
   4    -49.6806619      4.154e-07      6.310e-04      5.284e-04
   5    -49.6806655      7.272e-08      1.779e-04      1.513e-04
   6    -49.6806664      1.710e-08      5.023e-05      4.361e-05
-----------------------------------------------------------------
SCF cycle converged
 
Final energies (Ha)
 
---------------------------------------------
Kinetic energy                 :    18.0626
    orbitals                   :    18.0626
    unbound ideal approx.      :     0.0000
Electron-nuclear energy        :   -17.2319
Hartree energy                 :     4.3905
Exchange-correlation energy    :    -1.6607
    exchange                   :    -1.4485
    correlation                :    -0.2122
---------------------------------------------
Total energy                   :     3.5605
---------------------------------------------
Entropy                        :    18.5739
    orbitals                   :    18.5739
    unbound ideal approx.      :     0.0000
---------------------------------------------
Total free energy              :   -49.6807
---------------------------------------------

Chemical potential             :  -7.991
Mean ionization state          :   3.344
 
Orbital eigenvalues (Ha) :
 
     |   n=l+1 |       2 |       3 |       4 |       5
-----+---------+---------+---------+---------+---------
 l=0 |  -5.092 |  -0.168 |   1.997 |   6.745 |  13.429
   1 |   0.037 |   1.618 |   5.530 |  11.326 |  18.973
   2 |   0.835 |   3.845 |   8.702 |  15.426 |  23.988
   3 |   1.712 |   5.960 |  11.805 |  19.473 |  28.959
   4 |   2.769 |   8.192 |  15.019 |  23.630 |  34.040
   5 |   4.020 |  10.600 |  18.407 |  27.959 |  39.292
   6 |   5.465 |  13.205 |  21.993 |  32.487 |  44.744
   7 |   7.106 |  16.015 |  25.789 |  37.227 |  50.409
 

Orbital occupations (2l+1) * f_{nl} :
 
     |   n=l+1 |       2 |       3 |       4 |       5
-----+---------+---------+---------+---------+---------
 l=0 |   0.533 |   0.123 |   0.060 |   0.012 |   0.001
   1 |   0.344 |   0.203 |   0.053 |   0.007 |   0.000
   2 |   0.440 |   0.158 |   0.029 |   0.003 |   0.000
   3 |   0.459 |   0.107 |   0.014 |   0.001 |   0.000
   4 |   0.412 |   0.063 |   0.006 |   0.000 |   0.000
   5 |   0.328 |   0.034 |   0.002 |   0.000 |   0.000
   6 |   0.236 |   0.016 |   0.001 |   0.000 |   0.000
   7 |   0.154 |   0.007 |   0.000 |   0.000 |   0.000
 

func:'CalcEnergy' took: 32.5691 sec
