Starting SCF energy calculation
 
iscf   E_free (Ha)    dE (1.0e-05)   dn (1.0e-04)   dv (1.0e-04)
-----------------------------------------------------------------
   0    -44.1563216      1.000e+00      9.998e-01      1.000e+00
   1    -44.3282158      3.878e-03      1.567e-01      7.370e-02
   2    -44.3362951      1.822e-04      3.119e-02      1.094e-02
   3    -44.3368110      1.164e-05      4.480e-03      2.814e-03
   4    -44.3368513      9.094e-07      1.135e-03      7.279e-04
   5    -44.3368557      1.004e-07      2.890e-04      1.898e-04
   6    -44.3368565      1.729e-08      7.378e-05      5.009e-05
-----------------------------------------------------------------
SCF cycle converged
 
Final energies (Ha)
 
---------------------------------------------
Kinetic energy                 :    17.0752
    orbitals                   :    17.0752
    unbound ideal approx.      :     0.0000
Electron-nuclear energy        :   -18.5981
Hartree energy                 :     4.5515
Exchange-correlation energy    :    -1.7218
    exchange                   :    -1.5075
    correlation                :    -0.2142
---------------------------------------------
Total energy                   :     1.3068
---------------------------------------------
Entropy                        :    17.7433
    orbitals                   :    17.7433
    unbound ideal approx.      :     0.0000
---------------------------------------------
Total free energy              :   -44.3369
---------------------------------------------

Chemical potential             :  -6.900
Mean ionization state          :   3.225
 
Orbital eigenvalues (Ha) :
 
     |   n=l+1 |       2 |       3 |       4 |       5
-----+---------+---------+---------+---------+---------
 l=0 |  -4.959 |  -0.156 |   2.035 |   6.788 |  13.475
   1 |   0.052 |   1.658 |   5.573 |  11.371 |  19.020
   2 |   0.840 |   3.872 |   8.736 |  15.465 |  24.030
   3 |   1.714 |   5.980 |  11.833 |  19.507 |  28.996
   4 |   2.771 |   8.207 |  15.042 |  23.659 |  34.073
   5 |   4.021 |  10.612 |  18.427 |  27.985 |  39.322
   6 |   5.466 |  13.215 |  22.010 |  32.510 |  44.771
   7 |   7.107 |  16.023 |  25.804 |  37.248 |  50.434
 

Orbital occupations (2l+1) * f_{nl} :
 
     |   n=l+1 |       2 |       3 |       4 |       5
-----+---------+---------+---------+---------+---------
 l=0 |   0.640 |   0.136 |   0.060 |   0.010 |   0.001
   1 |   0.377 |   0.208 |   0.047 |   0.005 |   0.000
   2 |   0.470 |   0.150 |   0.023 |   0.002 |   0.000
   3 |   0.475 |   0.093 |   0.010 |   0.000 |   0.000
   4 |   0.410 |   0.051 |   0.004 |   0.000 |   0.000
   5 |   0.311 |   0.024 |   0.001 |   0.000 |   0.000
   6 |   0.211 |   0.010 |   0.000 |   0.000 |   0.000
   7 |   0.129 |   0.004 |   0.000 |   0.000 |   0.000
 

func:'CalcEnergy' took: 32.5994 sec
