Starting SCF energy calculation
 
iscf   E_free (Ha)    dE (1.0e-05)   dn (1.0e-04)   dv (1.0e-04)
-----------------------------------------------------------------
   0    -46.8207539      1.000e+00      9.998e-01      1.000e+00
   1    -46.9631174      3.031e-03      1.392e-01      6.263e-02
   2    -46.9685764      1.162e-04      2.444e-02      8.418e-03
   3    -46.9688488      5.799e-06      3.165e-03      2.285e-03
   4    -46.9688713      4.792e-07      8.476e-04      6.226e-04
   5    -46.9688737      5.181e-08      2.280e-04      1.707e-04
   6    -46.9688741      8.460e-09      6.143e-05      4.716e-05
-----------------------------------------------------------------
SCF cycle converged
 
Final energies (Ha)
 
---------------------------------------------
Kinetic energy                 :    17.5511
    orbitals                   :    17.5511
    unbound ideal approx.      :     0.0000
Electron-nuclear energy        :   -17.8816
Hartree energy                 :     4.4647
Exchange-correlation energy    :    -1.6891
    exchange                   :    -1.4759
    correlation                :    -0.2132
---------------------------------------------
Total energy                   :     2.4451
---------------------------------------------
Entropy                        :    18.1706
    orbitals                   :    18.1706
    unbound ideal approx.      :     0.0000
---------------------------------------------
Total free energy              :   -46.9689
---------------------------------------------

Chemical potential             :  -7.440
Mean ionization state          :   3.287
 
Orbital eigenvalues (Ha) :
 
     |   n=l+1 |       2 |       3 |       4 |       5
-----+---------+---------+---------+---------+---------
 l=0 |  -5.029 |  -0.162 |   2.015 |   6.765 |  13.450
   1 |   0.044 |   1.637 |   5.551 |  11.347 |  18.995
   2 |   0.837 |   3.858 |   8.718 |  15.444 |  24.008
   3 |   1.713 |   5.969 |  11.818 |  19.489 |  28.976
   4 |   2.770 |   8.199 |  15.030 |  23.644 |  34.055
   5 |   4.020 |  10.606 |  18.416 |  27.971 |  39.306
   6 |   5.466 |  13.210 |  22.001 |  32.498 |  44.757
   7 |   7.106 |  16.019 |  25.796 |  37.237 |  50.421
 

Orbital occupations (2l+1) * f_{nl} :
 
     |   n=l+1 |       2 |       3 |       4 |       5
-----+---------+---------+---------+---------+---------
 l=0 |   0.584 |   0.129 |   0.060 |   0.011 |   0.001
   1 |   0.360 |   0.206 |   0.050 |   0.006 |   0.000
   2 |   0.455 |   0.155 |   0.026 |   0.002 |   0.000
   3 |   0.467 |   0.100 |   0.012 |   0.001 |   0.000
   4 |   0.412 |   0.057 |   0.005 |   0.000 |   0.000
   5 |   0.321 |   0.029 |   0.002 |   0.000 |   0.000
   6 |   0.224 |   0.013 |   0.001 |   0.000 |   0.000
   7 |   0.142 |   0.005 |   0.000 |   0.000 |   0.000
 

func:'CalcEnergy' took: 32.0914 sec
