Starting SCF energy calculation
 
iscf   E_free (Ha)    dE (1.0e-05)   dn (1.0e-04)   dv (1.0e-04)
-----------------------------------------------------------------
   0    -52.3382832      1.000e+00      9.998e-01      1.000e+00
   1    -52.4490543      2.112e-03      1.123e-01      4.589e-02
   2    -52.4511925      4.077e-05      1.527e-02      5.083e-03
   3    -52.4513089      2.220e-06      1.603e-03      1.505e-03
   4    -52.4513274      3.518e-07      4.699e-04      4.464e-04
   5    -52.4513315      7.769e-08      1.380e-04      1.329e-04
   6    -52.4513326      2.066e-08      4.056e-05      3.975e-05
-----------------------------------------------------------------
SCF cycle converged
 
Final energies (Ha)
 
---------------------------------------------
Kinetic energy                 :    18.6058
    orbitals                   :    18.6058
    unbound ideal approx.      :     0.0000
Electron-nuclear energy        :   -16.6438
Hartree energy                 :     4.3269
Exchange-correlation energy    :    -1.6362
    exchange                   :    -1.4248
    correlation                :    -0.2114
---------------------------------------------
Total energy                   :     4.6528
---------------------------------------------
Entropy                        :    18.9498
    orbitals                   :    18.9498
    unbound ideal approx.      :     0.0000
---------------------------------------------
Total free energy              :   -52.4513
---------------------------------------------

Chemical potential             :  -8.553
Mean ionization state          :   3.395
 
Orbital eigenvalues (Ha) :
 
     |   n=l+1 |       2 |       3 |       4 |       5
-----+---------+---------+---------+---------+---------
 l=0 |  -5.147 |  -0.174 |   1.981 |   6.727 |  13.409
   1 |   0.030 |   1.601 |   5.513 |  11.307 |  18.954
   2 |   0.833 |   3.833 |   8.687 |  15.410 |  23.970
   3 |   1.710 |   5.951 |  11.793 |  19.459 |  28.943
   4 |   2.768 |   8.185 |  15.009 |  23.618 |  34.026
   5 |   4.019 |  10.594 |  18.398 |  27.948 |  39.280
   6 |   5.465 |  13.200 |  21.985 |  32.477 |  44.732
   7 |   7.105 |  16.011 |  25.782 |  37.218 |  50.399
 

Orbital occupations (2l+1) * f_{nl} :
 
     |   n=l+1 |       2 |       3 |       4 |       5
-----+---------+---------+---------+---------+---------
 l=0 |   0.488 |   0.117 |   0.059 |   0.012 |   0.001
   1 |   0.329 |   0.200 |   0.056 |   0.008 |   0.001
   2 |   0.425 |   0.161 |   0.033 |   0.004 |   0.000
   3 |   0.450 |   0.113 |   0.016 |   0.001 |   0.000
   4 |   0.411 |   0.069 |   0.007 |   0.000 |   0.000
   5 |   0.334 |   0.038 |   0.003 |   0.000 |   0.000
   6 |   0.246 |   0.019 |   0.001 |   0.000 |   0.000
   7 |   0.165 |   0.009 |   0.000 |   0.000 |   0.000
 

func:'CalcEnergy' took: 31.6791 sec
