Starting SCF energy calculation
 
iscf   E_free (Ha)    dE (1.0e-05)   dn (1.0e-04)   dv (1.0e-04)
-----------------------------------------------------------------
   0    -14.9351695      1.000e+00      9.998e-01      1.000e+00
   1    -15.5922342      4.214e-02      3.226e-01      1.391e-01
   2    -15.6304699      2.446e-03      3.730e-02      1.362e-02
   3    -15.6297318      4.722e-05      4.368e-03      3.956e-03
   4    -15.6293418      2.496e-05      1.245e-03      1.151e-03
   5    -15.6292149      8.117e-06      3.537e-04      3.373e-04
   6    -15.6291770      2.428e-06      1.007e-04      9.972e-05
   7    -15.6291658      7.162e-07      2.877e-05      2.981e-05
-----------------------------------------------------------------
SCF cycle converged
 
Final energies (Ha)
 
---------------------------------------------
Kinetic energy                 :    15.4258
    orbitals                   :    15.4258
    unbound ideal approx.      :     0.0000
Electron-nuclear energy        :   -34.6872
Hartree energy                 :     8.2306
Exchange-correlation energy    :    -2.7518
    exchange                   :    -2.5048
    correlation                :    -0.2469
---------------------------------------------
Total energy                   :   -13.7826
---------------------------------------------
Entropy                        :     5.0247
    orbitals                   :     5.0247
    unbound ideal approx.      :     0.0000
---------------------------------------------
Total free energy              :   -15.6292
---------------------------------------------

Chemical potential             :   0.115
Mean ionization state          :   1.998
 
Orbital eigenvalues (band limits) (Ha) :
 
     |   n=l+1 |       2 |       3 |       4 |       5
-----+---------+---------+---------+---------+---------
 l=0 |  -3.187 |  -0.036 |   2.525 |   7.348 |  14.077
   1 |   0.177 |   2.166 |   6.119 |  11.959 |  19.637
   2 |   0.875 |   4.181 |   9.159 |  15.955 |  24.568
   3 |   1.731 |   6.189 |  12.166 |  19.916 |  29.460
   4 |   2.781 |   8.356 |  15.313 |  24.008 |  34.479
   5 |   4.029 |  10.722 |  18.650 |  28.287 |  39.681
   6 |   5.473 |  13.297 |  22.197 |  32.774 |  45.092
   7 |   7.113 |  16.085 |  25.962 |  37.480 |  50.723
 
     |   n=l+1 |       2 |       3 |       4 |       5
-----+---------+---------+---------+---------+---------
 l=0 |  -3.186 |   1.120 |   4.897 |  10.675 |  18.327
   1 |   1.126 |   4.095 |   8.995 |  15.756 |  24.343
   2 |   2.593 |   6.642 |  12.520 |  20.223 |  29.738
   3 |   4.102 |   9.170 |  16.015 |  24.656 |  35.094
   4 |   5.787 |  11.847 |  19.645 |  29.218 |  40.576
   5 |   7.672 |  14.719 |  23.465 |  33.966 |  46.241
   6 |   9.762 |  17.801 |  27.493 |  38.923 |  52.114
   7 |  12.060 |  21.099 |  31.741 |  44.099 |  58.208
 

Weighted band occupations (sum over k pts) :
 
     |   n=l+1 |       2 |       3 |       4 |       5
-----+---------+---------+---------+---------+---------
 l=0 |   1.994 |   0.527 |   0.000 |   0.000 |   0.000
   1 |   1.240 |   0.003 |   0.000 |   0.000 |   0.000
   2 |   0.215 |   0.000 |   0.000 |   0.000 |   0.000
   3 |   0.020 |   0.000 |   0.000 |   0.000 |   0.000
   4 |   0.001 |   0.000 |   0.000 |   0.000 |   0.000
   5 |   0.000 |   0.000 |   0.000 |   0.000 |   0.000
   6 |   0.000 |   0.000 |   0.000 |   0.000 |   0.000
   7 |   0.000 |   0.000 |   0.000 |   0.000 |   0.000
 

func:'CalcEnergy' took: 89.2711 sec
