Starting SCF energy calculation
 
iscf   E_free (Ha)    dE (1.0e-05)   dn (1.0e-04)   dv (1.0e-04)
-----------------------------------------------------------------
   0    -16.7272207      1.000e+00      9.998e-01      1.000e+00
   1    -17.2969107      3.294e-02      2.945e-01      1.477e-01
   2    -17.3429337      2.654e-03      4.738e-02      1.990e-02
   3    -17.3426157      1.834e-05      6.465e-03      5.373e-03
   4    -17.3421803      2.511e-05      1.723e-03      1.445e-03
   5    -17.3420399      8.095e-06      4.489e-04      3.930e-04
   6    -17.3420005      2.272e-06      1.167e-04      1.089e-04
   7    -17.3419896      6.278e-07      3.058e-05      3.091e-05
-----------------------------------------------------------------
SCF cycle converged
 
Final energies (Ha)
 
---------------------------------------------
Kinetic energy                 :    15.9837
    orbitals                   :    15.9837
    unbound ideal approx.      :     0.0000
Electron-nuclear energy        :   -34.3236
Hartree energy                 :     8.1155
Exchange-correlation energy    :    -2.7225
    exchange                   :    -2.4765
    correlation                :    -0.2460
---------------------------------------------
Total energy                   :   -12.9469
---------------------------------------------
Entropy                        :     6.6443
    orbitals                   :     6.6443
    unbound ideal approx.      :     0.0000
---------------------------------------------
Total free energy              :   -17.3420
---------------------------------------------

Chemical potential             :  -0.438
Mean ionization state          :   2.030
 
Orbital eigenvalues (band limits) (Ha) :
 
     |   n=l+1 |       2 |       3 |       4 |       5
-----+---------+---------+---------+---------+---------
 l=0 |  -3.232 |  -0.043 |   2.511 |   7.331 |  14.059
   1 |   0.171 |   2.152 |   6.103 |  11.941 |  19.619
   2 |   0.870 |   4.172 |   9.145 |  15.940 |  24.552
   3 |   1.727 |   6.181 |  12.155 |  19.903 |  29.446
   4 |   2.777 |   8.350 |  15.303 |  23.996 |  34.466
   5 |   4.024 |  10.717 |  18.642 |  28.276 |  39.669
   6 |   5.469 |  13.292 |  22.190 |  32.764 |  45.081
   7 |   7.109 |  16.080 |  25.956 |  37.471 |  50.713
 
     |   n=l+1 |       2 |       3 |       4 |       5
-----+---------+---------+---------+---------+---------
 l=0 |  -3.231 |   1.108 |   4.881 |  10.657 |  18.308
   1 |   1.114 |   4.078 |   8.978 |  15.738 |  24.325
   2 |   2.585 |   6.629 |  12.505 |  20.207 |  29.721
   3 |   4.096 |   9.160 |  16.002 |  24.642 |  35.079
   4 |   5.781 |  11.839 |  19.634 |  29.205 |  40.562
   5 |   7.666 |  14.712 |  23.455 |  33.954 |  46.228
   6 |   9.757 |  17.795 |  27.485 |  38.912 |  52.102
   7 |  12.054 |  21.094 |  31.733 |  44.089 |  58.197
 

Weighted band occupations (sum over k pts) :
 
     |   n=l+1 |       2 |       3 |       4 |       5
-----+---------+---------+---------+---------+---------
 l=0 |   1.965 |   0.391 |   0.006 |   0.000 |   0.000
   1 |   1.011 |   0.035 |   0.000 |   0.000 |   0.000
   2 |   0.434 |   0.002 |   0.000 |   0.000 |   0.000
   3 |   0.126 |   0.000 |   0.000 |   0.000 |   0.000
   4 |   0.026 |   0.000 |   0.000 |   0.000 |   0.000
   5 |   0.004 |   0.000 |   0.000 |   0.000 |   0.000
   6 |   0.000 |   0.000 |   0.000 |   0.000 |   0.000
   7 |   0.000 |   0.000 |   0.000 |   0.000 |   0.000
 

func:'CalcEnergy' took: 89.9231 sec
