Starting SCF energy calculation
 
iscf   E_free (Ha)    dE (1.0e-05)   dn (1.0e-04)   dv (1.0e-04)
-----------------------------------------------------------------
   0    -15.7736261      1.000e+00      9.998e-01      1.000e+00
   1    -16.3891647      3.756e-02      3.046e-01      1.412e-01
   2    -16.4280574      2.367e-03      3.831e-02      1.504e-02
   3    -16.4274121      3.928e-05      4.688e-03      4.308e-03
   4    -16.4270214      2.378e-05      1.318e-03      1.234e-03
   5    -16.4268943      7.739e-06      3.676e-04      3.564e-04
   6    -16.4268567      2.287e-06      1.026e-04      1.041e-04
   7    -16.4268458      6.660e-07      2.878e-05      3.083e-05
-----------------------------------------------------------------
SCF cycle converged
 
Final energies (Ha)
 
---------------------------------------------
Kinetic energy                 :    15.7118
    orbitals                   :    15.7118
    unbound ideal approx.      :     0.0000
Electron-nuclear energy        :   -34.5964
Hartree energy                 :     8.2033
Exchange-correlation energy    :    -2.7447
    exchange                   :    -2.4979
    correlation                :    -0.2467
---------------------------------------------
Total energy                   :   -13.4259
---------------------------------------------
Entropy                        :     5.8328
    orbitals                   :     5.8328
    unbound ideal approx.      :     0.0000
---------------------------------------------
Total free energy              :   -16.4268
---------------------------------------------

Chemical potential             :  -0.139
Mean ionization state          :   2.005
 
Orbital eigenvalues (band limits) (Ha) :
 
     |   n=l+1 |       2 |       3 |       4 |       5
-----+---------+---------+---------+---------+---------
 l=0 |  -3.199 |  -0.039 |   2.521 |   7.343 |  14.072
   1 |   0.174 |   2.162 |   6.114 |  11.954 |  19.632
   2 |   0.873 |   4.178 |   9.154 |  15.951 |  24.563
   3 |   1.729 |   6.186 |  12.162 |  19.912 |  29.456
   4 |   2.779 |   8.354 |  15.309 |  24.005 |  34.475
   5 |   4.027 |  10.720 |  18.647 |  28.283 |  39.678
   6 |   5.471 |  13.295 |  22.195 |  32.770 |  45.089
   7 |   7.111 |  16.083 |  25.960 |  37.477 |  50.720
 
     |   n=l+1 |       2 |       3 |       4 |       5
-----+---------+---------+---------+---------+---------
 l=0 |  -3.198 |   1.116 |   4.892 |  10.670 |  18.321
   1 |   1.122 |   4.090 |   8.990 |  15.751 |  24.338
   2 |   2.590 |   6.638 |  12.515 |  20.218 |  29.733
   3 |   4.100 |   9.167 |  16.011 |  24.651 |  35.089
   4 |   5.785 |  11.845 |  19.642 |  29.214 |  40.571
   5 |   7.669 |  14.717 |  23.461 |  33.962 |  46.237
   6 |   9.760 |  17.799 |  27.490 |  38.919 |  52.110
   7 |  12.057 |  21.097 |  31.738 |  44.096 |  58.204
 

Weighted band occupations (sum over k pts) :
 
     |   n=l+1 |       2 |       3 |       4 |       5
-----+---------+---------+---------+---------+---------
 l=0 |   1.989 |   0.450 |   0.002 |   0.000 |   0.000
   1 |   1.123 |   0.016 |   0.000 |   0.000 |   0.000
   2 |   0.345 |   0.000 |   0.000 |   0.000 |   0.000
   3 |   0.066 |   0.000 |   0.000 |   0.000 |   0.000
   4 |   0.008 |   0.000 |   0.000 |   0.000 |   0.000
   5 |   0.001 |   0.000 |   0.000 |   0.000 |   0.000
   6 |   0.000 |   0.000 |   0.000 |   0.000 |   0.000
   7 |   0.000 |   0.000 |   0.000 |   0.000 |   0.000
 

func:'CalcEnergy' took: 91.0738 sec
