Starting SCF energy calculation
 
iscf   E_free (Ha)    dE (1.0e-05)   dn (1.0e-04)   dv (1.0e-04)
-----------------------------------------------------------------
   0    -13.7766696      1.000e+00      9.998e-01      1.000e+00
   1    -14.4626755      4.743e-02      3.328e-01      1.330e-01
   2    -14.4969434      2.364e-03      3.547e-02      1.166e-02
   3    -14.4963057      4.399e-05      3.968e-03      3.469e-03
   4    -14.4959732      2.294e-05      1.151e-03      1.036e-03
   5    -14.4958633      7.583e-06      3.329e-04      3.121e-04
   6    -14.4958298      2.311e-06      9.646e-05      9.500e-05
-----------------------------------------------------------------
SCF cycle converged
 
Final energies (Ha)
 
---------------------------------------------
Kinetic energy                 :    14.8260
    orbitals                   :    14.8260
    unbound ideal approx.      :     0.0000
Electron-nuclear energy        :   -34.5267
Hartree energy                 :     8.0932
Exchange-correlation energy    :    -2.7402
    exchange                   :    -2.4941
    correlation                :    -0.2462
---------------------------------------------
Total energy                   :   -14.3477
---------------------------------------------
Entropy                        :     2.0151
    orbitals                   :     2.0151
    unbound ideal approx.      :     0.0000
---------------------------------------------
Total free energy              :   -14.4958
---------------------------------------------

Chemical potential             :   0.420
Mean ionization state          :   1.992
 
Orbital eigenvalues (band limits) (Ha) :
 
     |   n=l+1 |       2 |       3 |       4 |       5
-----+---------+---------+---------+---------+---------
 l=0 |  -3.212 |  -0.031 |   2.524 |   7.345 |  14.073
   1 |   0.182 |   2.161 |   6.114 |  11.954 |  19.632
   2 |   0.881 |   4.183 |   9.156 |  15.951 |  24.563
   3 |   1.737 |   6.193 |  12.166 |  19.914 |  29.457
   4 |   2.787 |   8.363 |  15.315 |  24.008 |  34.476
   5 |   4.033 |  10.729 |  18.654 |  28.288 |  39.680
   6 |   5.477 |  13.305 |  22.203 |  32.776 |  45.093
   7 |   7.117 |  16.093 |  25.969 |  37.484 |  50.725
 
     |   n=l+1 |       2 |       3 |       4 |       5
-----+---------+---------+---------+---------+---------
 l=0 |  -3.211 |   1.123 |   4.896 |  10.672 |  18.323
   1 |   1.127 |   4.091 |   8.991 |  15.752 |  24.339
   2 |   2.599 |   6.642 |  12.516 |  20.219 |  29.733
   3 |   4.111 |   9.173 |  16.014 |  24.653 |  35.090
   4 |   5.796 |  11.852 |  19.646 |  29.217 |  40.573
   5 |   7.681 |  14.725 |  23.467 |  33.966 |  46.239
   6 |   9.771 |  17.808 |  27.497 |  38.924 |  52.113
   7 |  12.069 |  21.107 |  31.746 |  44.102 |  58.209
 

Weighted band occupations (sum over k pts) :
 
     |   n=l+1 |       2 |       3 |       4 |       5
-----+---------+---------+---------+---------+---------
 l=0 |   1.994 |   0.729 |   0.000 |   0.000 |   0.000
   1 |   1.277 |   0.000 |   0.000 |   0.000 |   0.000
   2 |   0.000 |   0.000 |   0.000 |   0.000 |   0.000
   3 |   0.000 |   0.000 |   0.000 |   0.000 |   0.000
   4 |   0.000 |   0.000 |   0.000 |   0.000 |   0.000
   5 |   0.000 |   0.000 |   0.000 |   0.000 |   0.000
   6 |   0.000 |   0.000 |   0.000 |   0.000 |   0.000
   7 |   0.000 |   0.000 |   0.000 |   0.000 |   0.000
 

func:'CalcEnergy' took: 81.0733 sec
