Starting SCF energy calculation
 
iscf   E_free (Ha)    dE (1.0e-05)   dn (1.0e-04)   dv (1.0e-04)
-----------------------------------------------------------------
   0    -17.7816748      1.000e+00      9.998e-01      1.000e+00
   1    -18.3200351      2.939e-02      3.002e-01      1.619e-01
   2    -18.3982971      4.254e-03      6.825e-02      2.957e-02
   3    -18.3828600      8.398e-04      1.288e-02      6.231e-03
   4    -18.3823801      2.610e-05      2.358e-03      1.474e-03
   5    -18.3822357      7.853e-06      5.397e-04      3.539e-04
   6    -18.3821993      1.980e-06      1.225e-04      8.742e-05
   7    -18.3821902      4.962e-07      2.830e-05      2.248e-05
-----------------------------------------------------------------
SCF cycle converged
 
Final energies (Ha)
 
---------------------------------------------
Kinetic energy                 :    16.1992
    orbitals                   :    16.1992
    unbound ideal approx.      :     0.0000
Electron-nuclear energy        :   -33.7567
Hartree energy                 :     7.9407
Exchange-correlation energy    :    -2.6760
    exchange                   :    -2.4315
    correlation                :    -0.2445
---------------------------------------------
Total energy                   :   -12.2927
---------------------------------------------
Entropy                        :     7.5319
    orbitals                   :     7.5319
    unbound ideal approx.      :     0.0000
---------------------------------------------
Total free energy              :   -18.3822
---------------------------------------------

Chemical potential             :  -0.769
Mean ionization state          :   2.080
 
Orbital eigenvalues (band limits) (Ha) :
 
     |   n=l+1 |       2 |       3 |       4 |       5
-----+---------+---------+---------+---------+---------
 l=0 |  -3.299 |  -0.050 |   2.491 |   7.308 |  14.034
   1 |   0.164 |   2.131 |   6.080 |  11.917 |  19.593
   2 |   0.866 |   4.159 |   9.127 |  15.919 |  24.529
   3 |   1.724 |   6.172 |  12.140 |  19.886 |  29.426
   4 |   2.774 |   8.343 |  15.291 |  23.981 |  34.448
   5 |   4.022 |  10.711 |  18.631 |  28.263 |  39.654
   6 |   5.466 |  13.287 |  22.181 |  32.752 |  45.067
   7 |   7.106 |  16.075 |  25.948 |  37.460 |  50.700
 
     |   n=l+1 |       2 |       3 |       4 |       5
-----+---------+---------+---------+---------+---------
 l=0 |  -3.297 |   1.092 |   4.858 |  10.633 |  18.282
   1 |   1.098 |   4.057 |   8.955 |  15.713 |  24.299
   2 |   2.576 |   6.613 |  12.486 |  20.185 |  29.698
   3 |   4.089 |   9.148 |  15.986 |  24.623 |  35.058
   4 |   5.776 |  11.829 |  19.621 |  29.189 |  40.544
   5 |   7.661 |  14.704 |  23.443 |  33.940 |  46.211
   6 |   9.752 |  17.788 |  27.474 |  38.899 |  52.087
   7 |  12.050 |  21.087 |  31.723 |  44.077 |  58.183
 

Weighted band occupations (sum over k pts) :
 
     |   n=l+1 |       2 |       3 |       4 |       5
-----+---------+---------+---------+---------+---------
 l=0 |   1.910 |   0.347 |   0.010 |   0.000 |   0.000
   1 |   0.921 |   0.059 |   0.000 |   0.000 |   0.000
   2 |   0.492 |   0.006 |   0.000 |   0.000 |   0.000
   3 |   0.187 |   0.001 |   0.000 |   0.000 |   0.000
   4 |   0.052 |   0.000 |   0.000 |   0.000 |   0.000
   5 |   0.011 |   0.000 |   0.000 |   0.000 |   0.000
   6 |   0.002 |   0.000 |   0.000 |   0.000 |   0.000
   7 |   0.000 |   0.000 |   0.000 |   0.000 |   0.000
 

func:'CalcEnergy' took: 91.3412 sec
