Starting SCF energy calculation
 
iscf   E_free (Ha)    dE (1.0e-05)   dn (1.0e-04)   dv (1.0e-04)
-----------------------------------------------------------------
   0    -18.9435045      1.000e+00      9.998e-01      1.000e+00
   1    -19.4710516      2.709e-02      3.188e-01      1.803e-01
   2    -19.5697323      5.043e-03      9.289e-02      3.983e-02
   3    -19.5738968      2.128e-04      1.771e-02      8.396e-03
   4    -19.5733532      2.777e-05      3.733e-03      1.741e-03
   5    -19.5731831      8.689e-06      7.320e-04      3.763e-04
   6    -19.5731446      1.967e-06      1.439e-04      8.769e-05
   7    -19.5731357      4.553e-07      2.961e-05      2.258e-05
-----------------------------------------------------------------
SCF cycle converged
 
Final energies (Ha)
 
---------------------------------------------
Kinetic energy                 :    16.3656
    orbitals                   :    16.3656
    unbound ideal approx.      :     0.0000
Electron-nuclear energy        :   -32.9350
Hartree energy                 :     7.6978
Exchange-correlation energy    :    -2.6096
    exchange                   :    -2.3672
    correlation                :    -0.2424
---------------------------------------------
Total energy                   :   -11.4812
---------------------------------------------
Entropy                        :     8.4689
    orbitals                   :     8.4689
    unbound ideal approx.      :     0.0000
---------------------------------------------
Total free energy              :   -19.5731
---------------------------------------------

Chemical potential             :  -1.121
Mean ionization state          :   2.161
 
Orbital eigenvalues (band limits) (Ha) :
 
     |   n=l+1 |       2 |       3 |       4 |       5
-----+---------+---------+---------+---------+---------
 l=0 |  -3.394 |  -0.059 |   2.462 |   7.274 |  13.999
   1 |   0.156 |   2.103 |   6.048 |  11.882 |  19.557
   2 |   0.861 |   4.142 |   9.102 |  15.891 |  24.498
   3 |   1.719 |   6.159 |  12.120 |  19.861 |  29.399
   4 |   2.770 |   8.333 |  15.274 |  23.960 |  34.424
   5 |   4.018 |  10.702 |  18.617 |  28.244 |  39.632
   6 |   5.463 |  13.279 |  22.169 |  32.736 |  45.047
   7 |   7.103 |  16.068 |  25.937 |  37.445 |  50.682
 
     |   n=l+1 |       2 |       3 |       4 |       5
-----+---------+---------+---------+---------+---------
 l=0 |  -3.393 |   1.069 |   4.827 |  10.598 |  18.246
   1 |   1.076 |   4.026 |   8.921 |  15.678 |  24.262
   2 |   2.564 |   6.591 |  12.459 |  20.155 |  29.665
   3 |   4.080 |   9.130 |  15.964 |  24.597 |  35.030
   4 |   5.769 |  11.815 |  19.601 |  29.166 |  40.518
   5 |   7.655 |  14.692 |  23.426 |  33.920 |  46.188
   6 |   9.746 |  17.777 |  27.459 |  38.881 |  52.066
   7 |  12.045 |  21.078 |  31.710 |  44.061 |  58.164
 

Weighted band occupations (sum over k pts) :
 
     |   n=l+1 |       2 |       3 |       4 |       5
-----+---------+---------+---------+---------+---------
 l=0 |   1.830 |   0.315 |   0.016 |   0.000 |   0.000
   1 |   0.851 |   0.083 |   0.001 |   0.000 |   0.000
   2 |   0.530 |   0.014 |   0.000 |   0.000 |   0.000
   3 |   0.243 |   0.002 |   0.000 |   0.000 |   0.000
   4 |   0.084 |   0.000 |   0.000 |   0.000 |   0.000
   5 |   0.023 |   0.000 |   0.000 |   0.000 |   0.000
   6 |   0.005 |   0.000 |   0.000 |   0.000 |   0.000
   7 |   0.001 |   0.000 |   0.000 |   0.000 |   0.000
 

func:'CalcEnergy' took: 91.8049 sec
