Starting SCF energy calculation
 
iscf   E_free (Ha)    dE (1.0e-05)   dn (1.0e-04)   dv (1.0e-04)
-----------------------------------------------------------------
   0    -23.2741228      1.000e+00      9.998e-01      1.000e+00
   1    -23.7819698      2.135e-02      3.596e-01      2.042e-01
   2    -23.9162972      5.617e-03      1.348e-01      5.300e-02
   3    -23.9276667      4.752e-04      3.150e-02      8.854e-03
   4    -23.9269689      2.916e-05      5.153e-03      1.496e-03
   5    -23.9267858      7.652e-06      8.115e-04      2.764e-04
   6    -23.9267508      1.463e-06      1.301e-04      5.943e-05
   7    -23.9267433      3.128e-07      2.236e-05      1.537e-05
-----------------------------------------------------------------
SCF cycle converged
 
Final energies (Ha)
 
---------------------------------------------
Kinetic energy                 :    16.8164
    orbitals                   :    16.8164
    unbound ideal approx.      :     0.0000
Electron-nuclear energy        :   -29.4949
Hartree energy                 :     6.7815
Exchange-correlation energy    :    -2.3461
    exchange                   :    -2.1120
    correlation                :    -0.2341
---------------------------------------------
Total energy                   :    -8.2432
---------------------------------------------
Entropy                        :    11.2309
    orbitals                   :    11.2309
    unbound ideal approx.      :     0.0000
---------------------------------------------
Total free energy              :   -23.9267
---------------------------------------------

Chemical potential             :  -2.257
Mean ionization state          :   2.485
 
Orbital eigenvalues (band limits) (Ha) :
 
     |   n=l+1 |       2 |       3 |       4 |       5
-----+---------+---------+---------+---------+---------
 l=0 |  -3.790 |  -0.096 |   2.345 |   7.139 |  13.854
   1 |   0.121 |   1.986 |   5.919 |  11.742 |  19.410
   2 |   0.842 |   4.068 |   9.002 |  15.774 |  24.369
   3 |   1.704 |   6.105 |  12.039 |  19.763 |  29.288
   4 |   2.757 |   8.290 |  15.206 |  23.875 |  34.326
   5 |   4.006 |  10.666 |  18.558 |  28.169 |  39.545
   6 |   5.452 |  13.249 |  22.117 |  32.668 |  44.968
   7 |   7.092 |  16.041 |  25.891 |  37.385 |  50.609
 
     |   n=l+1 |       2 |       3 |       4 |       5
-----+---------+---------+---------+---------+---------
 l=0 |  -3.790 |   0.975 |   4.700 |  10.458 |  18.099
   1 |   0.981 |   3.905 |   8.786 |  15.534 |  24.113
   2 |   2.513 |   6.501 |  12.349 |  20.032 |  29.532
   3 |   4.044 |   9.060 |  15.873 |  24.492 |  34.913
   4 |   5.740 |  11.757 |  19.524 |  29.074 |  40.415
   5 |   7.630 |  14.643 |  23.358 |  33.838 |  46.095
   6 |   9.724 |  17.735 |  27.399 |  38.807 |  51.982
   7 |  12.025 |  21.041 |  31.656 |  43.994 |  58.086
 

Weighted band occupations (sum over k pts) :
 
     |   n=l+1 |       2 |       3 |       4 |       5
-----+---------+---------+---------+---------+---------
 l=0 |   1.500 |   0.256 |   0.034 |   0.001 |   0.000
   1 |   0.712 |   0.149 |   0.007 |   0.000 |   0.000
   2 |   0.583 |   0.049 |   0.001 |   0.000 |   0.000
   3 |   0.374 |   0.014 |   0.000 |   0.000 |   0.000
   4 |   0.193 |   0.003 |   0.000 |   0.000 |   0.000
   5 |   0.082 |   0.001 |   0.000 |   0.000 |   0.000
   6 |   0.030 |   0.000 |   0.000 |   0.000 |   0.000
   7 |   0.009 |   0.000 |   0.000 |   0.000 |   0.000
 

func:'CalcEnergy' took: 90.8928 sec
