Starting SCF energy calculation
 
iscf   E_free (Ha)    dE (1.0e-05)   dn (1.0e-04)   dv (1.0e-04)
-----------------------------------------------------------------
   0    -20.2339986      1.000e+00      9.998e-01      1.000e+00
   1    -20.7616027      2.541e-02      3.406e-01      1.961e-01
   2    -20.8805426      5.696e-03      1.158e-01      4.836e-02
   3    -20.8885569      3.837e-04      2.465e-02      9.069e-03
   4    -20.8879675      2.822e-05      4.609e-03      1.678e-03
   5    -20.8877914      8.428e-06      8.015e-04      3.309e-04
   6    -20.8877550      1.742e-06      1.407e-04      7.322e-05
   7    -20.8877470      3.848e-07      2.616e-05      1.877e-05
-----------------------------------------------------------------
SCF cycle converged
 
Final energies (Ha)
 
---------------------------------------------
Kinetic energy                 :    16.5040
    orbitals                   :    16.5040
    unbound ideal approx.      :     0.0000
Electron-nuclear energy        :   -31.8748
Hartree energy                 :     7.3990
Exchange-correlation energy    :    -2.5258
    exchange                   :    -2.2860
    correlation                :    -0.2398
---------------------------------------------
Total energy                   :   -10.4975
---------------------------------------------
Entropy                        :     9.4245
    orbitals                   :     9.4245
    unbound ideal approx.      :     0.0000
---------------------------------------------
Total free energy              :   -20.8877
---------------------------------------------

Chemical potential             :  -1.486
Mean ionization state          :   2.261
 
Orbital eigenvalues (band limits) (Ha) :
 
     |   n=l+1 |       2 |       3 |       4 |       5
-----+---------+---------+---------+---------+---------
 l=0 |  -3.517 |  -0.071 |   2.425 |   7.232 |  13.953
   1 |   0.145 |   2.067 |   6.008 |  11.838 |  19.511
   2 |   0.855 |   4.119 |   9.071 |  15.854 |  24.458
   3 |   1.715 |   6.142 |  12.095 |  19.831 |  29.364
   4 |   2.766 |   8.319 |  15.253 |  23.934 |  34.394
   5 |   4.014 |  10.691 |  18.599 |  28.221 |  39.605
   6 |   5.459 |  13.270 |  22.152 |  32.715 |  45.023
   7 |   7.100 |  16.060 |  25.922 |  37.426 |  50.659
 
     |   n=l+1 |       2 |       3 |       4 |       5
-----+---------+---------+---------+---------+---------
 l=0 |  -3.516 |   1.039 |   4.787 |  10.555 |  18.200
   1 |   1.047 |   3.988 |   8.879 |  15.633 |  24.216
   2 |   2.548 |   6.563 |  12.425 |  20.117 |  29.624
   3 |   4.069 |   9.108 |  15.935 |  24.564 |  34.993
   4 |   5.760 |  11.797 |  19.577 |  29.138 |  40.486
   5 |   7.647 |  14.676 |  23.405 |  33.894 |  46.159
   6 |   9.739 |  17.764 |  27.440 |  38.858 |  52.040
   7 |  12.038 |  21.066 |  31.693 |  44.040 |  58.140
 

Weighted band occupations (sum over k pts) :
 
     |   n=l+1 |       2 |       3 |       4 |       5
-----+---------+---------+---------+---------+---------
 l=0 |   1.726 |   0.291 |   0.022 |   0.000 |   0.000
   1 |   0.797 |   0.107 |   0.002 |   0.000 |   0.000
   2 |   0.557 |   0.024 |   0.000 |   0.000 |   0.000
   3 |   0.294 |   0.004 |   0.000 |   0.000 |   0.000
   4 |   0.120 |   0.001 |   0.000 |   0.000 |   0.000
   5 |   0.039 |   0.000 |   0.000 |   0.000 |   0.000
   6 |   0.011 |   0.000 |   0.000 |   0.000 |   0.000
   7 |   0.002 |   0.000 |   0.000 |   0.000 |   0.000
 

func:'CalcEnergy' took: 90.7880 sec
