Starting SCF energy calculation
 
iscf   E_free (Ha)    dE (1.0e-05)   dn (1.0e-04)   dv (1.0e-04)
-----------------------------------------------------------------
   0    -21.6745131      1.000e+00      9.998e-01      1.000e+00
   1    -22.1990515      2.363e-02      3.559e-01      2.045e-01
   2    -22.3309359      5.906e-03      1.305e-01      5.288e-02
   3    -22.3419533      4.931e-04      2.968e-02      9.159e-03
   4    -22.3413126      2.868e-05      5.078e-03      1.583e-03
   5    -22.3411332      8.029e-06      8.193e-04      2.973e-04
   6    -22.3410981      1.572e-06      1.342e-04      6.451e-05
   7    -22.3410905      3.406e-07      2.358e-05      1.669e-05
-----------------------------------------------------------------
SCF cycle converged
 
Final energies (Ha)
 
---------------------------------------------
Kinetic energy                 :    16.6480
    orbitals                   :    16.6480
    unbound ideal approx.      :     0.0000
Electron-nuclear energy        :   -30.7059
Hartree energy                 :     7.0868
Exchange-correlation energy    :    -2.4360
    exchange                   :    -2.1991
    correlation                :    -0.2370
---------------------------------------------
Total energy                   :    -9.4071
---------------------------------------------
Entropy                        :    10.3515
    orbitals                   :    10.3515
    unbound ideal approx.      :     0.0000
---------------------------------------------
Total free energy              :   -22.3411
---------------------------------------------

Chemical potential             :  -1.864
Mean ionization state          :   2.375
 
Orbital eigenvalues (band limits) (Ha) :
 
     |   n=l+1 |       2 |       3 |       4 |       5
-----+---------+---------+---------+---------+---------
 l=0 |  -3.652 |  -0.083 |   2.386 |   7.186 |  13.904
   1 |   0.133 |   2.027 |   5.964 |  11.791 |  19.461
   2 |   0.848 |   4.094 |   9.037 |  15.814 |  24.414
   3 |   1.710 |   6.124 |  12.067 |  19.797 |  29.326
   4 |   2.762 |   8.305 |  15.230 |  23.905 |  34.360
   5 |   4.010 |  10.679 |  18.579 |  28.195 |  39.575
   6 |   5.455 |  13.259 |  22.135 |  32.692 |  44.996
   7 |   7.096 |  16.051 |  25.907 |  37.406 |  50.635
 
     |   n=l+1 |       2 |       3 |       4 |       5
-----+---------+---------+---------+---------+---------
 l=0 |  -3.651 |   1.007 |   4.744 |  10.507 |  18.150
   1 |   1.015 |   3.947 |   8.833 |  15.584 |  24.165
   2 |   2.531 |   6.532 |  12.387 |  20.075 |  29.579
   3 |   4.057 |   9.084 |  15.904 |  24.528 |  34.954
   4 |   5.750 |  11.777 |  19.551 |  29.106 |  40.451
   5 |   7.639 |  14.660 |  23.382 |  33.866 |  46.128
   6 |   9.732 |  17.750 |  27.420 |  38.833 |  52.011
   7 |  12.031 |  21.054 |  31.675 |  44.017 |  58.113
 

Weighted band occupations (sum over k pts) :
 
     |   n=l+1 |       2 |       3 |       4 |       5
-----+---------+---------+---------+---------+---------
 l=0 |   1.614 |   0.272 |   0.028 |   0.000 |   0.000
   1 |   0.752 |   0.129 |   0.004 |   0.000 |   0.000
   2 |   0.574 |   0.036 |   0.001 |   0.000 |   0.000
   3 |   0.338 |   0.008 |   0.000 |   0.000 |   0.000
   4 |   0.157 |   0.002 |   0.000 |   0.000 |   0.000
   5 |   0.060 |   0.000 |   0.000 |   0.000 |   0.000
   6 |   0.019 |   0.000 |   0.000 |   0.000 |   0.000
   7 |   0.005 |   0.000 |   0.000 |   0.000 |   0.000
 

func:'CalcEnergy' took: 91.0067 sec
