Starting SCF energy calculation
 
iscf   E_free (Ha)    dE (1.0e-05)   dn (1.0e-04)   dv (1.0e-04)
-----------------------------------------------------------------
   0    -26.9170777      1.000e+00      9.998e-01      1.000e+00
   1    -27.3444184      1.563e-02      3.344e-01      1.834e-01
   2    -27.4588992      4.169e-03      1.191e-01      4.427e-02
   3    -27.4654527      2.386e-04      2.712e-02      7.664e-03
   4    -27.4648029      2.366e-05      4.558e-03      1.358e-03
   5    -27.4646124      6.934e-06      7.636e-04      2.571e-04
   6    -27.4645755      1.346e-06      1.297e-04      5.457e-05
   7    -27.4645677      2.815e-07      2.290e-05      1.350e-05
-----------------------------------------------------------------
SCF cycle converged
 
Final energies (Ha)
 
---------------------------------------------
Kinetic energy                 :    17.2660
    orbitals                   :    17.2660
    unbound ideal approx.      :     0.0000
Electron-nuclear energy        :   -27.1024
Hartree energy                 :     6.2300
Exchange-correlation energy    :    -2.1777
    exchange                   :    -1.9489
    correlation                :    -0.2288
---------------------------------------------
Total energy                   :    -5.7841
---------------------------------------------
Entropy                        :    12.8251
    orbitals                   :    12.8251
    unbound ideal approx.      :     0.0000
---------------------------------------------
Total free energy              :   -27.4646
---------------------------------------------

Chemical potential             :  -3.082
Mean ionization state          :   2.701
 
Orbital eigenvalues (band limits) (Ha) :
 
     |   n=l+1 |       2 |       3 |       4 |       5
-----+---------+---------+---------+---------+---------
 l=0 |  -4.061 |  -0.122 |   2.266 |   7.049 |  13.757
   1 |   0.096 |   1.907 |   5.832 |  11.647 |  19.311
   2 |   0.829 |   4.017 |   8.934 |  15.695 |  24.283
   3 |   1.695 |   6.068 |  11.983 |  19.696 |  29.213
   4 |   2.749 |   8.261 |  15.159 |  23.817 |  34.260
   5 |   3.999 |  10.642 |  18.518 |  28.118 |  39.485
   6 |   5.444 |  13.228 |  22.082 |  32.623 |  44.914
   7 |   7.086 |  16.023 |  25.860 |  37.343 |  50.560
 
     |   n=l+1 |       2 |       3 |       4 |       5
-----+---------+---------+---------+---------+---------
 l=0 |  -4.060 |   0.911 |   4.615 |  10.364 |  18.000
   1 |   0.915 |   3.823 |   8.695 |  15.437 |  24.013
   2 |   2.479 |   6.440 |  12.275 |  19.949 |  29.443
   3 |   4.020 |   9.012 |  15.811 |  24.421 |  34.835
   4 |   5.720 |  11.718 |  19.471 |  29.012 |  40.345
   5 |   7.614 |  14.610 |  23.312 |  33.782 |  46.033
   6 |   9.710 |  17.706 |  27.358 |  38.757 |  51.924
   7 |  12.012 |  21.015 |  31.619 |  43.948 |  58.034
 

Weighted band occupations (sum over k pts) :
 
     |   n=l+1 |       2 |       3 |       4 |       5
-----+---------+---------+---------+---------+---------
 l=0 |   1.282 |   0.228 |   0.044 |   0.002 |   0.000
   1 |   0.643 |   0.179 |   0.014 |   0.000 |   0.000
   2 |   0.585 |   0.077 |   0.003 |   0.000 |   0.000
   3 |   0.426 |   0.029 |   0.001 |   0.000 |   0.000
   4 |   0.256 |   0.009 |   0.000 |   0.000 |   0.000
   5 |   0.130 |   0.002 |   0.000 |   0.000 |   0.000
   6 |   0.057 |   0.001 |   0.000 |   0.000 |   0.000
   7 |   0.022 |   0.000 |   0.000 |   0.000 |   0.000
 

func:'CalcEnergy' took: 92.0899 sec
