Starting SCF energy calculation
 
iscf   E_free (Ha)    dE (1.0e-05)   dn (1.0e-04)   dv (1.0e-04)
-----------------------------------------------------------------
   0    -25.0276466      1.000e+00      9.998e-01      1.000e+00
   1    -25.5013731      1.858e-02      3.516e-01      1.964e-01
   2    -25.6290909      4.983e-03      1.300e-01      4.966e-02
   3    -25.6387229      3.757e-04      3.033e-02      8.322e-03
   4    -25.6379761      2.913e-05      4.946e-03      1.424e-03
   5    -25.6377891      7.292e-06      7.924e-04      2.641e-04
   6    -25.6377535      1.392e-06      1.291e-04      5.633e-05
   7    -25.6377459      2.937e-07      2.225e-05      1.433e-05
-----------------------------------------------------------------
SCF cycle converged
 
Final energies (Ha)
 
---------------------------------------------
Kinetic energy                 :    17.0204
    orbitals                   :    17.0204
    unbound ideal approx.      :     0.0000
Electron-nuclear energy        :   -28.2848
Hartree energy                 :     6.4942
Exchange-correlation energy    :    -2.2594
    exchange                   :    -2.0280
    correlation                :    -0.2314
---------------------------------------------
Total energy                   :    -7.0297
---------------------------------------------
Entropy                        :    12.0560
    orbitals                   :    12.0560
    unbound ideal approx.      :     0.0000
---------------------------------------------
Total free energy              :   -25.6377
---------------------------------------------

Chemical potential             :  -2.662
Mean ionization state          :   2.593
 
Orbital eigenvalues (band limits) (Ha) :
 
     |   n=l+1 |       2 |       3 |       4 |       5
-----+---------+---------+---------+---------+---------
 l=0 |  -3.928 |  -0.109 |   2.305 |   7.093 |  13.805
   1 |   0.108 |   1.946 |   5.874 |  11.694 |  19.360
   2 |   0.835 |   4.042 |   8.967 |  15.734 |  24.325
   3 |   1.699 |   6.087 |  12.011 |  19.729 |  29.249
   4 |   2.753 |   8.275 |  15.182 |  23.846 |  34.293
   5 |   4.002 |  10.654 |  18.538 |  28.143 |  39.515
   6 |   5.448 |  13.238 |  22.099 |  32.645 |  44.941
   7 |   7.089 |  16.032 |  25.875 |  37.364 |  50.584
 
     |   n=l+1 |       2 |       3 |       4 |       5
-----+---------+---------+---------+---------+---------
 l=0 |  -3.927 |   0.942 |   4.657 |  10.411 |  18.048
   1 |   0.948 |   3.863 |   8.740 |  15.485 |  24.062
   2 |   2.496 |   6.470 |  12.312 |  19.990 |  29.487
   3 |   4.032 |   9.035 |  15.842 |  24.456 |  34.873
   4 |   5.730 |  11.737 |  19.497 |  29.043 |  40.379
   5 |   7.622 |  14.626 |  23.335 |  33.810 |  46.064
   6 |   9.717 |  17.721 |  27.378 |  38.782 |  51.953
   7 |  12.018 |  21.028 |  31.637 |  43.971 |  58.060
 

Weighted band occupations (sum over k pts) :
 
     |   n=l+1 |       2 |       3 |       4 |       5
-----+---------+---------+---------+---------+---------
 l=0 |   1.388 |   0.241 |   0.039 |   0.001 |   0.000
   1 |   0.676 |   0.165 |   0.010 |   0.000 |   0.000
   2 |   0.586 |   0.063 |   0.002 |   0.000 |   0.000
   3 |   0.403 |   0.021 |   0.000 |   0.000 |   0.000
   4 |   0.226 |   0.006 |   0.000 |   0.000 |   0.000
   5 |   0.106 |   0.001 |   0.000 |   0.000 |   0.000
   6 |   0.043 |   0.000 |   0.000 |   0.000 |   0.000
   7 |   0.015 |   0.000 |   0.000 |   0.000 |   0.000
 

func:'CalcEnergy' took: 91.4658 sec
