Starting SCF energy calculation
 
iscf   E_free (Ha)    dE (1.0e-05)   dn (1.0e-04)   dv (1.0e-04)
-----------------------------------------------------------------
   0    -31.0389391      1.000e+00      9.998e-01      1.000e+00
   1    -31.3637448      1.036e-02      2.846e-01      1.500e-01
   2    -31.4364120      2.312e-03      8.879e-02      3.144e-02
   3    -31.4382658      5.897e-05      1.842e-02      6.078e-03
   4    -31.4376412      1.987e-05      3.467e-03      1.196e-03
   5    -31.4374536      5.967e-06      6.588e-04      2.437e-04
   6    -31.4374146      1.241e-06      1.261e-04      5.265e-05
   7    -31.4374063      2.648e-07      2.451e-05      1.243e-05
-----------------------------------------------------------------
SCF cycle converged
 
Final energies (Ha)
 
---------------------------------------------
Kinetic energy                 :    17.8912
    orbitals                   :    17.8912
    unbound ideal approx.      :     0.0000
Electron-nuclear energy        :   -24.8803
Hartree energy                 :     5.7766
Exchange-correlation energy    :    -2.0326
    exchange                   :    -1.8084
    correlation                :    -0.2242
---------------------------------------------
Total energy                   :    -3.2451
---------------------------------------------
Entropy                        :    14.2065
    orbitals                   :    14.2065
    unbound ideal approx.      :     0.0000
---------------------------------------------
Total free energy              :   -31.4374
---------------------------------------------

Chemical potential             :  -3.960
Mean ionization state          :   2.889
 
Orbital eigenvalues (band limits) (Ha) :
 
     |   n=l+1 |       2 |       3 |       4 |       5
-----+---------+---------+---------+---------+---------
 l=0 |  -4.308 |  -0.145 |   2.195 |   6.968 |  13.669
   1 |   0.072 |   1.834 |   5.753 |  11.562 |  19.222
   2 |   0.818 |   3.971 |   8.871 |  15.623 |  24.205
   3 |   1.686 |   6.034 |  11.933 |  19.635 |  29.144
   4 |   2.741 |   8.234 |  15.117 |  23.765 |  34.200
   5 |   3.992 |  10.620 |  18.482 |  28.071 |  39.431
   6 |   5.438 |  13.209 |  22.050 |  32.581 |  44.865
   7 |   7.080 |  16.007 |  25.831 |  37.306 |  50.515
 
     |   n=l+1 |       2 |       3 |       4 |       5
-----+---------+---------+---------+---------+---------
 l=0 |  -4.307 |   0.852 |   4.539 |  10.279 |  17.910
   1 |   0.853 |   3.749 |   8.613 |  15.350 |  23.922
   2 |   2.446 |   6.383 |  12.208 |  19.874 |  29.362
   3 |   3.997 |   8.967 |  15.755 |  24.356 |  34.764
   4 |   5.703 |  11.681 |  19.423 |  28.955 |  40.281
   5 |   7.599 |  14.579 |  23.270 |  33.732 |  45.975
   6 |   9.697 |  17.680 |  27.321 |  38.711 |  51.872
   7 |  12.000 |  20.992 |  31.586 |  43.906 |  57.985
 

Weighted band occupations (sum over k pts) :
 
     |   n=l+1 |       2 |       3 |       4 |       5
-----+---------+---------+---------+---------+---------
 l=0 |   1.088 |   0.205 |   0.050 |   0.004 |   0.000
   1 |   0.584 |   0.198 |   0.023 |   0.001 |   0.000
   2 |   0.572 |   0.103 |   0.007 |   0.000 |   0.000
   3 |   0.456 |   0.046 |   0.002 |   0.000 |   0.000
   4 |   0.305 |   0.018 |   0.000 |   0.000 |   0.000
   5 |   0.176 |   0.006 |   0.000 |   0.000 |   0.000
   6 |   0.089 |   0.002 |   0.000 |   0.000 |   0.000
   7 |   0.040 |   0.000 |   0.000 |   0.000 |   0.000
 

func:'CalcEnergy' took: 90.9993 sec
