Starting SCF energy calculation
 
iscf   E_free (Ha)    dE (1.0e-05)   dn (1.0e-04)   dv (1.0e-04)
-----------------------------------------------------------------
   0    -33.2404276      1.000e+00      9.998e-01      1.000e+00
   1    -33.5096998      8.036e-03      2.583e-01      1.332e-01
   2    -33.5689661      1.766e-03      7.457e-02      2.583e-02
   3    -33.5686853      8.367e-06      1.452e-02      5.321e-03
   4    -33.5679411      2.217e-05      2.920e-03      1.112e-03
   5    -33.5677588      5.430e-06      5.933e-04      2.380e-04
   6    -33.5677191      1.182e-06      1.213e-04      5.301e-05
   7    -33.5677103      2.629e-07      2.501e-05      1.255e-05
-----------------------------------------------------------------
SCF cycle converged
 
Final energies (Ha)
 
---------------------------------------------
Kinetic energy                 :    18.2710
    orbitals                   :    18.2710
    unbound ideal approx.      :     0.0000
Electron-nuclear energy        :   -23.8563
Hartree energy                 :     5.5859
Exchange-correlation energy    :    -1.9696
    exchange                   :    -1.7474
    correlation                :    -0.2222
---------------------------------------------
Total energy                   :    -1.9689
---------------------------------------------
Entropy                        :    14.8249
    orbitals                   :    14.8249
    unbound ideal approx.      :     0.0000
---------------------------------------------
Total free energy              :   -33.5677
---------------------------------------------

Chemical potential             :  -4.418
Mean ionization state          :   2.978
 
Orbital eigenvalues (band limits) (Ha) :
 
     |   n=l+1 |       2 |       3 |       4 |       5
-----+---------+---------+---------+---------+---------
 l=0 |  -4.420 |  -0.156 |   2.163 |   6.931 |  13.629
   1 |   0.061 |   1.800 |   5.717 |  11.524 |  19.181
   2 |   0.812 |   3.949 |   8.843 |  15.591 |  24.169
   3 |   1.682 |   6.018 |  11.910 |  19.608 |  29.113
   4 |   2.738 |   8.222 |  15.097 |  23.741 |  34.172
   5 |   3.989 |  10.610 |  18.465 |  28.050 |  39.406
   6 |   5.435 |  13.200 |  22.035 |  32.562 |  44.843
   7 |   7.077 |  15.999 |  25.818 |  37.288 |  50.494
 
     |   n=l+1 |       2 |       3 |       4 |       5
-----+---------+---------+---------+---------+---------
 l=0 |  -4.420 |   0.825 |   4.504 |  10.241 |  17.869
   1 |   0.824 |   3.715 |   8.575 |  15.310 |  23.881
   2 |   2.432 |   6.358 |  12.177 |  19.840 |  29.326
   3 |   3.987 |   8.947 |  15.729 |  24.326 |  34.731
   4 |   5.695 |  11.665 |  19.401 |  28.929 |  40.252
   5 |   7.593 |  14.565 |  23.250 |  33.708 |  45.949
   6 |   9.692 |  17.668 |  27.303 |  38.690 |  51.848
   7 |  11.995 |  20.982 |  31.570 |  43.887 |  57.963
 

Weighted band occupations (sum over k pts) :
 
     |   n=l+1 |       2 |       3 |       4 |       5
-----+---------+---------+---------+---------+---------
 l=0 |   1.000 |   0.195 |   0.053 |   0.005 |   0.000
   1 |   0.556 |   0.204 |   0.028 |   0.002 |   0.000
   2 |   0.562 |   0.115 |   0.010 |   0.000 |   0.000
   3 |   0.465 |   0.055 |   0.003 |   0.000 |   0.000
   4 |   0.325 |   0.023 |   0.001 |   0.000 |   0.000
   5 |   0.197 |   0.008 |   0.000 |   0.000 |   0.000
   6 |   0.105 |   0.003 |   0.000 |   0.000 |   0.000
   7 |   0.050 |   0.001 |   0.000 |   0.000 |   0.000
 

func:'CalcEnergy' took: 93.4322 sec
