Starting SCF energy calculation
 
iscf   E_free (Ha)    dE (1.0e-05)   dn (1.0e-04)   dv (1.0e-04)
-----------------------------------------------------------------
   0    -28.9275194      1.000e+00      9.998e-01      1.000e+00
   1    -29.3102753      1.306e-02      3.103e-01      1.670e-01
   2    -29.3984831      3.000e-03      1.036e-01      3.757e-02
   3    -29.4021181      1.236e-04      2.268e-02      6.836e-03
   4    -29.4013315      2.675e-05      4.012e-03      1.270e-03
   5    -29.4011425      6.428e-06      7.133e-04      2.477e-04
   6    -29.4011048      1.283e-06      1.281e-04      5.248e-05
   7    -29.4010969      2.684e-07      2.358e-05      1.254e-05
-----------------------------------------------------------------
SCF cycle converged
 
Final energies (Ha)
 
---------------------------------------------
Kinetic energy                 :    17.5560
    orbitals                   :    17.5560
    unbound ideal approx.      :     0.0000
Electron-nuclear energy        :   -25.9642
Hartree energy                 :     5.9909
Exchange-correlation energy    :    -2.1020
    exchange                   :    -1.8756
    correlation                :    -0.2264
---------------------------------------------
Total energy                   :    -4.5193
---------------------------------------------
Entropy                        :    13.5413
    orbitals                   :    13.5413
    unbound ideal approx.      :     0.0000
---------------------------------------------
Total free energy              :   -29.4011
---------------------------------------------

Chemical potential             :  -3.514
Mean ionization state          :   2.798
 
Orbital eigenvalues (band limits) (Ha) :
 
     |   n=l+1 |       2 |       3 |       4 |       5
-----+---------+---------+---------+---------+---------
 l=0 |  -4.188 |  -0.133 |   2.230 |   7.007 |  13.712
   1 |   0.084 |   1.869 |   5.791 |  11.604 |  19.265
   2 |   0.823 |   3.993 |   8.902 |  15.658 |  24.243
   3 |   1.690 |   6.051 |  11.957 |  19.665 |  29.177
   4 |   2.745 |   8.247 |  15.137 |  23.790 |  34.229
   5 |   3.995 |  10.631 |  18.499 |  28.094 |  39.458
   6 |   5.441 |  13.218 |  22.066 |  32.601 |  44.889
   7 |   7.083 |  16.015 |  25.845 |  37.324 |  50.537
 
     |   n=l+1 |       2 |       3 |       4 |       5
-----+---------+---------+---------+---------+---------
 l=0 |  -4.187 |   0.881 |   4.576 |  10.321 |  17.953
   1 |   0.883 |   3.785 |   8.653 |  15.392 |  23.966
   2 |   2.462 |   6.411 |  12.241 |  19.910 |  29.402
   3 |   4.008 |   8.989 |  15.782 |  24.387 |  34.798
   4 |   5.711 |  11.699 |  19.446 |  28.983 |  40.312
   5 |   7.606 |  14.594 |  23.290 |  33.756 |  46.003
   6 |   9.704 |  17.693 |  27.339 |  38.733 |  51.897
   7 |  12.006 |  21.004 |  31.602 |  43.927 |  58.009
 

Weighted band occupations (sum over k pts) :
 
     |   n=l+1 |       2 |       3 |       4 |       5
-----+---------+---------+---------+---------+---------
 l=0 |   1.181 |   0.216 |   0.047 |   0.003 |   0.000
   1 |   0.612 |   0.190 |   0.019 |   0.001 |   0.000
   2 |   0.580 |   0.091 |   0.005 |   0.000 |   0.000
   3 |   0.443 |   0.037 |   0.001 |   0.000 |   0.000
   4 |   0.282 |   0.013 |   0.000 |   0.000 |   0.000
   5 |   0.154 |   0.004 |   0.000 |   0.000 |   0.000
   6 |   0.073 |   0.001 |   0.000 |   0.000 |   0.000
   7 |   0.030 |   0.000 |   0.000 |   0.000 |   0.000
 

func:'CalcEnergy' took: 91.0294 sec
