Starting SCF energy calculation
 
iscf   E_free (Ha)    dE (1.0e-05)   dn (1.0e-04)   dv (1.0e-04)
-----------------------------------------------------------------
   0    -37.8752261      1.000e+00      9.998e-01      1.000e+00
   1    -38.0488217      4.562e-03      2.095e-01      1.029e-01
   2    -38.0863923      9.865e-04      5.070e-02      1.686e-02
   3    -38.0849816      3.704e-05      8.514e-03      3.923e-03
   4    -38.0843517      1.654e-05      1.945e-03      9.195e-04
   5    -38.0841898      4.251e-06      4.479e-04      2.180e-04
   6    -38.0841509      1.021e-06      1.035e-04      5.263e-05
   7    -38.0841416      2.449e-07      2.401e-05      1.305e-05
-----------------------------------------------------------------
SCF cycle converged
 
Final energies (Ha)
 
---------------------------------------------
Kinetic energy                 :    19.1583
    orbitals                   :    19.1583
    unbound ideal approx.      :     0.0000
Electron-nuclear energy        :   -21.9978
Hartree energy                 :     5.2685
Exchange-correlation energy    :    -1.8616
    exchange                   :    -1.6429
    correlation                :    -0.2187
---------------------------------------------
Total energy                   :     0.5673
---------------------------------------------
Entropy                        :    15.9358
    orbitals                   :    15.9358
    unbound ideal approx.      :     0.0000
---------------------------------------------
Total free energy              :   -38.0841
---------------------------------------------

Chemical potential             :  -5.371
Mean ionization state          :   3.127
 
Orbital eigenvalues (band limits) (Ha) :
 
     |   n=l+1 |       2 |       3 |       4 |       5
-----+---------+---------+---------+---------+---------
 l=0 |  -4.620 |  -0.175 |   2.105 |   6.865 |  13.559
   1 |   0.040 |   1.740 |   5.653 |  11.455 |  19.109
   2 |   0.803 |   3.910 |   8.792 |  15.532 |  24.106
   3 |   1.674 |   5.990 |  11.868 |  19.558 |  29.058
   4 |   2.732 |   8.199 |  15.062 |  23.697 |  34.123
   5 |   3.983 |  10.592 |  18.435 |  28.012 |  39.362
   6 |   5.430 |  13.185 |  22.009 |  32.527 |  44.802
   7 |   7.072 |  15.986 |  25.795 |  37.257 |  50.457
 
     |   n=l+1 |       2 |       3 |       4 |       5
-----+---------+---------+---------+---------+---------
 l=0 |  -4.620 |   0.777 |   4.443 |  10.173 |  17.797
   1 |   0.771 |   3.656 |   8.509 |  15.240 |  23.808
   2 |   2.405 |   6.312 |  12.122 |  19.779 |  29.260
   3 |   3.968 |   8.911 |  15.683 |  24.273 |  34.673
   4 |   5.680 |  11.635 |  19.361 |  28.883 |  40.200
   5 |   7.581 |  14.539 |  23.216 |  33.667 |  45.902
   6 |   9.681 |  17.646 |  27.273 |  38.652 |  51.805
   7 |  11.986 |  20.962 |  31.543 |  43.853 |  57.924
 

Weighted band occupations (sum over k pts) :
 
     |   n=l+1 |       2 |       3 |       4 |       5
-----+---------+---------+---------+---------+---------
 l=0 |   0.846 |   0.176 |   0.056 |   0.007 |   0.000
   1 |   0.507 |   0.211 |   0.037 |   0.003 |   0.000
   2 |   0.538 |   0.134 |   0.015 |   0.001 |   0.000
   3 |   0.472 |   0.073 |   0.006 |   0.000 |   0.000
   4 |   0.354 |   0.035 |   0.002 |   0.000 |   0.000
   5 |   0.233 |   0.015 |   0.001 |   0.000 |   0.000
   6 |   0.137 |   0.005 |   0.000 |   0.000 |   0.000
   7 |   0.073 |   0.002 |   0.000 |   0.000 |   0.000
 

func:'CalcEnergy' took: 91.6591 sec
