Starting SCF energy calculation
 
iscf   E_free (Ha)    dE (1.0e-05)   dn (1.0e-04)   dv (1.0e-04)
-----------------------------------------------------------------
   0    -14.2418300      1.000e+00      9.998e-01      1.000e+00
   1    -14.9235958      4.568e-02      3.367e-01      1.368e-01
   2    -14.9622728      2.585e-03      3.803e-02      1.310e-02
   3    -14.9614979      5.179e-05      4.399e-03      3.826e-03
   4    -14.9611036      2.636e-05      1.258e-03      1.120e-03
   5    -14.9609743      8.639e-06      3.593e-04      3.299e-04
   6    -14.9609442      2.013e-06      1.028e-04      9.812e-05
   7    -14.9609327      7.671e-07      2.955e-05      2.950e-05
-----------------------------------------------------------------
SCF cycle converged
 
Final energies (Ha)
 
---------------------------------------------
Kinetic energy                 :    15.1494
    orbitals                   :    15.1494
    unbound ideal approx.      :     0.0000
Electron-nuclear energy        :   -34.6807
Hartree energy                 :     8.2074
Exchange-correlation energy    :    -2.7511
    exchange                   :    -2.5043
    correlation                :    -0.2468
---------------------------------------------
Total energy                   :   -14.0750
---------------------------------------------
Entropy                        :     4.0180
    orbitals                   :     4.0180
    unbound ideal approx.      :     0.0000
---------------------------------------------
Total free energy              :   -14.9609
---------------------------------------------

Chemical potential             :   0.308
Mean ionization state          :   1.994
 
Orbital eigenvalues (band limits) (Ha) :
 
     |   n=l+1 |       2 |       3 |       4 |       5
-----+---------+---------+---------+---------+---------
 l=0 |  -3.189 |  -0.034 |   2.526 |   7.349 |  14.078
   1 |   0.179 |   2.167 |   6.120 |  11.960 |  19.638
   2 |   0.877 |   4.183 |   9.160 |  15.956 |  24.569
   3 |   1.734 |   6.191 |  12.167 |  19.917 |  29.461
   4 |   2.783 |   8.359 |  15.314 |  24.010 |  34.480
   5 |   4.031 |  10.725 |  18.652 |  28.288 |  39.683
   6 |   5.474 |  13.300 |  22.200 |  32.775 |  45.094
   7 |   7.114 |  16.088 |  25.965 |  37.482 |  50.725
 
     |   n=l+1 |       2 |       3 |       4 |       5
-----+---------+---------+---------+---------+---------
 l=0 |  -3.188 |   1.122 |   4.899 |  10.676 |  18.328
   1 |   1.127 |   4.096 |   8.996 |  15.757 |  24.344
   2 |   2.595 |   6.644 |  12.521 |  20.224 |  29.738
   3 |   4.105 |   9.172 |  16.016 |  24.657 |  35.095
   4 |   5.790 |  11.850 |  19.647 |  29.219 |  40.577
   5 |   7.675 |  14.722 |  23.467 |  33.967 |  46.242
   6 |   9.765 |  17.804 |  27.495 |  38.924 |  52.115
   7 |  12.063 |  21.102 |  31.743 |  44.101 |  58.209
 

Weighted band occupations (sum over k pts) :
 
     |   n=l+1 |       2 |       3 |       4 |       5
-----+---------+---------+---------+---------+---------
 l=0 |   1.994 |   0.624 |   0.000 |   0.000 |   0.000
   1 |   1.313 |   0.000 |   0.000 |   0.000 |   0.000
   2 |   0.067 |   0.000 |   0.000 |   0.000 |   0.000
   3 |   0.001 |   0.000 |   0.000 |   0.000 |   0.000
   4 |   0.000 |   0.000 |   0.000 |   0.000 |   0.000
   5 |   0.000 |   0.000 |   0.000 |   0.000 |   0.000
   6 |   0.000 |   0.000 |   0.000 |   0.000 |   0.000
   7 |   0.000 |   0.000 |   0.000 |   0.000 |   0.000
 

func:'CalcEnergy' took: 90.4081 sec
