Starting SCF energy calculation
 
iscf   E_free (Ha)    dE (1.0e-05)   dn (1.0e-04)   dv (1.0e-04)
-----------------------------------------------------------------
   0    -35.5220056      1.000e+00      9.998e-01      1.000e+00
   1    -35.7399865      6.099e-03      2.329e-01      1.173e-01
   2    -35.7871225      1.317e-03      6.177e-02      2.095e-02
   3    -35.7859685      3.225e-05      1.120e-02      4.595e-03
   4    -35.7852746      1.939e-05      2.405e-03      1.018e-03
   5    -35.7851010      4.853e-06      5.214e-04      2.295e-04
   6    -35.7850612      1.111e-06      1.135e-04      5.311e-05
   7    -35.7850521      2.549e-07      2.486e-05      1.281e-05
-----------------------------------------------------------------
SCF cycle converged
 
Final energies (Ha)
 
---------------------------------------------
Kinetic energy                 :    18.6941
    orbitals                   :    18.6941
    unbound ideal approx.      :     0.0000
Electron-nuclear energy        :   -22.8952
Hartree energy                 :     5.4172
Exchange-correlation energy    :    -1.9127
    exchange                   :    -1.6923
    correlation                :    -0.2204
---------------------------------------------
Total energy                   :    -0.6966
---------------------------------------------
Entropy                        :    15.4001
    orbitals                   :    15.4001
    unbound ideal approx.      :     0.0000
---------------------------------------------
Total free energy              :   -35.7850
---------------------------------------------

Chemical potential             :  -4.889
Mean ionization state          :   3.055
 
Orbital eigenvalues (band limits) (Ha) :
 
     |   n=l+1 |       2 |       3 |       4 |       5
-----+---------+---------+---------+---------+---------
 l=0 |  -4.524 |  -0.166 |   2.133 |   6.897 |  13.593
   1 |   0.051 |   1.769 |   5.684 |  11.488 |  19.144
   2 |   0.807 |   3.929 |   8.817 |  15.561 |  24.136
   3 |   1.678 |   6.004 |  11.888 |  19.582 |  29.085
   4 |   2.735 |   8.210 |  15.079 |  23.718 |  34.147
   5 |   3.986 |  10.600 |  18.449 |  28.030 |  39.383
   6 |   5.432 |  13.192 |  22.022 |  32.544 |  44.822
   7 |   7.074 |  15.992 |  25.806 |  37.272 |  50.475
 
     |   n=l+1 |       2 |       3 |       4 |       5
-----+---------+---------+---------+---------+---------
 l=0 |  -4.524 |   0.800 |   4.472 |  10.205 |  17.832
   1 |   0.797 |   3.684 |   8.541 |  15.273 |  23.843
   2 |   2.418 |   6.334 |  12.148 |  19.808 |  29.292
   3 |   3.977 |   8.928 |  15.705 |  24.299 |  34.701
   4 |   5.687 |  11.649 |  19.380 |  28.905 |  40.226
   5 |   7.587 |  14.552 |  23.232 |  33.687 |  45.925
   6 |   9.686 |  17.656 |  27.287 |  38.671 |  51.826
   7 |  11.990 |  20.972 |  31.556 |  43.870 |  57.943
 

Weighted band occupations (sum over k pts) :
 
     |   n=l+1 |       2 |       3 |       4 |       5
-----+---------+---------+---------+---------+---------
 l=0 |   0.920 |   0.185 |   0.055 |   0.006 |   0.000
   1 |   0.531 |   0.208 |   0.032 |   0.002 |   0.000
   2 |   0.551 |   0.125 |   0.012 |   0.001 |   0.000
   3 |   0.470 |   0.065 |   0.004 |   0.000 |   0.000
   4 |   0.341 |   0.029 |   0.001 |   0.000 |   0.000
   5 |   0.216 |   0.011 |   0.000 |   0.000 |   0.000
   6 |   0.121 |   0.004 |   0.000 |   0.000 |   0.000
   7 |   0.061 |   0.001 |   0.000 |   0.000 |   0.000
 

func:'CalcEnergy' took: 91.8701 sec
