Starting SCF energy calculation
 
iscf   E_free (Ha)    dE (1.0e-05)   dn (1.0e-04)   dv (1.0e-04)
-----------------------------------------------------------------
   0    -42.7796552      1.000e+00      9.998e-01      1.000e+00
   1    -42.8816410      2.378e-03      1.693e-01      7.879e-02
   2    -42.9061088      5.703e-04      3.370e-02      1.081e-02
   3    -42.9046390      3.426e-05      4.797e-03      2.789e-03
   4    -42.9041515      1.136e-05      1.222e-03      7.225e-04
   5    -42.9040185      3.098e-06      3.128e-04      1.882e-04
   6    -42.9039836      8.140e-07      8.028e-05      4.944e-05
-----------------------------------------------------------------
SCF cycle converged
 
Final energies (Ha)
 
---------------------------------------------
Kinetic energy                 :    20.2005
    orbitals                   :    20.2005
    unbound ideal approx.      :     0.0000
Electron-nuclear energy        :   -20.3908
Hartree energy                 :     5.0227
Exchange-correlation energy    :    -1.7753
    exchange                   :    -1.5594
    correlation                :    -0.2159
---------------------------------------------
Total energy                   :     3.0572
---------------------------------------------
Entropy                        :    16.9009
    orbitals                   :    16.9009
    unbound ideal approx.      :     0.0000
---------------------------------------------
Total free energy              :   -42.9040
---------------------------------------------

Chemical potential             :  -6.372
Mean ionization state          :   3.255
 
Orbital eigenvalues (band limits) (Ha) :
 
     |   n=l+1 |       2 |       3 |       4 |       5
-----+---------+---------+---------+---------+---------
 l=0 |  -4.789 |  -0.192 |   2.056 |   6.810 |  13.499
   1 |   0.022 |   1.689 |   5.599 |  11.397 |  19.048
   2 |   0.794 |   3.876 |   8.748 |  15.483 |  24.052
   3 |   1.668 |   5.965 |  11.832 |  19.515 |  29.010
   4 |   2.726 |   8.180 |  15.032 |  23.660 |  34.081
   5 |   3.978 |  10.576 |  18.409 |  27.978 |  39.324
   6 |   5.425 |  13.171 |  21.986 |  32.498 |  44.767
   7 |   7.068 |  15.974 |  25.775 |  37.230 |  50.425
 
     |   n=l+1 |       2 |       3 |       4 |       5
-----+---------+---------+---------+---------+---------
 l=0 |  -4.789 |   0.736 |   4.392 |  10.115 |  17.736
   1 |   0.725 |   3.605 |   8.453 |  15.180 |  23.746
   2 |   2.381 |   6.272 |  12.075 |  19.727 |  29.205
   3 |   3.952 |   8.879 |  15.643 |  24.228 |  34.624
   4 |   5.668 |  11.609 |  19.326 |  28.842 |  40.156
   5 |   7.571 |  14.517 |  23.186 |  33.631 |  45.862
   6 |   9.673 |  17.627 |  27.246 |  38.620 |  51.768
   7 |  11.978 |  20.945 |  31.519 |  43.823 |  57.890
 

Weighted band occupations (sum over k pts) :
 
     |   n=l+1 |       2 |       3 |       4 |       5
-----+---------+---------+---------+---------+---------
 l=0 |   0.717 |   0.160 |   0.058 |   0.009 |   0.001
   1 |   0.463 |   0.212 |   0.045 |   0.005 |   0.000
   2 |   0.511 |   0.149 |   0.022 |   0.002 |   0.000
   3 |   0.470 |   0.090 |   0.009 |   0.000 |   0.000
   4 |   0.373 |   0.047 |   0.003 |   0.000 |   0.000
   5 |   0.262 |   0.022 |   0.001 |   0.000 |   0.000
   6 |   0.166 |   0.009 |   0.000 |   0.000 |   0.000
   7 |   0.095 |   0.004 |   0.000 |   0.000 |   0.000
 

func:'CalcEnergy' took: 84.6246 sec
