Starting SCF energy calculation
 
iscf   E_free (Ha)    dE (1.0e-05)   dn (1.0e-04)   dv (1.0e-04)
-----------------------------------------------------------------
   0    -40.2966859      1.000e+00      9.998e-01      1.000e+00
   1    -40.4310720      3.324e-03      1.882e-01      9.004e-02
   2    -40.4612630      7.462e-04      4.138e-02      1.351e-02
   3    -40.4596936      3.879e-05      6.409e-03      3.319e-03
   4    -40.4591343      1.382e-05      1.550e-03      8.196e-04
   5    -40.4589863      3.657e-06      3.773e-04      2.040e-04
   6    -40.4589491      9.202e-07      9.213e-05      5.141e-05
-----------------------------------------------------------------
SCF cycle converged
 
Final energies (Ha)
 
---------------------------------------------
Kinetic energy                 :    19.6614
    orbitals                   :    19.6614
    unbound ideal approx.      :     0.0000
Electron-nuclear energy        :   -21.1636
Hartree energy                 :     5.1376
Exchange-correlation energy    :    -1.8160
    exchange                   :    -1.5987
    correlation                :    -0.2173
---------------------------------------------
Total energy                   :     1.8194
---------------------------------------------
Entropy                        :    16.4350
    orbitals                   :    16.4350
    unbound ideal approx.      :     0.0000
---------------------------------------------
Total free energy              :   -40.4589
---------------------------------------------

Chemical potential             :  -5.866
Mean ionization state          :   3.196
 
Orbital eigenvalues (band limits) (Ha) :
 
     |   n=l+1 |       2 |       3 |       4 |       5
-----+---------+---------+---------+---------+---------
 l=0 |  -4.708 |  -0.184 |   2.080 |   6.836 |  13.528
   1 |   0.031 |   1.713 |   5.625 |  11.425 |  19.077
   2 |   0.798 |   3.892 |   8.769 |  15.507 |  24.078
   3 |   1.671 |   5.977 |  11.849 |  19.536 |  29.033
   4 |   2.729 |   8.189 |  15.047 |  23.678 |  34.101
   5 |   3.980 |  10.583 |  18.421 |  27.994 |  39.342
   6 |   5.428 |  13.178 |  21.997 |  32.512 |  44.784
   7 |   7.070 |  15.980 |  25.784 |  37.243 |  50.441
 
     |   n=l+1 |       2 |       3 |       4 |       5
-----+---------+---------+---------+---------+---------
 l=0 |  -4.708 |   0.756 |   4.416 |  10.142 |  17.765
   1 |   0.747 |   3.629 |   8.480 |  15.208 |  23.776
   2 |   2.392 |   6.291 |  12.097 |  19.752 |  29.231
   3 |   3.960 |   8.895 |  15.662 |  24.250 |  34.647
   4 |   5.674 |  11.621 |  19.343 |  28.862 |  40.177
   5 |   7.575 |  14.528 |  23.200 |  33.648 |  45.881
   6 |   9.677 |  17.636 |  27.259 |  38.636 |  51.786
   7 |  11.982 |  20.954 |  31.530 |  43.838 |  57.906
 

Weighted band occupations (sum over k pts) :
 
     |   n=l+1 |       2 |       3 |       4 |       5
-----+---------+---------+---------+---------+---------
 l=0 |   0.779 |   0.168 |   0.057 |   0.008 |   0.001
   1 |   0.484 |   0.212 |   0.041 |   0.004 |   0.000
   2 |   0.525 |   0.142 |   0.019 |   0.001 |   0.000
   3 |   0.472 |   0.082 |   0.007 |   0.000 |   0.000
   4 |   0.365 |   0.041 |   0.002 |   0.000 |   0.000
   5 |   0.249 |   0.018 |   0.001 |   0.000 |   0.000
   6 |   0.152 |   0.007 |   0.000 |   0.000 |   0.000
   7 |   0.084 |   0.003 |   0.000 |   0.000 |   0.000
 

func:'CalcEnergy' took: 82.9190 sec
