Starting SCF energy calculation
 
iscf   E_free (Ha)    dE (1.0e-05)   dn (1.0e-04)   dv (1.0e-04)
-----------------------------------------------------------------
   0    -45.3230726      1.000e+00      9.998e-01      1.000e+00
   1    -45.3974457      1.638e-03      1.527e-01      6.905e-02
   2    -45.4170743      4.322e-04      2.745e-02      8.653e-03
   3    -45.4157629      2.887e-05      3.583e-03      2.334e-03
   4    -45.4153436      9.232e-06      9.557e-04      6.314e-04
   5    -45.4152258      2.594e-06      2.561e-04      1.715e-04
   6    -45.4151936      7.091e-07      6.873e-05      4.685e-05
-----------------------------------------------------------------
SCF cycle converged
 
Final energies (Ha)
 
---------------------------------------------
Kinetic energy                 :    20.7729
    orbitals                   :    20.7729
    unbound ideal approx.      :     0.0000
Electron-nuclear energy        :   -19.6769
Hartree energy                 :     4.9219
Exchange-correlation energy    :    -1.7392
    exchange                   :    -1.5244
    correlation                :    -0.2147
---------------------------------------------
Total energy                   :     4.2788
---------------------------------------------
Entropy                        :    17.3364
    orbitals                   :    17.3364
    unbound ideal approx.      :     0.0000
---------------------------------------------
Total free energy              :   -45.4152
---------------------------------------------

Chemical potential             :  -6.890
Mean ionization state          :   3.313
 
Orbital eigenvalues (band limits) (Ha) :
 
     |   n=l+1 |       2 |       3 |       4 |       5
-----+---------+---------+---------+---------+---------
 l=0 |  -4.863 |  -0.199 |   2.035 |   6.785 |  13.473
   1 |   0.013 |   1.666 |   5.575 |  11.371 |  19.022
   2 |   0.790 |   3.861 |   8.729 |  15.461 |  24.028
   3 |   1.665 |   5.954 |  11.816 |  19.496 |  28.989
   4 |   2.724 |   8.171 |  15.019 |  23.643 |  34.062
   5 |   3.976 |  10.568 |  18.397 |  27.964 |  39.307
   6 |   5.423 |  13.165 |  21.976 |  32.485 |  44.752
   7 |   7.066 |  15.969 |  25.766 |  37.218 |  50.411
 
     |   n=l+1 |       2 |       3 |       4 |       5
-----+---------+---------+---------+---------+---------
 l=0 |  -4.862 |   0.717 |   4.369 |  10.089 |  17.710
   1 |   0.704 |   3.583 |   8.428 |  15.154 |  23.719
   2 |   2.371 |   6.255 |  12.054 |  19.704 |  29.181
   3 |   3.945 |   8.866 |  15.625 |  24.208 |  34.602
   4 |   5.663 |  11.597 |  19.311 |  28.825 |  40.136
   5 |   7.566 |  14.508 |  23.172 |  33.615 |  45.844
   6 |   9.669 |  17.618 |  27.234 |  38.606 |  51.752
   7 |  11.975 |  20.938 |  31.508 |  43.810 |  57.875
 

Weighted band occupations (sum over k pts) :
 
     |   n=l+1 |       2 |       3 |       4 |       5
-----+---------+---------+---------+---------+---------
 l=0 |   0.660 |   0.152 |   0.058 |   0.010 |   0.001
   1 |   0.442 |   0.211 |   0.048 |   0.006 |   0.000
   2 |   0.497 |   0.155 |   0.025 |   0.002 |   0.000
   3 |   0.467 |   0.097 |   0.011 |   0.001 |   0.000
   4 |   0.379 |   0.054 |   0.004 |   0.000 |   0.000
   5 |   0.274 |   0.026 |   0.002 |   0.000 |   0.000
   6 |   0.179 |   0.012 |   0.000 |   0.000 |   0.000
   7 |   0.106 |   0.005 |   0.000 |   0.000 |   0.000
 

func:'CalcEnergy' took: 83.9194 sec
