Starting SCF energy calculation
 
iscf   E_free (Ha)    dE (1.0e-05)   dn (1.0e-04)   dv (1.0e-04)
-----------------------------------------------------------------
   0    -47.9236731      1.000e+00      9.998e-01      1.000e+00
   1    -47.9761650      1.094e-03      1.383e-01      6.068e-02
   2    -47.9919636      3.292e-04      2.240e-02      6.944e-03
   3    -47.9908354      2.351e-05      2.677e-03      1.949e-03
   4    -47.9904792      7.422e-06      7.444e-04      5.482e-04
   5    -47.9903762      2.147e-06      2.077e-04      1.546e-04
   6    -47.9903470      6.086e-07      5.803e-05      4.379e-05
-----------------------------------------------------------------
SCF cycle converged
 
Final energies (Ha)
 
---------------------------------------------
Kinetic energy                 :    21.3757
    orbitals                   :    21.3757
    unbound ideal approx.      :     0.0000
Electron-nuclear energy        :   -19.0192
Hartree energy                 :     4.8335
Exchange-correlation energy    :    -1.7071
    exchange                   :    -1.4935
    correlation                :    -0.2137
---------------------------------------------
Total energy                   :     5.4828
---------------------------------------------
Entropy                        :    17.7449
    orbitals                   :    17.7449
    unbound ideal approx.      :     0.0000
---------------------------------------------
Total free energy              :   -47.9903
---------------------------------------------

Chemical potential             :  -7.418
Mean ionization state          :   3.362
 
Orbital eigenvalues (band limits) (Ha) :
 
     |   n=l+1 |       2 |       3 |       4 |       5
-----+---------+---------+---------+---------+---------
 l=0 |  -4.929 |  -0.206 |   2.016 |   6.763 |  13.450
   1 |   0.005 |   1.645 |   5.553 |  11.348 |  18.998
   2 |   0.787 |   3.847 |   8.711 |  15.441 |  24.007
   3 |   1.663 |   5.944 |  11.802 |  19.479 |  28.970
   4 |   2.722 |   8.163 |  15.006 |  23.628 |  34.045
   5 |   3.974 |  10.562 |  18.387 |  27.950 |  39.291
   6 |   5.422 |  13.160 |  21.967 |  32.473 |  44.738
   7 |   7.064 |  15.964 |  25.757 |  37.208 |  50.398
 
     |   n=l+1 |       2 |       3 |       4 |       5
-----+---------+---------+---------+---------+---------
 l=0 |  -4.929 |   0.701 |   4.349 |  10.066 |  17.685
   1 |   0.685 |   3.563 |   8.406 |  15.130 |  23.695
   2 |   2.361 |   6.239 |  12.035 |  19.683 |  29.158
   3 |   3.939 |   8.853 |  15.609 |  24.190 |  34.582
   4 |   5.658 |  11.587 |  19.297 |  28.808 |  40.118
   5 |   7.562 |  14.499 |  23.160 |  33.600 |  45.827
   6 |   9.665 |  17.610 |  27.223 |  38.592 |  51.737
   7 |  11.972 |  20.931 |  31.498 |  43.798 |  57.861
 

Weighted band occupations (sum over k pts) :
 
     |   n=l+1 |       2 |       3 |       4 |       5
-----+---------+---------+---------+---------+---------
 l=0 |   0.609 |   0.146 |   0.058 |   0.011 |   0.001
   1 |   0.423 |   0.210 |   0.051 |   0.007 |   0.000
   2 |   0.484 |   0.160 |   0.028 |   0.003 |   0.000
   3 |   0.462 |   0.104 |   0.013 |   0.001 |   0.000
   4 |   0.384 |   0.060 |   0.005 |   0.000 |   0.000
   5 |   0.284 |   0.031 |   0.002 |   0.000 |   0.000
   6 |   0.191 |   0.014 |   0.001 |   0.000 |   0.000
   7 |   0.117 |   0.006 |   0.000 |   0.000 |   0.000
 

func:'CalcEnergy' took: 84.3821 sec
