Starting SCF energy calculation
 
iscf   E_free (Ha)    dE (1.0e-05)   dn (1.0e-04)   dv (1.0e-04)
-----------------------------------------------------------------
   0    -14.5599031      1.000e+00      9.998e-01      1.000e+00
   1    -15.1519160      3.907e-02      2.381e-01      1.714e-01
   2    -15.1742950      1.475e-03      3.691e-02      1.346e-02
   3    -15.1752522      6.308e-05      4.561e-03      3.736e-03
   4    -15.1753208      4.520e-06      1.260e-03      1.034e-03
   5    -15.1753249      2.706e-07      3.441e-04      2.862e-04
   6    -15.1753249      1.799e-09      9.361e-05      7.920e-05
-----------------------------------------------------------------
SCF cycle converged
 
Final energies (Ha)
 
---------------------------------------------
Kinetic energy                 :    17.5455
    orbitals                   :    17.5455
    unbound ideal approx.      :     0.0000
Electron-nuclear energy        :   -36.2884
Hartree energy                 :     9.2512
Exchange-correlation energy    :    -2.9393
    exchange                   :    -2.6820
    correlation                :    -0.2574
---------------------------------------------
Total energy                   :   -12.4310
---------------------------------------------
Entropy                        :     5.3340
    orbitals                   :     5.3340
    unbound ideal approx.      :     0.0000
---------------------------------------------
Total free energy              :   -15.1753
---------------------------------------------

Chemical potential             :   0.318
Mean ionization state          :   2.002
 
Orbital eigenvalues (Ha) :
 
     |   n=l+1 |       2 |       3 |       4 |       5
-----+---------+---------+---------+---------+---------
 l=0 |  -3.166 |   0.939 |   4.760 |  10.550 |  18.206
   1 |   0.956 |   3.968 |   8.875 |  15.638 |  24.227
   2 |   2.389 |   6.492 |  12.390 |  20.100 |  29.618
   3 |   3.890 |   9.001 |  15.871 |  24.524 |  34.969
   4 |   5.573 |  11.666 |  19.488 |  29.076 |  40.443
   5 |   7.459 |  14.529 |  23.297 |  33.815 |  46.100
   6 |   9.551 |  17.606 |  27.317 |  38.763 |  51.966
   7 |  11.852 |  20.900 |  31.558 |  43.932 |  58.053
 

Orbital occupations (2l+1) * f_{nl} :
 
     |   n=l+1 |       2 |       3 |       4 |       5
-----+---------+---------+---------+---------+---------
 l=0 |   1.998 |   0.460 |   0.000 |   0.000 |   0.000
   1 |   1.347 |   0.005 |   0.000 |   0.000 |   0.000
   2 |   0.176 |   0.000 |   0.000 |   0.000 |   0.000
   3 |   0.014 |   0.000 |   0.000 |   0.000 |   0.000
   4 |   0.001 |   0.000 |   0.000 |   0.000 |   0.000
   5 |   0.000 |   0.000 |   0.000 |   0.000 |   0.000
   6 |   0.000 |   0.000 |   0.000 |   0.000 |   0.000
   7 |   0.000 |   0.000 |   0.000 |   0.000 |   0.000
 

func:'CalcEnergy' took: 44.9987 sec
