Starting SCF energy calculation
 
iscf   E_free (Ha)    dE (1.0e-05)   dn (1.0e-04)   dv (1.0e-04)
-----------------------------------------------------------------
   0    -15.3937001      1.000e+00      9.998e-01      1.000e+00
   1    -15.9767720      3.649e-02      2.391e-01      1.680e-01
   2    -16.0018789      1.569e-03      4.103e-02      1.467e-02
   3    -16.0031080      7.680e-05      5.349e-03      3.957e-03
   4    -16.0031918      5.235e-06      1.444e-03      1.061e-03
   5    -16.0031965      2.949e-07      3.834e-04      2.839e-04
   6    -16.0031965      8.296e-10      1.013e-04      7.579e-05
   7    -16.0031964      5.321e-09      2.672e-05      2.010e-05
-----------------------------------------------------------------
SCF cycle converged
 
Final energies (Ha)
 
---------------------------------------------
Kinetic energy                 :    17.7514
    orbitals                   :    17.7514
    unbound ideal approx.      :     0.0000
Electron-nuclear energy        :   -36.0615
Hartree energy                 :     9.1578
Exchange-correlation energy    :    -2.9174
    exchange                   :    -2.6609
    correlation                :    -0.2565
---------------------------------------------
Total energy                   :   -12.0697
---------------------------------------------
Entropy                        :     5.9464
    orbitals                   :     5.9464
    unbound ideal approx.      :     0.0000
---------------------------------------------
Total free energy              :   -16.0032
---------------------------------------------

Chemical potential             :   0.055
Mean ionization state          :   2.015
 
Orbital eigenvalues (Ha) :
 
     |   n=l+1 |       2 |       3 |       4 |       5
-----+---------+---------+---------+---------+---------
 l=0 |  -3.198 |   0.928 |   4.745 |  10.535 |  18.191
   1 |   0.946 |   3.954 |   8.860 |  15.622 |  24.211
   2 |   2.381 |   6.481 |  12.377 |  20.086 |  29.603
   3 |   3.882 |   8.992 |  15.859 |  24.511 |  34.955
   4 |   5.566 |  11.658 |  19.478 |  29.065 |  40.431
   5 |   7.452 |  14.522 |  23.288 |  33.804 |  46.089
   6 |   9.544 |  17.599 |  27.309 |  38.753 |  51.955
   7 |  11.845 |  20.893 |  31.550 |  43.923 |  58.043
 

Orbital occupations (2l+1) * f_{nl} :
 
     |   n=l+1 |       2 |       3 |       4 |       5
-----+---------+---------+---------+---------+---------
 l=0 |   1.985 |   0.421 |   0.002 |   0.000 |   0.000
   1 |   1.238 |   0.016 |   0.000 |   0.000 |   0.000
   2 |   0.288 |   0.001 |   0.000 |   0.000 |   0.000
   3 |   0.043 |   0.000 |   0.000 |   0.000 |   0.000
   4 |   0.004 |   0.000 |   0.000 |   0.000 |   0.000
   5 |   0.000 |   0.000 |   0.000 |   0.000 |   0.000
   6 |   0.000 |   0.000 |   0.000 |   0.000 |   0.000
   7 |   0.000 |   0.000 |   0.000 |   0.000 |   0.000
 

func:'CalcEnergy' took: 56.2032 sec
