Starting SCF energy calculation
 
iscf   E_free (Ha)    dE (1.0e-05)   dn (1.0e-04)   dv (1.0e-04)
-----------------------------------------------------------------
   0    -13.8119881      1.000e+00      9.998e-01      1.000e+00
   1    -14.4075534      4.134e-02      2.384e-01      1.737e-01
   2    -14.4292240      1.502e-03      3.586e-02      1.312e-02
   3    -14.4301175      6.192e-05      4.374e-03      3.673e-03
   4    -14.4301825      4.506e-06      1.215e-03      1.027e-03
   5    -14.4301865      2.782e-07      3.340e-04      2.875e-04
   6    -14.4301866      3.603e-09      9.150e-05      8.062e-05
-----------------------------------------------------------------
SCF cycle converged
 
Final energies (Ha)
 
---------------------------------------------
Kinetic energy                 :    17.4018
    orbitals                   :    17.4018
    unbound ideal approx.      :     0.0000
Electron-nuclear energy        :   -36.4128
Hartree energy                 :     9.3089
Exchange-correlation energy    :    -2.9521
    exchange                   :    -2.6942
    correlation                :    -0.2579
---------------------------------------------
Total energy                   :   -12.6543
---------------------------------------------
Entropy                        :     4.8325
    orbitals                   :     4.8325
    unbound ideal approx.      :     0.0000
---------------------------------------------
Total free energy              :   -14.4302
---------------------------------------------

Chemical potential             :   0.539
Mean ionization state          :   2.000
 
Orbital eigenvalues (Ha) :
 
     |   n=l+1 |       2 |       3 |       4 |       5
-----+---------+---------+---------+---------+---------
 l=0 |  -3.146 |   0.947 |   4.768 |  10.559 |  18.216
   1 |   0.963 |   3.977 |   8.884 |  15.647 |  24.237
   2 |   2.395 |   6.500 |  12.398 |  20.109 |  29.627
   3 |   3.895 |   9.008 |  15.878 |  24.532 |  34.977
   4 |   5.578 |  11.672 |  19.495 |  29.084 |  40.451
   5 |   7.464 |  14.535 |  23.303 |  33.822 |  46.108
   6 |   9.556 |  17.611 |  27.323 |  38.769 |  51.973
   7 |  11.857 |  20.905 |  31.563 |  43.938 |  58.060
 

Orbital occupations (2l+1) * f_{nl} :
 
     |   n=l+1 |       2 |       3 |       4 |       5
-----+---------+---------+---------+---------+---------
 l=0 |   2.000 |   0.496 |   0.000 |   0.000 |   0.000
   1 |   1.438 |   0.001 |   0.000 |   0.000 |   0.000
   2 |   0.064 |   0.000 |   0.000 |   0.000 |   0.000
   3 |   0.002 |   0.000 |   0.000 |   0.000 |   0.000
   4 |   0.000 |   0.000 |   0.000 |   0.000 |   0.000
   5 |   0.000 |   0.000 |   0.000 |   0.000 |   0.000
   6 |   0.000 |   0.000 |   0.000 |   0.000 |   0.000
   7 |   0.000 |   0.000 |   0.000 |   0.000 |   0.000
 

func:'CalcEnergy' took: 44.9468 sec
