Starting SCF energy calculation
 
iscf   E_free (Ha)    dE (1.0e-05)   dn (1.0e-04)   dv (1.0e-04)
-----------------------------------------------------------------
   0    -12.4182154      1.000e+00      9.998e-01      1.000e+00
   1    -13.0599260      4.914e-02      2.628e-01      1.896e-01
   2    -13.0822773      1.709e-03      3.803e-02      1.192e-02
   3    -13.0832567      7.486e-05      4.787e-03      3.414e-03
   4    -13.0833275      5.412e-06      1.317e-03      9.843e-04
   5    -13.0833320      3.437e-07      3.570e-04      2.869e-04
   6    -13.0833322      9.673e-09      9.623e-05      8.456e-05
-----------------------------------------------------------------
SCF cycle converged
 
Final energies (Ha)
 
---------------------------------------------
Kinetic energy                 :    17.3833
    orbitals                   :    17.3833
    unbound ideal approx.      :     0.0000
Electron-nuclear energy        :   -36.5117
Hartree energy                 :     9.3352
Exchange-correlation energy    :    -2.9600
    exchange                   :    -2.7019
    correlation                :    -0.2581
---------------------------------------------
Total energy                   :   -12.7532
---------------------------------------------
Entropy                        :     4.4916
    orbitals                   :     4.4916
    unbound ideal approx.      :     0.0000
---------------------------------------------
Total free energy              :   -13.0833
---------------------------------------------

Chemical potential             :   0.880
Mean ionization state          :   2.000
 
Orbital eigenvalues (Ha) :
 
     |   n=l+1 |       2 |       3 |       4 |       5
-----+---------+---------+---------+---------+---------
 l=0 |  -3.136 |   0.949 |   4.772 |  10.563 |  18.220
   1 |   0.965 |   3.981 |   8.888 |  15.651 |  24.241
   2 |   2.396 |   6.502 |  12.401 |  20.112 |  29.631
   3 |   3.897 |   9.010 |  15.881 |  24.535 |  34.981
   4 |   5.580 |  11.673 |  19.497 |  29.087 |  40.454
   5 |   7.465 |  14.536 |  23.305 |  33.824 |  46.111
   6 |   9.558 |  17.612 |  27.324 |  38.771 |  51.976
   7 |  11.858 |  20.906 |  31.565 |  43.939 |  58.062
 

Orbital occupations (2l+1) * f_{nl} :
 
     |   n=l+1 |       2 |       3 |       4 |       5
-----+---------+---------+---------+---------+---------
 l=0 |   2.000 |   0.564 |   0.000 |   0.000 |   0.000
   1 |   1.436 |   0.000 |   0.000 |   0.000 |   0.000
   2 |   0.000 |   0.000 |   0.000 |   0.000 |   0.000
   3 |   0.000 |   0.000 |   0.000 |   0.000 |   0.000
   4 |   0.000 |   0.000 |   0.000 |   0.000 |   0.000
   5 |   0.000 |   0.000 |   0.000 |   0.000 |   0.000
   6 |   0.000 |   0.000 |   0.000 |   0.000 |   0.000
   7 |   0.000 |   0.000 |   0.000 |   0.000 |   0.000
 

func:'CalcEnergy' took: 49.2262 sec
