Starting SCF energy calculation
 
iscf   E_free (Ha)    dE (1.0e-05)   dn (1.0e-04)   dv (1.0e-04)
-----------------------------------------------------------------
   0    -17.3408640      1.000e+00      9.998e-01      1.000e+00
   1    -17.9174193      3.218e-02      2.600e-01      1.680e-01
   2    -17.9584858      2.287e-03      6.373e-02      2.165e-02
   3    -17.9618395      1.867e-04      1.036e-02      5.098e-03
   4    -17.9620114      9.568e-06      2.467e-03      1.179e-03
   5    -17.9620175      3.393e-07      5.685e-04      2.708e-04
   6    -17.9620171      2.100e-08      1.301e-04      6.161e-05
   7    -17.9620169      1.032e-08      2.979e-05      1.365e-05
-----------------------------------------------------------------
SCF cycle converged
 
Final energies (Ha)
 
---------------------------------------------
Kinetic energy                 :    18.2163
    orbitals                   :    18.2163
    unbound ideal approx.      :     0.0000
Electron-nuclear energy        :   -35.0425
Hartree energy                 :     8.8070
Exchange-correlation energy    :    -2.8272
    exchange                   :    -2.5738
    correlation                :    -0.2534
---------------------------------------------
Total energy                   :   -10.8463
---------------------------------------------
Entropy                        :     7.4472
    orbitals                   :     7.4472
    unbound ideal approx.      :     0.0000
---------------------------------------------
Total free energy              :   -17.9620
---------------------------------------------

Chemical potential             :  -0.565
Mean ionization state          :   2.105
 
Orbital eigenvalues (Ha) :
 
     |   n=l+1 |       2 |       3 |       4 |       5
-----+---------+---------+---------+---------+---------
 l=0 |  -3.328 |   0.890 |   4.695 |  10.481 |  18.135
   1 |   0.910 |   3.904 |   8.807 |  15.568 |  24.155
   2 |   2.356 |   6.443 |  12.332 |  20.037 |  29.552
   3 |   3.860 |   8.962 |  15.821 |  24.468 |  34.909
   4 |   5.545 |  11.631 |  19.445 |  29.026 |  40.388
   5 |   7.431 |  14.498 |  23.258 |  33.769 |  46.050
   6 |   9.524 |  17.577 |  27.282 |  38.721 |  51.920
   7 |  11.825 |  20.872 |  31.525 |  43.893 |  58.009
 

Orbital occupations (2l+1) * f_{nl} :
 
     |   n=l+1 |       2 |       3 |       4 |       5
-----+---------+---------+---------+---------+---------
 l=0 |   1.895 |   0.358 |   0.008 |   0.000 |   0.000
   1 |   1.056 |   0.055 |   0.000 |   0.000 |   0.000
   2 |   0.449 |   0.007 |   0.000 |   0.000 |   0.000
   3 |   0.135 |   0.001 |   0.000 |   0.000 |   0.000
   4 |   0.030 |   0.000 |   0.000 |   0.000 |   0.000
   5 |   0.005 |   0.000 |   0.000 |   0.000 |   0.000
   6 |   0.001 |   0.000 |   0.000 |   0.000 |   0.000
   7 |   0.000 |   0.000 |   0.000 |   0.000 |   0.000
 

func:'CalcEnergy' took: 58.7698 sec
