Starting SCF energy calculation
 
iscf   E_free (Ha)    dE (1.0e-05)   dn (1.0e-04)   dv (1.0e-04)
-----------------------------------------------------------------
   0    -16.3176733      1.000e+00      9.998e-01      1.000e+00
   1    -16.8933613      3.408e-02      2.458e-01      1.665e-01
   2    -16.9247869      1.857e-03      5.012e-02      1.750e-02
   3    -16.9267227      1.144e-04      7.232e-03      4.453e-03
   4    -16.9268368      6.742e-06      1.854e-03      1.120e-03
   5    -16.9268413      2.661e-07      4.639e-04      2.805e-04
   6    -16.9268409      2.288e-08      1.153e-04      6.977e-05
   7    -16.9268407      1.159e-08      2.861e-05      1.709e-05
-----------------------------------------------------------------
SCF cycle converged
 
Final energies (Ha)
 
---------------------------------------------
Kinetic energy                 :    17.9819
    orbitals                   :    17.9819
    unbound ideal approx.      :     0.0000
Electron-nuclear energy        :   -35.6599
Hartree energy                 :     9.0123
Exchange-correlation energy    :    -2.8809
    exchange                   :    -2.6257
    correlation                :    -0.2552
---------------------------------------------
Total energy                   :   -11.5466
---------------------------------------------
Entropy                        :     6.6548
    orbitals                   :     6.6548
    unbound ideal approx.      :     0.0000
---------------------------------------------
Total free energy              :   -16.9268
---------------------------------------------

Chemical potential             :  -0.243
Mean ionization state          :   2.047
 
Orbital eigenvalues (Ha) :
 
     |   n=l+1 |       2 |       3 |       4 |       5
-----+---------+---------+---------+---------+---------
 l=0 |  -3.251 |   0.912 |   4.724 |  10.513 |  18.167
   1 |   0.930 |   3.932 |   8.838 |  15.599 |  24.188
   2 |   2.370 |   6.465 |  12.358 |  20.065 |  29.582
   3 |   3.872 |   8.979 |  15.843 |  24.493 |  34.935
   4 |   5.556 |  11.646 |  19.464 |  29.048 |  40.413
   5 |   7.442 |  14.512 |  23.275 |  33.789 |  46.072
   6 |   9.535 |  17.589 |  27.297 |  38.739 |  51.940
   7 |  11.836 |  20.884 |  31.539 |  43.910 |  58.029
 

Orbital occupations (2l+1) * f_{nl} :
 
     |   n=l+1 |       2 |       3 |       4 |       5
-----+---------+---------+---------+---------+---------
 l=0 |   1.953 |   0.386 |   0.004 |   0.000 |   0.000
   1 |   1.139 |   0.034 |   0.000 |   0.000 |   0.000
   2 |   0.380 |   0.002 |   0.000 |   0.000 |   0.000
   3 |   0.086 |   0.000 |   0.000 |   0.000 |   0.000
   4 |   0.014 |   0.000 |   0.000 |   0.000 |   0.000
   5 |   0.002 |   0.000 |   0.000 |   0.000 |   0.000
   6 |   0.000 |   0.000 |   0.000 |   0.000 |   0.000
   7 |   0.000 |   0.000 |   0.000 |   0.000 |   0.000
 

func:'CalcEnergy' took: 59.4959 sec
