Starting SCF energy calculation
 
iscf   E_free (Ha)    dE (1.0e-05)   dn (1.0e-04)   dv (1.0e-04)
-----------------------------------------------------------------
   0    -19.7310002      1.000e+00      9.998e-01      1.000e+00
   1    -20.3255468      2.925e-02      2.960e-01      1.727e-01
   2    -20.3881783      3.072e-03      9.199e-02      2.934e-02
   3    -20.3955596      3.619e-04      1.783e-02      5.976e-03
   4    -20.3958300      1.325e-05      3.671e-03      1.193e-03
   5    -20.3958341      2.015e-07      7.293e-04      2.370e-04
   6    -20.3958329      5.616e-08      1.447e-04      4.657e-05
   7    -20.3958326      1.552e-08      2.912e-05      8.744e-06
-----------------------------------------------------------------
SCF cycle converged
 
Final energies (Ha)
 
---------------------------------------------
Kinetic energy                 :    18.7106
    orbitals                   :    18.7106
    unbound ideal approx.      :     0.0000
Electron-nuclear energy        :   -33.2847
Hartree energy                 :     8.2713
Exchange-correlation energy    :    -2.6814
    exchange                   :    -2.4327
    correlation                :    -0.2486
---------------------------------------------
Total energy                   :    -8.9842
---------------------------------------------
Entropy                        :     9.1331
    orbitals                   :     9.1331
    unbound ideal approx.      :     0.0000
---------------------------------------------
Total free energy              :   -20.3958
---------------------------------------------

Chemical potential             :  -1.258
Mean ionization state          :   2.277
 
Orbital eigenvalues (Ha) :
 
     |   n=l+1 |       2 |       3 |       4 |       5
-----+---------+---------+---------+---------+---------
 l=0 |  -3.540 |   0.833 |   4.619 |  10.399 |  18.049
   1 |   0.856 |   3.829 |   8.727 |  15.483 |  24.068
   2 |   2.321 |   6.388 |  12.266 |  19.964 |  29.474
   3 |   3.831 |   8.917 |  15.765 |  24.404 |  34.839
   4 |   5.518 |  11.594 |  19.396 |  28.970 |  40.326
   5 |   7.406 |  14.465 |  23.214 |  33.718 |  45.993
   6 |   9.500 |  17.546 |  27.242 |  38.674 |  51.867
   7 |  11.801 |  20.844 |  31.489 |  43.850 |  57.961
 

Orbital occupations (2l+1) * f_{nl} :
 
     |   n=l+1 |       2 |       3 |       4 |       5
-----+---------+---------+---------+---------+---------
 l=0 |   1.723 |   0.316 |   0.018 |   0.000 |   0.000
   1 |   0.933 |   0.101 |   0.002 |   0.000 |   0.000
   2 |   0.540 |   0.022 |   0.000 |   0.000 |   0.000
   3 |   0.234 |   0.004 |   0.000 |   0.000 |   0.000
   4 |   0.079 |   0.001 |   0.000 |   0.000 |   0.000
   5 |   0.021 |   0.000 |   0.000 |   0.000 |   0.000
   6 |   0.005 |   0.000 |   0.000 |   0.000 |   0.000
   7 |   0.001 |   0.000 |   0.000 |   0.000 |   0.000
 

func:'CalcEnergy' took: 59.6532 sec
