Starting SCF energy calculation
 
iscf   E_free (Ha)    dE (1.0e-05)   dn (1.0e-04)   dv (1.0e-04)
-----------------------------------------------------------------
   0    -18.4698114      1.000e+00      9.998e-01      1.000e+00
   1    -19.0600400      3.097e-02      2.785e-01      1.709e-01
   2    -19.1089856      2.561e-03      7.895e-02      2.600e-02
   3    -19.1142907      2.775e-04      1.422e-02      5.645e-03
   4    -19.1145091      1.143e-05      3.132e-03      1.200e-03
   5    -19.1145124      1.708e-07      6.642e-04      2.532e-04
   6    -19.1145111      6.585e-08      1.401e-04      5.267e-05
   7    -19.1145108      1.925e-08      2.985e-05      1.050e-05
-----------------------------------------------------------------
SCF cycle converged
 
Final energies (Ha)
 
---------------------------------------------
Kinetic energy                 :    18.4558
    orbitals                   :    18.4558
    unbound ideal approx.      :     0.0000
Electron-nuclear energy        :   -34.2320
Hartree energy                 :     8.5531
Exchange-correlation energy    :    -2.7589
    exchange                   :    -2.5077
    correlation                :    -0.2511
---------------------------------------------
Total energy                   :    -9.9820
---------------------------------------------
Entropy                        :     8.2836
    orbitals                   :     8.2836
    unbound ideal approx.      :     0.0000
---------------------------------------------
Total free energy              :   -19.1145
---------------------------------------------

Chemical potential             :  -0.904
Mean ionization state          :   2.184
 
Orbital eigenvalues (Ha) :
 
     |   n=l+1 |       2 |       3 |       4 |       5
-----+---------+---------+---------+---------+---------
 l=0 |  -3.426 |   0.864 |   4.659 |  10.442 |  18.094
   1 |   0.884 |   3.869 |   8.769 |  15.528 |  24.115
   2 |   2.339 |   6.417 |  12.301 |  20.003 |  29.515
   3 |   3.846 |   8.940 |  15.795 |  24.438 |  34.876
   4 |   5.532 |  11.614 |  19.422 |  29.000 |  40.359
   5 |   7.419 |  14.482 |  23.237 |  33.745 |  46.023
   6 |   9.512 |  17.562 |  27.263 |  38.699 |  51.895
   7 |  11.813 |  20.859 |  31.508 |  43.873 |  57.986
 

Orbital occupations (2l+1) * f_{nl} :
 
     |   n=l+1 |       2 |       3 |       4 |       5
-----+---------+---------+---------+---------+---------
 l=0 |   1.816 |   0.335 |   0.013 |   0.000 |   0.000
   1 |   0.989 |   0.078 |   0.001 |   0.000 |   0.000
   2 |   0.501 |   0.013 |   0.000 |   0.000 |   0.000
   3 |   0.186 |   0.002 |   0.000 |   0.000 |   0.000
   4 |   0.052 |   0.000 |   0.000 |   0.000 |   0.000
   5 |   0.012 |   0.000 |   0.000 |   0.000 |   0.000
   6 |   0.002 |   0.000 |   0.000 |   0.000 |   0.000
   7 |   0.000 |   0.000 |   0.000 |   0.000 |   0.000
 

func:'CalcEnergy' took: 59.8058 sec
