Starting SCF energy calculation
 
iscf   E_free (Ha)    dE (1.0e-05)   dn (1.0e-04)   dv (1.0e-04)
-----------------------------------------------------------------
   0    -21.1204354      1.000e+00      9.998e-01      1.000e+00
   1    -21.7225016      2.772e-02      3.077e-01      1.715e-01
   2    -21.7875821      2.987e-03      1.001e-01      3.095e-02
   3    -21.7962849      3.993e-04      2.025e-02      6.060e-03
   4    -21.7999048      1.661e-04      3.982e-03      1.169e-03
   5    -21.7999096      2.198e-07      7.612e-04      2.256e-04
   6    -21.7999086      4.545e-08      1.457e-04      4.342e-05
   7    -21.7999083      1.234e-08      2.838e-05      8.106e-06
-----------------------------------------------------------------
SCF cycle converged
 
Final energies (Ha)
 
---------------------------------------------
Kinetic energy                 :    18.9908
    orbitals                   :    18.9908
    unbound ideal approx.      :     0.0000
Electron-nuclear energy        :   -32.2567
Hartree energy                 :     7.9802
Exchange-correlation energy    :    -2.5999
    exchange                   :    -2.3538
    correlation                :    -0.2460
---------------------------------------------
Total energy                   :    -7.8855
---------------------------------------------
Entropy                        :     9.9640
    orbitals                   :     9.9640
    unbound ideal approx.      :     0.0000
---------------------------------------------
Total free energy              :   -21.7999
---------------------------------------------

Chemical potential             :  -1.625
Mean ionization state          :   2.377
 
Orbital eigenvalues (Ha) :
 
     |   n=l+1 |       2 |       3 |       4 |       5
-----+---------+---------+---------+---------+---------
 l=0 |  -3.662 |   0.802 |   4.576 |  10.352 |  18.000
   1 |   0.825 |   3.787 |   8.682 |  15.436 |  24.020
   2 |   2.301 |   6.357 |  12.229 |  19.923 |  29.430
   3 |   3.815 |   8.892 |  15.734 |  24.369 |  34.800
   4 |   5.504 |  11.573 |  19.369 |  28.938 |  40.290
   5 |   7.393 |  14.446 |  23.190 |  33.690 |  45.961
   6 |   9.487 |  17.530 |  27.221 |  38.648 |  51.837
   7 |  11.789 |  20.829 |  31.469 |  43.826 |  57.933
 

Orbital occupations (2l+1) * f_{nl} :
 
     |   n=l+1 |       2 |       3 |       4 |       5
-----+---------+---------+---------+---------+---------
 l=0 |   1.623 |   0.299 |   0.023 |   0.000 |   0.000
   1 |   0.885 |   0.122 |   0.004 |   0.000 |   0.000
   2 |   0.567 |   0.033 |   0.000 |   0.000 |   0.000
   3 |   0.279 |   0.008 |   0.000 |   0.000 |   0.000
   4 |   0.109 |   0.001 |   0.000 |   0.000 |   0.000
   5 |   0.034 |   0.000 |   0.000 |   0.000 |   0.000
   6 |   0.009 |   0.000 |   0.000 |   0.000 |   0.000
   7 |   0.002 |   0.000 |   0.000 |   0.000 |   0.000
 

func:'CalcEnergy' took: 59.0638 sec
