Starting SCF energy calculation
 
iscf   E_free (Ha)    dE (1.0e-05)   dn (1.0e-04)   dv (1.0e-04)
-----------------------------------------------------------------
   0    -24.3201848      1.000e+00      9.998e-01      1.000e+00
   1    -24.8810066      2.254e-02      3.068e-01      1.590e-01
   2    -24.9468184      2.638e-03      9.980e-02      2.919e-02
   3    -24.9549679      3.266e-04      2.043e-02      5.670e-03
   4    -24.9552110      9.742e-06      3.938e-03      1.099e-03
   5    -24.9552094      6.451e-08      7.516e-04      2.155e-04
   6    -24.9552073      8.305e-08      1.441e-04      4.287e-05
   7    -24.9552068      1.909e-08      2.804e-05      8.624e-06
-----------------------------------------------------------------
SCF cycle converged
 
Final energies (Ha)
 
---------------------------------------------
Kinetic energy                 :    19.6525
    orbitals                   :    19.6525
    unbound ideal approx.      :     0.0000
Electron-nuclear energy        :   -30.1210
Hartree energy                 :     7.4188
Exchange-correlation energy    :    -2.4382
    exchange                   :    -2.1974
    correlation                :    -0.2409
---------------------------------------------
Total energy                   :    -5.4879
---------------------------------------------
Entropy                        :    11.5159
    orbitals                   :    11.5159
    unbound ideal approx.      :     0.0000
---------------------------------------------
Total free energy              :   -24.9552
---------------------------------------------

Chemical potential             :  -2.397
Mean ionization state          :   2.580
 
Orbital eigenvalues (Ha) :
 
     |   n=l+1 |       2 |       3 |       4 |       5
-----+---------+---------+---------+---------+---------
 l=0 |  -3.912 |   0.738 |   4.489 |  10.258 |  17.902
   1 |   0.762 |   3.703 |   8.591 |  15.340 |  23.921
   2 |   2.263 |   6.293 |  12.154 |  19.840 |  29.341
   3 |   3.784 |   8.842 |  15.670 |  24.296 |  34.721
   4 |   5.476 |  11.530 |  19.314 |  28.874 |  40.219
   5 |   7.367 |  14.409 |  23.142 |  33.632 |  45.896
   6 |   9.462 |  17.497 |  27.177 |  38.596 |  51.778
   7 |  11.765 |  20.798 |  31.429 |  43.778 |  57.878
 

Orbital occupations (2l+1) * f_{nl} :
 
     |   n=l+1 |       2 |       3 |       4 |       5
-----+---------+---------+---------+---------+---------
 l=0 |   1.420 |   0.271 |   0.033 |   0.001 |   0.000
   1 |   0.802 |   0.158 |   0.009 |   0.000 |   0.000
   2 |   0.597 |   0.058 |   0.002 |   0.000 |   0.000
   3 |   0.353 |   0.018 |   0.000 |   0.000 |   0.000
   4 |   0.169 |   0.005 |   0.000 |   0.000 |   0.000
   5 |   0.068 |   0.001 |   0.000 |   0.000 |   0.000
   6 |   0.023 |   0.000 |   0.000 |   0.000 |   0.000
   7 |   0.007 |   0.000 |   0.000 |   0.000 |   0.000
 

func:'CalcEnergy' took: 58.8788 sec
