Starting SCF energy calculation
 
iscf   E_free (Ha)    dE (1.0e-05)   dn (1.0e-04)   dv (1.0e-04)
-----------------------------------------------------------------
   0    -22.6569941      1.000e+00      9.998e-01      1.000e+00
   1    -23.2414698      2.515e-02      3.112e-01      1.668e-01
   2    -23.3110200      2.984e-03      1.025e-01      3.079e-02
   3    -23.3199412      3.826e-04      2.107e-02      5.940e-03
   4    -23.3202141      1.170e-05      4.057e-03      1.137e-03
   5    -23.3202143      6.185e-09      7.664e-04      2.190e-04
   6    -23.3202124      7.847e-08      1.453e-04      4.249e-05
   7    -23.3202120      1.851e-08      2.803e-05      8.183e-06
-----------------------------------------------------------------
SCF cycle converged
 
Final energies (Ha)
 
---------------------------------------------
Kinetic energy                 :    19.3035
    orbitals                   :    19.3035
    unbound ideal approx.      :     0.0000
Electron-nuclear energy        :   -31.1919
Hartree energy                 :     7.6934
Exchange-correlation energy    :    -2.5180
    exchange                   :    -2.2746
    correlation                :    -0.2434
---------------------------------------------
Total energy                   :    -6.7130
---------------------------------------------
Entropy                        :    10.7596
    orbitals                   :    10.7596
    unbound ideal approx.      :     0.0000
---------------------------------------------
Total free energy              :   -23.3202
---------------------------------------------

Chemical potential             :  -2.004
Mean ionization state          :   2.479
 
Orbital eigenvalues (Ha) :
 
     |   n=l+1 |       2 |       3 |       4 |       5
-----+---------+---------+---------+---------+---------
 l=0 |  -3.787 |   0.769 |   4.532 |  10.305 |  17.951
   1 |   0.794 |   3.745 |   8.636 |  15.388 |  23.970
   2 |   2.282 |   6.325 |  12.191 |  19.881 |  29.386
   3 |   3.799 |   8.867 |  15.702 |  24.332 |  34.760
   4 |   5.490 |  11.551 |  19.341 |  28.906 |  40.255
   5 |   7.379 |  14.428 |  23.166 |  33.661 |  45.928
   6 |   9.475 |  17.513 |  27.199 |  38.622 |  51.808
   7 |  11.777 |  20.813 |  31.449 |  43.802 |  57.906
 

Orbital occupations (2l+1) * f_{nl} :
 
     |   n=l+1 |       2 |       3 |       4 |       5
-----+---------+---------+---------+---------+---------
 l=0 |   1.521 |   0.284 |   0.029 |   0.001 |   0.000
   1 |   0.842 |   0.141 |   0.006 |   0.000 |   0.000
   2 |   0.586 |   0.045 |   0.001 |   0.000 |   0.000
   3 |   0.319 |   0.012 |   0.000 |   0.000 |   0.000
   4 |   0.139 |   0.003 |   0.000 |   0.000 |   0.000
   5 |   0.050 |   0.001 |   0.000 |   0.000 |   0.000
   6 |   0.015 |   0.000 |   0.000 |   0.000 |   0.000
   7 |   0.004 |   0.000 |   0.000 |   0.000 |   0.000
 

func:'CalcEnergy' took: 59.2689 sec
