Starting SCF energy calculation
 
iscf   E_free (Ha)    dE (1.0e-05)   dn (1.0e-04)   dv (1.0e-04)
-----------------------------------------------------------------
   0    -30.0074882      1.000e+00      9.998e-01      1.000e+00
   1    -30.4412941      1.425e-02      2.621e-01      1.262e-01
   2    -30.4833050      1.378e-03      7.525e-02      2.059e-02
   3    -30.4871100      1.248e-04      1.399e-02      4.409e-03
   4    -30.4872225      3.689e-06      2.949e-03      9.494e-04
   5    -30.4872157      2.234e-07      6.244e-04      2.067e-04
   6    -30.4872128      9.321e-08      1.327e-04      4.579e-05
   7    -30.4872121      2.228e-08      2.840e-05      1.038e-05
-----------------------------------------------------------------
SCF cycle converged
 
Final energies (Ha)
 
---------------------------------------------
Kinetic energy                 :    20.9299
    orbitals                   :    20.9299
    unbound ideal approx.      :     0.0000
Electron-nuclear energy        :   -27.0475
Hartree energy                 :     6.7038
Exchange-correlation energy    :    -2.2236
    exchange                   :    -1.9896
    correlation                :    -0.2340
---------------------------------------------
Total energy                   :    -1.6374
---------------------------------------------
Entropy                        :    13.5353
    orbitals                   :    13.5353
    unbound ideal approx.      :     0.0000
---------------------------------------------
Total free energy              :   -30.4872
---------------------------------------------

Chemical potential             :  -3.650
Mean ionization state          :   2.856
 
Orbital eigenvalues (Ha) :
 
     |   n=l+1 |       2 |       3 |       4 |       5
-----+---------+---------+---------+---------+---------
 l=0 |  -4.266 |   0.648 |   4.369 |  10.127 |  17.765
   1 |   0.671 |   3.585 |   8.464 |  15.206 |  23.782
   2 |   2.208 |   6.204 |  12.048 |  19.724 |  29.217
   3 |   3.741 |   8.770 |  15.581 |  24.195 |  34.610
   4 |   5.438 |  11.471 |  19.236 |  28.784 |  40.120
   5 |   7.332 |  14.358 |  23.073 |  33.551 |  45.805
   6 |   9.429 |  17.450 |  27.115 |  38.522 |  51.695
   7 |  11.733 |  20.756 |  31.373 |  43.710 |  57.801
 

Orbital occupations (2l+1) * f_{nl} :
 
     |   n=l+1 |       2 |       3 |       4 |       5
-----+---------+---------+---------+---------+---------
 l=0 |   1.144 |   0.235 |   0.045 |   0.003 |   0.000
   1 |   0.698 |   0.195 |   0.020 |   0.001 |   0.000
   2 |   0.602 |   0.097 |   0.006 |   0.000 |   0.000
   3 |   0.423 |   0.041 |   0.002 |   0.000 |   0.000
   4 |   0.250 |   0.015 |   0.000 |   0.000 |   0.000
   5 |   0.127 |   0.005 |   0.000 |   0.000 |   0.000
   6 |   0.056 |   0.001 |   0.000 |   0.000 |   0.000
   7 |   0.022 |   0.000 |   0.000 |   0.000 |   0.000
 

func:'CalcEnergy' took: 61.9837 sec
