Starting SCF energy calculation
 
iscf   E_free (Ha)    dE (1.0e-05)   dn (1.0e-04)   dv (1.0e-04)
-----------------------------------------------------------------
   0    -26.1133552      1.000e+00      9.998e-01      1.000e+00
   1    -26.6319507      1.947e-02      2.958e-01      1.490e-01
   2    -26.6910261      2.213e-03      9.342e-02      2.667e-02
   3    -26.6977849      2.532e-04      1.874e-02      5.301e-03
   4    -26.6979823      7.395e-06      3.681e-03      1.056e-03
   5    -26.6979780      1.603e-07      7.210e-04      2.132e-04
   6    -26.6979755      9.401e-08      1.419e-04      4.383e-05
   7    -26.6979749      2.148e-08      2.825e-05      9.205e-06
-----------------------------------------------------------------
SCF cycle converged
 
Final energies (Ha)
 
---------------------------------------------
Kinetic energy                 :    20.0397
    orbitals                   :    20.0397
    unbound ideal approx.      :     0.0000
Electron-nuclear energy        :   -29.0648
Hartree energy                 :     7.1612
Exchange-correlation energy    :    -2.3621
    exchange                   :    -2.1237
    correlation                :    -0.2384
---------------------------------------------
Total energy                   :    -4.2259
---------------------------------------------
Entropy                        :    12.2299
    orbitals                   :    12.2299
    unbound ideal approx.      :     0.0000
---------------------------------------------
Total free energy              :   -26.6980
---------------------------------------------

Chemical potential             :  -2.802
Mean ionization state          :   2.677
 
Orbital eigenvalues (Ha) :
 
     |   n=l+1 |       2 |       3 |       4 |       5
-----+---------+---------+---------+---------+---------
 l=0 |  -4.035 |   0.706 |   4.447 |  10.213 |  17.854
   1 |   0.731 |   3.662 |   8.547 |  15.294 |  23.873
   2 |   2.244 |   6.262 |  12.117 |  19.800 |  29.298
   3 |   3.769 |   8.817 |  15.639 |  24.261 |  34.683
   4 |   5.463 |  11.510 |  19.287 |  28.843 |  40.185
   5 |   7.354 |  14.392 |  23.118 |  33.604 |  45.865
   6 |   9.451 |  17.480 |  27.156 |  38.570 |  51.749
   7 |  11.754 |  20.784 |  31.410 |  43.754 |  57.852
 

Orbital occupations (2l+1) * f_{nl} :
 
     |   n=l+1 |       2 |       3 |       4 |       5
-----+---------+---------+---------+---------+---------
 l=0 |   1.323 |   0.258 |   0.038 |   0.002 |   0.000
   1 |   0.765 |   0.173 |   0.012 |   0.000 |   0.000
   2 |   0.603 |   0.072 |   0.003 |   0.000 |   0.000
   3 |   0.381 |   0.025 |   0.001 |   0.000 |   0.000
   4 |   0.198 |   0.007 |   0.000 |   0.000 |   0.000
   5 |   0.087 |   0.002 |   0.000 |   0.000 |   0.000
   6 |   0.033 |   0.000 |   0.000 |   0.000 |   0.000
   7 |   0.011 |   0.000 |   0.000 |   0.000 |   0.000
 

func:'CalcEnergy' took: 60.2738 sec
