Starting SCF energy calculation
 
iscf   E_free (Ha)    dE (1.0e-05)   dn (1.0e-04)   dv (1.0e-04)
-----------------------------------------------------------------
   0    -28.0081356      1.000e+00      9.998e-01      1.000e+00
   1    -28.4804333      1.658e-02      2.803e-01      1.378e-01
   2    -28.5317207      1.798e-03      8.482e-02      2.368e-02
   3    -28.5368255      1.789e-04      1.646e-02      4.870e-03
   4    -28.5369552      4.544e-06      3.337e-03      1.006e-03
   5    -28.5369446      3.731e-07      6.776e-04      2.106e-04
   6    -28.5369408      1.307e-07      1.382e-04      4.490e-05
   7    -28.5369400      2.964e-08      2.844e-05      9.810e-06
-----------------------------------------------------------------
SCF cycle converged
 
Final energies (Ha)
 
---------------------------------------------
Kinetic energy                 :    20.4657
    orbitals                   :    20.4657
    unbound ideal approx.      :     0.0000
Electron-nuclear energy        :   -28.0372
Hartree energy                 :     6.9227
Exchange-correlation energy    :    -2.2904
    exchange                   :    -2.0543
    correlation                :    -0.2361
---------------------------------------------
Total energy                   :    -2.9393
---------------------------------------------
Entropy                        :    12.8991
    orbitals                   :    12.8991
    unbound ideal approx.      :     0.0000
---------------------------------------------
Total free energy              :   -28.5369
---------------------------------------------

Chemical potential             :  -3.220
Mean ionization state          :   2.769
 
Orbital eigenvalues (Ha) :
 
     |   n=l+1 |       2 |       3 |       4 |       5
-----+---------+---------+---------+---------+---------
 l=0 |  -4.153 |   0.676 |   4.407 |  10.169 |  17.809
   1 |   0.700 |   3.623 |   8.504 |  15.249 |  23.826
   2 |   2.226 |   6.233 |  12.082 |  19.761 |  29.257
   3 |   3.754 |   8.793 |  15.610 |  24.227 |  34.646
   4 |   5.450 |  11.490 |  19.261 |  28.813 |  40.152
   5 |   7.343 |  14.374 |  23.095 |  33.577 |  45.834
   6 |   9.440 |  17.465 |  27.135 |  38.546 |  51.721
   7 |  11.743 |  20.769 |  31.391 |  43.732 |  57.826
 

Orbital occupations (2l+1) * f_{nl} :
 
     |   n=l+1 |       2 |       3 |       4 |       5
-----+---------+---------+---------+---------+---------
 l=0 |   1.231 |   0.246 |   0.042 |   0.002 |   0.000
   1 |   0.731 |   0.185 |   0.016 |   0.001 |   0.000
   2 |   0.604 |   0.085 |   0.004 |   0.000 |   0.000
   3 |   0.405 |   0.033 |   0.001 |   0.000 |   0.000
   4 |   0.225 |   0.011 |   0.000 |   0.000 |   0.000
   5 |   0.107 |   0.003 |   0.000 |   0.000 |   0.000
   6 |   0.044 |   0.001 |   0.000 |   0.000 |   0.000
   7 |   0.016 |   0.000 |   0.000 |   0.000 |   0.000
 

func:'CalcEnergy' took: 64.9523 sec
