Starting SCF energy calculation
 
iscf   E_free (Ha)    dE (1.0e-05)   dn (1.0e-04)   dv (1.0e-04)
-----------------------------------------------------------------
   0    -32.0927551      1.000e+00      9.998e-01      1.000e+00
   1    -32.4713437      1.166e-02      2.427e-01      1.147e-01
   2    -32.5058477      1.061e-03      6.561e-02      1.763e-02
   3    -32.5083888      7.817e-05      1.158e-02      3.941e-03
   4    -32.5084430      1.669e-06      2.551e-03      8.859e-04
   5    -32.5084305      3.856e-07      5.646e-04      2.011e-04
   6    -32.5084265      1.233e-07      1.254e-04      4.629e-05
   7    -32.5084255      2.961e-08      2.798e-05      1.087e-05
-----------------------------------------------------------------
SCF cycle converged
 
Final energies (Ha)
 
---------------------------------------------
Kinetic energy                 :    21.4312
    orbitals                   :    21.4312
    unbound ideal approx.      :     0.0000
Electron-nuclear energy        :   -26.1014
Hartree energy                 :     6.5043
Exchange-correlation energy    :    -2.1617
    exchange                   :    -1.9298
    correlation                :    -0.2319
---------------------------------------------
Total energy                   :    -0.3276
---------------------------------------------
Entropy                        :    14.1240
    orbitals                   :    14.1240
    unbound ideal approx.      :     0.0000
---------------------------------------------
Total free energy              :   -32.5084
---------------------------------------------

Chemical potential             :  -4.093
Mean ionization state          :   2.938
 
Orbital eigenvalues (Ha) :
 
     |   n=l+1 |       2 |       3 |       4 |       5
-----+---------+---------+---------+---------+---------
 l=0 |  -4.374 |   0.621 |   4.332 |  10.088 |  17.724
   1 |   0.643 |   3.549 |   8.425 |  15.166 |  23.740
   2 |   2.192 |   6.177 |  12.016 |  19.688 |  29.180
   3 |   3.728 |   8.749 |  15.554 |  24.164 |  34.577
   4 |   5.427 |  11.452 |  19.213 |  28.756 |  40.089
   5 |   7.321 |  14.342 |  23.052 |  33.526 |  45.778
   6 |   9.419 |  17.436 |  27.096 |  38.500 |  51.669
   7 |  11.723 |  20.743 |  31.356 |  43.689 |  57.778
 

Orbital occupations (2l+1) * f_{nl} :
 
     |   n=l+1 |       2 |       3 |       4 |       5
-----+---------+---------+---------+---------+---------
 l=0 |   1.062 |   0.224 |   0.048 |   0.004 |   0.000
   1 |   0.667 |   0.203 |   0.025 |   0.001 |   0.000
   2 |   0.596 |   0.109 |   0.008 |   0.000 |   0.000
   3 |   0.438 |   0.050 |   0.003 |   0.000 |   0.000
   4 |   0.272 |   0.020 |   0.001 |   0.000 |   0.000
   5 |   0.146 |   0.007 |   0.000 |   0.000 |   0.000
   6 |   0.069 |   0.002 |   0.000 |   0.000 |   0.000
   7 |   0.029 |   0.001 |   0.000 |   0.000 |   0.000
 

func:'CalcEnergy' took: 64.5028 sec
