Starting SCF energy calculation
 
iscf   E_free (Ha)    dE (1.0e-05)   dn (1.0e-04)   dv (1.0e-04)
-----------------------------------------------------------------
   0    -34.2522288      1.000e+00      9.998e-01      1.000e+00
   1    -34.5980531      9.995e-03      2.233e-01      1.037e-01
   2    -34.6252212      7.846e-04      5.647e-02      1.492e-02
   3    -34.6269332      4.944e-05      9.411e-03      3.484e-03
   4    -34.6269691      1.037e-06      2.166e-03      8.178e-04
   5    -34.6269584      3.099e-07      5.014e-04      1.934e-04
   6    -34.6269548      1.018e-07      1.164e-04      4.628e-05
   7    -34.6269539      2.548e-08      2.710e-05      1.125e-05
-----------------------------------------------------------------
SCF cycle converged
 
Final energies (Ha)
 
---------------------------------------------
Kinetic energy                 :    21.9681
    orbitals                   :    21.9681
    unbound ideal approx.      :     0.0000
Electron-nuclear energy        :   -25.2024
Hartree energy                 :     6.3234
Exchange-correlation energy    :    -2.1049
    exchange                   :    -1.8748
    correlation                :    -0.2301
---------------------------------------------
Total energy                   :     0.9842
---------------------------------------------
Entropy                        :    14.6823
    orbitals                   :    14.6823
    unbound ideal approx.      :     0.0000
---------------------------------------------
Total free energy              :   -34.6270
---------------------------------------------

Chemical potential             :  -4.548
Mean ionization state          :   3.015
 
Orbital eigenvalues (Ha) :
 
     |   n=l+1 |       2 |       3 |       4 |       5
-----+---------+---------+---------+---------+---------
 l=0 |  -4.475 |   0.595 |   4.298 |  10.050 |  17.685
   1 |   0.616 |   3.516 |   8.389 |  15.128 |  23.701
   2 |   2.176 |   6.151 |  11.985 |  19.655 |  29.144
   3 |   3.715 |   8.728 |  15.528 |  24.135 |  34.545
   4 |   5.416 |  11.435 |  19.190 |  28.730 |  40.061
   5 |   7.311 |  14.326 |  23.032 |  33.503 |  45.752
   6 |   9.410 |  17.422 |  27.079 |  38.478 |  51.645
   7 |  11.715 |  20.731 |  31.340 |  43.670 |  57.755
 

Orbital occupations (2l+1) * f_{nl} :
 
     |   n=l+1 |       2 |       3 |       4 |       5
-----+---------+---------+---------+---------+---------
 l=0 |   0.985 |   0.214 |   0.051 |   0.005 |   0.000
   1 |   0.638 |   0.208 |   0.029 |   0.002 |   0.000
   2 |   0.588 |   0.120 |   0.011 |   0.000 |   0.000
   3 |   0.449 |   0.059 |   0.004 |   0.000 |   0.000
   4 |   0.291 |   0.025 |   0.001 |   0.000 |   0.000
   5 |   0.164 |   0.009 |   0.000 |   0.000 |   0.000
   6 |   0.082 |   0.003 |   0.000 |   0.000 |   0.000
   7 |   0.037 |   0.001 |   0.000 |   0.000 |   0.000
 

func:'CalcEnergy' took: 63.4725 sec
