Starting SCF energy calculation
 
iscf   E_free (Ha)    dE (1.0e-05)   dn (1.0e-04)   dv (1.0e-04)
-----------------------------------------------------------------
   0    -13.1195856      1.000e+00      9.998e-01      1.000e+00
   1    -13.7229257      4.397e-02      2.416e-01      1.762e-01
   2    -13.7443769      1.561e-03      3.593e-02      1.278e-02
   3    -13.7452674      6.479e-05      4.387e-03      3.597e-03
   4    -13.7453328      4.754e-06      1.219e-03      1.012e-03
   5    -13.7453370      3.044e-07      3.349e-04      2.857e-04
   6    -13.7453371      7.621e-09      9.169e-05      8.099e-05
-----------------------------------------------------------------
SCF cycle converged
 
Final energies (Ha)
 
---------------------------------------------
Kinetic energy                 :    17.3491
    orbitals                   :    17.3491
    unbound ideal approx.      :     0.0000
Electron-nuclear energy        :   -36.4705
Hartree energy                 :     9.3339
Exchange-correlation energy    :    -2.9578
    exchange                   :    -2.6997
    correlation                :    -0.2581
---------------------------------------------
Total energy                   :   -12.7454
---------------------------------------------
Entropy                        :     4.5351
    orbitals                   :     4.5351
    unbound ideal approx.      :     0.0000
---------------------------------------------
Total free energy              :   -13.7453
---------------------------------------------

Chemical potential             :   0.719
Mean ionization state          :   2.000
 
Orbital eigenvalues (Ha) :
 
     |   n=l+1 |       2 |       3 |       4 |       5
-----+---------+---------+---------+---------+---------
 l=0 |  -3.137 |   0.950 |   4.772 |  10.563 |  18.220
   1 |   0.966 |   3.981 |   8.888 |  15.651 |  24.241
   2 |   2.397 |   6.503 |  12.402 |  20.113 |  29.631
   3 |   3.897 |   9.010 |  15.881 |  24.536 |  34.981
   4 |   5.581 |  11.674 |  19.498 |  29.087 |  40.455
   5 |   7.466 |  14.537 |  23.305 |  33.825 |  46.111
   6 |   9.559 |  17.613 |  27.325 |  38.772 |  51.976
   7 |  11.859 |  20.907 |  31.566 |  43.940 |  58.063
 

Orbital occupations (2l+1) * f_{nl} :
 
     |   n=l+1 |       2 |       3 |       4 |       5
-----+---------+---------+---------+---------+---------
 l=0 |   2.000 |   0.520 |   0.000 |   0.000 |   0.000
   1 |   1.475 |   0.000 |   0.000 |   0.000 |   0.000
   2 |   0.005 |   0.000 |   0.000 |   0.000 |   0.000
   3 |   0.000 |   0.000 |   0.000 |   0.000 |   0.000
   4 |   0.000 |   0.000 |   0.000 |   0.000 |   0.000
   5 |   0.000 |   0.000 |   0.000 |   0.000 |   0.000
   6 |   0.000 |   0.000 |   0.000 |   0.000 |   0.000
   7 |   0.000 |   0.000 |   0.000 |   0.000 |   0.000
 

func:'CalcEnergy' took: 45.8388 sec
