Starting SCF energy calculation
 
iscf   E_free (Ha)    dE (1.0e-05)   dn (1.0e-04)   dv (1.0e-04)
-----------------------------------------------------------------
   0    -41.1816930      1.000e+00      9.998e-01      1.000e+00
   1    -41.4116051      5.552e-03      1.707e-01      7.584e-02
   2    -41.4165157      1.186e-04      3.441e-02      8.714e-03
   3    -41.4168593      8.298e-06      4.699e-03      2.298e-03
   4    -41.4168372      5.342e-07      1.226e-03      6.074e-04
   5    -41.4168238      3.244e-07      3.210e-04      1.612e-04
   6    -41.4168197      9.791e-08      8.421e-05      4.299e-05
-----------------------------------------------------------------
SCF cycle converged
 
Final energies (Ha)
 
---------------------------------------------
Kinetic energy                 :    23.7732
    orbitals                   :    23.7732
    unbound ideal approx.      :     0.0000
Electron-nuclear energy        :   -22.8001
Hartree energy                 :     5.8794
Exchange-correlation energy    :    -1.9622
    exchange                   :    -1.7369
    correlation                :    -0.2253
---------------------------------------------
Total energy                   :     4.8903
---------------------------------------------
Entropy                        :    16.1549
    orbitals                   :    16.1549
    unbound ideal approx.      :     0.0000
---------------------------------------------
Total free energy              :   -41.4168
---------------------------------------------

Chemical potential             :  -5.981
Mean ionization state          :   3.213
 
Orbital eigenvalues (Ha) :
 
     |   n=l+1 |       2 |       3 |       4 |       5
-----+---------+---------+---------+---------+---------
 l=0 |  -4.743 |   0.526 |   4.209 |   9.952 |  17.582
   1 |   0.542 |   3.427 |   8.293 |  15.027 |  23.597
   2 |   2.134 |   6.081 |  11.904 |  19.566 |  29.050
   3 |   3.682 |   8.672 |  15.459 |  24.057 |  34.461
   4 |   5.388 |  11.388 |  19.130 |  28.661 |  39.984
   5 |   7.285 |  14.286 |  22.979 |  33.440 |  45.681
   6 |   9.385 |  17.386 |  27.031 |  38.421 |  51.580
   7 |  11.691 |  20.698 |  31.296 |  43.617 |  57.695
 

Orbital occupations (2l+1) * f_{nl} :
 
     |   n=l+1 |       2 |       3 |       4 |       5
-----+---------+---------+---------+---------+---------
 l=0 |   0.787 |   0.187 |   0.056 |   0.008 |   0.001
   1 |   0.559 |   0.217 |   0.041 |   0.004 |   0.000
   2 |   0.557 |   0.147 |   0.019 |   0.001 |   0.000
   3 |   0.465 |   0.084 |   0.008 |   0.000 |   0.000
   4 |   0.335 |   0.042 |   0.003 |   0.000 |   0.000
   5 |   0.213 |   0.019 |   0.001 |   0.000 |   0.000
   6 |   0.122 |   0.007 |   0.000 |   0.000 |   0.000
   7 |   0.063 |   0.003 |   0.000 |   0.000 |   0.000
 

func:'CalcEnergy' took: 57.8800 sec
