Starting SCF energy calculation
 
iscf   E_free (Ha)    dE (1.0e-05)   dn (1.0e-04)   dv (1.0e-04)
-----------------------------------------------------------------
   0    -38.8080746      1.000e+00      9.998e-01      1.000e+00
   1    -39.0620583      6.502e-03      1.869e-01      8.423e-02
   2    -39.0790619      4.351e-04      4.078e-02      1.046e-02
   3    -39.0796539      1.515e-05      5.973e-03      2.656e-03
   4    -39.0796346      4.915e-07      1.498e-03      6.764e-04
   5    -39.0796192      3.951e-07      3.773e-04      1.731e-04
   6    -39.0796146      1.173e-07      9.525e-05      4.460e-05
-----------------------------------------------------------------
SCF cycle converged
 
Final energies (Ha)
 
---------------------------------------------
Kinetic energy                 :    23.1412
    orbitals                   :    23.1412
    unbound ideal approx.      :     0.0000
Electron-nuclear energy        :   -23.5517
Hartree energy                 :     6.0123
Exchange-correlation energy    :    -2.0054
    exchange                   :    -1.7786
    correlation                :    -0.2268
---------------------------------------------
Total energy                   :     3.5964
---------------------------------------------
Entropy                        :    15.6929
    orbitals                   :    15.6929
    unbound ideal approx.      :     0.0000
---------------------------------------------
Total free energy              :   -39.0796
---------------------------------------------

Chemical potential             :  -5.492
Mean ionization state          :   3.152
 
Orbital eigenvalues (Ha) :
 
     |   n=l+1 |       2 |       3 |       4 |       5
-----+---------+---------+---------+---------+---------
 l=0 |  -4.660 |   0.548 |   4.236 |   9.983 |  17.614
   1 |   0.565 |   3.454 |   8.323 |  15.059 |  23.630
   2 |   2.147 |   6.103 |  11.930 |  19.594 |  29.080
   3 |   3.693 |   8.689 |  15.480 |  24.081 |  34.487
   4 |   5.397 |  11.403 |  19.149 |  28.683 |  40.008
   5 |   7.293 |  14.298 |  22.996 |  33.459 |  45.703
   6 |   9.393 |  17.398 |  27.046 |  38.439 |  51.601
   7 |  11.698 |  20.708 |  31.310 |  43.634 |  57.714
 

Orbital occupations (2l+1) * f_{nl} :
 
     |   n=l+1 |       2 |       3 |       4 |       5
-----+---------+---------+---------+---------+---------
 l=0 |   0.848 |   0.196 |   0.054 |   0.007 |   0.000
   1 |   0.584 |   0.216 |   0.037 |   0.003 |   0.000
   2 |   0.568 |   0.139 |   0.016 |   0.001 |   0.000
   3 |   0.462 |   0.076 |   0.006 |   0.000 |   0.000
   4 |   0.323 |   0.036 |   0.002 |   0.000 |   0.000
   5 |   0.198 |   0.015 |   0.001 |   0.000 |   0.000
   6 |   0.109 |   0.006 |   0.000 |   0.000 |   0.000
   7 |   0.054 |   0.002 |   0.000 |   0.000 |   0.000
 

func:'CalcEnergy' took: 58.0092 sec
