Starting SCF energy calculation
 
iscf   E_free (Ha)    dE (1.0e-05)   dn (1.0e-04)   dv (1.0e-04)
-----------------------------------------------------------------
   0    -36.4991808      1.000e+00      9.998e-01      1.000e+00
   1    -36.8017728      8.222e-03      2.045e-01      9.354e-02
   2    -36.8231214      5.798e-04      4.815e-02      1.253e-02
   3    -36.8241979      2.923e-05      7.537e-03      3.053e-03
   4    -36.8242092      3.078e-07      1.812e-03      7.472e-04
   5    -36.8241976      3.162e-07      4.381e-04      1.840e-04
   6    -36.8241939      9.984e-08      1.062e-04      4.571e-05
   7    -36.8241930      2.576e-08      2.578e-05      1.150e-05
-----------------------------------------------------------------
SCF cycle converged
 
Final energies (Ha)
 
---------------------------------------------
Kinetic energy                 :    22.5388
    orbitals                   :    22.5388
    unbound ideal approx.      :     0.0000
Electron-nuclear energy        :   -24.3522
Hartree energy                 :     6.1598
Exchange-correlation energy    :    -2.0528
    exchange                   :    -1.8245
    correlation                :    -0.2284
---------------------------------------------
Total energy                   :     2.2935
---------------------------------------------
Entropy                        :    15.2064
    orbitals                   :    15.2064
    unbound ideal approx.      :     0.0000
---------------------------------------------
Total free energy              :   -36.8242
---------------------------------------------

Chemical potential             :  -5.014
Mean ionization state          :   3.086
 
Orbital eigenvalues (Ha) :
 
     |   n=l+1 |       2 |       3 |       4 |       5
-----+---------+---------+---------+---------+---------
 l=0 |  -4.571 |   0.571 |   4.266 |  10.015 |  17.648
   1 |   0.590 |   3.484 |   8.355 |  15.092 |  23.664
   2 |   2.161 |   6.126 |  11.957 |  19.624 |  29.111
   3 |   3.704 |   8.708 |  15.504 |  24.107 |  34.515
   4 |   5.406 |  11.418 |  19.169 |  28.706 |  40.034
   5 |   7.302 |  14.312 |  23.014 |  33.480 |  45.727
   6 |   9.401 |  17.410 |  27.062 |  38.458 |  51.622
   7 |  11.706 |  20.719 |  31.324 |  43.651 |  57.734
 

Orbital occupations (2l+1) * f_{nl} :
 
     |   n=l+1 |       2 |       3 |       4 |       5
-----+---------+---------+---------+---------+---------
 l=0 |   0.914 |   0.205 |   0.053 |   0.006 |   0.000
   1 |   0.610 |   0.213 |   0.033 |   0.002 |   0.000
   2 |   0.579 |   0.130 |   0.014 |   0.001 |   0.000
   3 |   0.457 |   0.067 |   0.005 |   0.000 |   0.000
   4 |   0.308 |   0.030 |   0.001 |   0.000 |   0.000
   5 |   0.182 |   0.012 |   0.000 |   0.000 |   0.000
   6 |   0.095 |   0.004 |   0.000 |   0.000 |   0.000
   7 |   0.045 |   0.001 |   0.000 |   0.000 |   0.000
 

func:'CalcEnergy' took: 63.5502 sec
