Starting SCF energy calculation
 
iscf   E_free (Ha)    dE (1.0e-05)   dn (1.0e-04)   dv (1.0e-04)
-----------------------------------------------------------------
   0    -43.6101083      1.000e+00      9.998e-01      1.000e+00
   1    -43.8162465      4.705e-03      1.559e-01      6.836e-02
   2    -43.8262586      2.284e-04      2.897e-02      7.248e-03
   3    -43.8264466      4.290e-06      3.681e-03      1.980e-03
   4    -43.8264237      5.227e-07      9.960e-04      5.418e-04
   5    -43.8264121      2.657e-07      2.704e-04      1.487e-04
   6    -43.8264085      8.151e-08      7.349e-05      4.097e-05
-----------------------------------------------------------------
SCF cycle converged
 
Final energies (Ha)
 
---------------------------------------------
Kinetic energy                 :    24.4325
    orbitals                   :    24.4325
    unbound ideal approx.      :     0.0000
Electron-nuclear energy        :   -22.0964
Hartree energy                 :     5.7599
Exchange-correlation energy    :    -1.9231
    exchange                   :    -1.6991
    correlation                :    -0.2240
---------------------------------------------
Total energy                   :     6.1729
---------------------------------------------
Entropy                        :    16.5921
    orbitals                   :    16.5921
    unbound ideal approx.      :     0.0000
---------------------------------------------
Total free energy              :   -43.8264
---------------------------------------------

Chemical potential             :  -6.481
Mean ionization state          :   3.269
 
Orbital eigenvalues (Ha) :
 
     |   n=l+1 |       2 |       3 |       4 |       5
-----+---------+---------+---------+---------+---------
 l=0 |  -4.820 |   0.506 |   4.183 |   9.924 |  17.552
   1 |   0.520 |   3.401 |   8.265 |  14.998 |  23.567
   2 |   2.121 |   6.061 |  11.881 |  19.541 |  29.023
   3 |   3.673 |   8.655 |  15.439 |  24.034 |  34.436
   4 |   5.379 |  11.374 |  19.112 |  28.640 |  39.962
   5 |   7.278 |  14.274 |  22.963 |  33.421 |  45.661
   6 |   9.378 |  17.375 |  27.016 |  38.404 |  51.561
   7 |  11.684 |  20.688 |  31.283 |  43.602 |  57.678
 

Orbital occupations (2l+1) * f_{nl} :
 
     |   n=l+1 |       2 |       3 |       4 |       5
-----+---------+---------+---------+---------+---------
 l=0 |   0.731 |   0.179 |   0.056 |   0.009 |   0.001
   1 |   0.535 |   0.218 |   0.045 |   0.005 |   0.000
   2 |   0.544 |   0.153 |   0.023 |   0.002 |   0.000
   3 |   0.466 |   0.092 |   0.010 |   0.001 |   0.000
   4 |   0.345 |   0.048 |   0.004 |   0.000 |   0.000
   5 |   0.227 |   0.022 |   0.001 |   0.000 |   0.000
   6 |   0.134 |   0.009 |   0.000 |   0.000 |   0.000
   7 |   0.072 |   0.004 |   0.000 |   0.000 |   0.000
 

func:'CalcEnergy' took: 58.6804 sec
