Starting SCF energy calculation
 
iscf   E_free (Ha)    dE (1.0e-05)   dn (1.0e-04)   dv (1.0e-04)
-----------------------------------------------------------------
   0    -33.3402232      1.000e+00      9.998e-01      1.000e+00
   1    -33.7968421      1.351e-02      1.244e-01      5.779e-02
   2    -33.8902791      2.757e-03      1.617e-02      4.992e-03
   3    -33.8842263      1.786e-04      1.402e-03      1.565e-03
   4    -33.8822557      5.816e-05      4.383e-04      4.905e-04
   5    -33.8816325      1.840e-05      1.369e-04      1.538e-04
   6    -33.8814370      5.769e-06      4.276e-05      4.825e-05
-----------------------------------------------------------------
SCF cycle converged
 
Final energies (Ha)
 
---------------------------------------------
Kinetic energy                 :    83.2570
    orbitals                   :    83.2570
    unbound ideal approx.      :     0.0000
Electron-nuclear energy        :  -119.7890
Hartree energy                 :    37.5975
Exchange-correlation energy    :    -8.6561
    exchange                   :    -8.1406
    correlation                :    -0.5154
---------------------------------------------
Total energy                   :    -7.5906
---------------------------------------------
Entropy                        :     7.1541
    orbitals                   :     7.1541
    unbound ideal approx.      :     0.0000
---------------------------------------------
Total free energy              :   -33.8814
---------------------------------------------

Chemical potential             :   9.683
Mean ionization state          :   4.052
 
Orbital eigenvalues (band limits) (Ha) :
 
     |   n=l+1 |       2 |       3 |       4 |       5
-----+---------+---------+---------+---------+---------
 l=0 |  -5.414 |   6.863 |  45.745 | 106.114 | 187.933
   1 |   3.279 |  30.813 |  80.128 | 151.161 | 243.585
   2 |  11.012 |  52.150 | 112.748 | 194.641 | 297.767
   3 |  20.979 |  75.046 | 146.895 | 239.663 | 353.509
   4 |  33.298 | 100.246 | 183.333 | 286.984 | 411.560
   5 |  47.970 | 127.939 | 222.304 | 336.866 | 472.191
   6 |  64.980 | 158.178 | 263.897 | 389.412 | 535.517
   7 |  84.314 | 190.972 | 308.139 | 444.664 | 601.586
 
     |   n=l+1 |       2 |       3 |       4 |       5
-----+---------+---------+---------+---------+---------
 l=0 |  -2.898 |  26.153 |  75.507 | 146.570 | 239.017
   1 |  16.955 |  54.983 | 115.164 | 196.893 | 299.936
   2 |  32.509 |  82.157 | 153.295 | 245.769 | 359.459
   3 |  49.815 | 110.902 | 192.988 | 296.217 | 420.565
   4 |  69.453 | 141.953 | 234.989 | 348.979 | 483.993
   5 |  91.544 | 175.524 | 279.543 | 404.318 | 550.015
   6 | 116.111 | 211.687 | 326.746 | 462.341 | 618.745
   7 | 143.152 | 250.460 | 376.632 | 523.094 | 690.237
 

Weighted band occupations (sum over k pts) :
 
     |   n=l+1 |       2 |       3 |       4 |       5
-----+---------+---------+---------+---------+---------
 l=0 |   1.948 |   0.395 |   0.000 |   0.000 |   0.000
   1 |   2.844 |   0.002 |   0.000 |   0.000 |   0.000
   2 |   0.752 |   0.000 |   0.000 |   0.000 |   0.000
   3 |   0.057 |   0.000 |   0.000 |   0.000 |   0.000
   4 |   0.002 |   0.000 |   0.000 |   0.000 |   0.000
   5 |   0.000 |   0.000 |   0.000 |   0.000 |   0.000
   6 |   0.000 |   0.000 |   0.000 |   0.000 |   0.000
   7 |   0.000 |   0.000 |   0.000 |   0.000 |   0.000
 

func:'CalcEnergy' took: 82.7529 sec
