Starting SCF energy calculation
 
iscf   E_free (Ha)    dE (1.0e-05)   dn (1.0e-04)   dv (1.0e-04)
-----------------------------------------------------------------
   0    -21.7383010      1.000e+00      9.998e-01      1.000e+00
   1    -22.1080580      1.672e-02      1.105e-01      4.913e-02
   2    -22.1967546      3.996e-03      1.232e-02      3.627e-03
   3    -22.1914494      2.391e-04      9.084e-04      1.184e-03
   4    -22.1896813      7.968e-05      2.959e-04      3.866e-04
   5    -22.1891012      2.614e-05      9.639e-05      1.262e-04
   6    -22.1889119      8.534e-06      3.139e-05      4.121e-05
-----------------------------------------------------------------
SCF cycle converged
 
Final energies (Ha)
 
---------------------------------------------
Kinetic energy                 :    94.9690
    orbitals                   :    94.9690
    unbound ideal approx.      :     0.0000
Electron-nuclear energy        :  -127.7712
Hartree energy                 :    41.8544
Exchange-correlation energy    :    -9.5826
    exchange                   :    -9.0485
    correlation                :    -0.5341
---------------------------------------------
Total energy                   :    -0.5304
---------------------------------------------
Entropy                        :     5.8936
    orbitals                   :     5.8936
    unbound ideal approx.      :     0.0000
---------------------------------------------
Total free energy              :   -22.1889
---------------------------------------------

Chemical potential             :  14.052
Mean ionization state          :   4.026
 
Orbital eigenvalues (band limits) (Ha) :
 
     |   n=l+1 |       2 |       3 |       4 |       5
-----+---------+---------+---------+---------+---------
 l=0 |  -5.391 |  11.267 |  62.688 | 142.168 | 249.681
   1 |   4.497 |  41.357 | 106.438 | 199.862 | 321.252
   2 |  14.549 |  68.916 | 148.686 | 256.288 | 391.668
   3 |  27.580 |  98.753 | 193.186 | 314.991 | 464.384
   4 |  43.707 | 131.686 | 240.790 | 376.818 | 540.244
   5 |  62.923 | 167.918 | 291.763 | 442.058 | 619.548
   6 |  85.206 | 207.504 | 346.198 | 510.825 | 702.420
   7 | 110.535 | 250.448 | 404.123 | 583.159 | 788.914
 
     |   n=l+1 |       2 |       3 |       4 |       5
-----+---------+---------+---------+---------+---------
 l=0 |  -0.825 |  36.710 | 101.859 | 195.322 | 316.739
   1 |  22.887 |  73.276 | 152.528 | 259.932 | 395.212
   2 |  42.975 | 108.432 | 201.971 | 323.413 | 472.616
   3 |  65.544 | 145.889 | 253.714 | 389.208 | 552.349
   4 |  91.221 | 186.458 | 308.586 | 458.150 | 635.244
   5 | 120.133 | 230.372 | 366.859 | 530.530 | 721.602
   6 | 152.301 | 277.705 | 428.634 | 606.464 | 811.550
   7 | 187.718 | 328.473 | 493.944 | 685.997 | 905.141
 

Weighted band occupations (sum over k pts) :
 
     |   n=l+1 |       2 |       3 |       4 |       5
-----+---------+---------+---------+---------+---------
 l=0 |   1.974 |   0.279 |   0.000 |   0.000 |   0.000
   1 |   3.099 |   0.000 |   0.000 |   0.000 |   0.000
   2 |   0.626 |   0.000 |   0.000 |   0.000 |   0.000
   3 |   0.021 |   0.000 |   0.000 |   0.000 |   0.000
   4 |   0.000 |   0.000 |   0.000 |   0.000 |   0.000
   5 |   0.000 |   0.000 |   0.000 |   0.000 |   0.000
   6 |   0.000 |   0.000 |   0.000 |   0.000 |   0.000
   7 |   0.000 |   0.000 |   0.000 |   0.000 |   0.000
 

func:'CalcEnergy' took: 90.0646 sec
