Starting SCF energy calculation
 
iscf   E_free (Ha)    dE (1.0e-05)   dn (1.0e-04)   dv (1.0e-04)
-----------------------------------------------------------------
   0    -11.6983266      1.000e+00      9.998e-01      1.000e+00
   1    -11.9878285      2.415e-02      9.961e-02      4.270e-02
   2    -12.0714570      6.928e-03      9.693e-03      2.756e-03
   3    -12.0668838      3.790e-04      6.214e-04      9.262e-04
   4    -12.0653277      1.290e-04      2.085e-04      3.112e-04
   5    -12.0648032      4.347e-05      6.994e-05      1.046e-04
   6    -12.0646270      1.461e-05      2.347e-05      3.514e-05
   7    -12.0645678      4.902e-06      7.873e-06      1.181e-05
-----------------------------------------------------------------
SCF cycle converged
 
Final energies (Ha)
 
---------------------------------------------
Kinetic energy                 :   106.0669
    orbitals                   :   106.0669
    unbound ideal approx.      :     0.0000
Electron-nuclear energy        :  -134.4307
Hartree energy                 :    45.2760
Exchange-correlation energy    :   -10.3434
    exchange                   :    -9.7956
    correlation                :    -0.5478
---------------------------------------------
Total energy                   :     6.5688
---------------------------------------------
Entropy                        :     5.0704
    orbitals                   :     5.0704
    unbound ideal approx.      :     0.0000
---------------------------------------------
Total free energy              :   -12.0645
---------------------------------------------

Chemical potential             :  17.897
Mean ionization state          :   4.242
 
Orbital eigenvalues (band limits) (Ha) :
 
     |   n=l+1 |       2 |       3 |       4 |       5
-----+---------+---------+---------+---------+---------
 l=0 |  -5.490 |  15.496 |  78.083 | 174.653 | 305.126
   1 |   5.601 |  50.867 | 130.072 | 243.518 | 390.789
   2 |  17.716 |  83.944 | 180.868 | 311.450 | 475.643
   3 |  33.480 | 119.959 | 234.584 | 382.334 | 563.479
   4 |  53.004 | 159.783 | 292.138 | 457.089 | 655.212
   5 |  76.275 | 203.631 | 353.812 | 536.024 | 751.167
   6 | 103.264 | 251.555 | 419.703 | 619.258 | 851.475
   7 | 133.943 | 303.555 | 489.834 | 706.831 | 956.189
 
     |   n=l+1 |       2 |       3 |       4 |        5
-----+---------+---------+---------+---------+----------
 l=0 |   1.089 |  46.390 | 125.667 | 239.153 |  386.453
   1 |  28.244 |  89.730 | 186.045 | 316.398 |  480.478
   2 |  52.355 | 131.969 | 245.539 | 392.865 |  573.789
   3 |  79.610 | 177.181 | 308.010 | 472.329 |  670.116
   4 | 110.671 | 226.232 | 374.353 | 555.692 |  770.364
   5 | 145.667 | 279.369 | 444.858 | 643.267 |  874.858
   6 | 184.617 | 336.666 | 519.631 | 735.176 |  983.731
   7 | 227.507 | 398.136 | 598.702 | 831.463 | 1097.039
 

Weighted band occupations (sum over k pts) :
 
     |   n=l+1 |       2 |       3 |       4 |       5
-----+---------+---------+---------+---------+---------
 l=0 |   1.985 |   0.201 |   0.000 |   0.000 |   0.000
   1 |   3.254 |   0.000 |   0.000 |   0.000 |   0.000
   2 |   0.551 |   0.000 |   0.000 |   0.000 |   0.000
   3 |   0.009 |   0.000 |   0.000 |   0.000 |   0.000
   4 |   0.000 |   0.000 |   0.000 |   0.000 |   0.000
   5 |   0.000 |   0.000 |   0.000 |   0.000 |   0.000
   6 |   0.000 |   0.000 |   0.000 |   0.000 |   0.000
   7 |   0.000 |   0.000 |   0.000 |   0.000 |   0.000
 

func:'CalcEnergy' took: 121.1643 sec
