Starting SCF energy calculation
 
iscf   E_free (Ha)    dE (1.0e-05)   dn (1.0e-04)   dv (1.0e-04)
-----------------------------------------------------------------
   0    -63.6201968      1.000e+00      9.998e-01      1.000e+00
   1    -64.3891372      1.194e-02      1.917e-01      9.798e-02
   2    -64.4974883      1.680e-03      3.234e-02      1.161e-02
   3    -64.4915368      9.228e-05      3.961e-03      3.221e-03
   4    -64.4895196      3.128e-05      1.093e-03      8.934e-04
   5    -64.4889352      9.062e-06      3.001e-04      2.487e-04
   6    -64.4887717      2.536e-06      8.244e-05      6.965e-05
-----------------------------------------------------------------
SCF cycle converged
 
Final energies (Ha)
 
---------------------------------------------
Kinetic energy                 :    59.7871
    orbitals                   :    59.7871
    unbound ideal approx.      :     0.0000
Electron-nuclear energy        :   -93.9714
Hartree energy                 :    24.5931
Exchange-correlation energy    :    -6.0064
    exchange                   :    -5.5602
    correlation                :    -0.4463
---------------------------------------------
Total energy                   :   -15.5976
---------------------------------------------
Entropy                        :    13.3040
    orbitals                   :    13.3040
    unbound ideal approx.      :     0.0000
---------------------------------------------
Total free energy              :   -64.4887
---------------------------------------------

Chemical potential             :  -0.825
Mean ionization state          :   4.277
 
Orbital eigenvalues (band limits) (Ha) :
 
     |   n=l+1 |       2 |       3 |       4 |       5
-----+---------+---------+---------+---------+---------
 l=0 |  -7.653 |   0.303 |  11.841 |  31.841 |  59.365
   1 |   0.773 |   9.012 |  25.274 |  49.102 |  80.329
   2 |   3.569 |  16.949 |  37.171 |  64.775 |  99.705
   3 |   7.025 |  25.029 |  49.202 |  80.591 | 119.233
   4 |  11.262 |  33.780 |  61.869 |  97.031 | 139.381
   5 |  16.295 |  43.333 |  75.331 | 114.264 | 160.320
   6 |  22.123 |  53.732 |  89.650 | 132.359 | 182.126
   7 |  28.743 |  64.989 | 104.851 | 151.349 | 204.836
 
     |   n=l+1 |       2 |       3 |       4 |       5
-----+---------+---------+---------+---------+---------
 l=0 |  -7.610 |   5.753 |  21.699 |  45.455 |  76.658
   1 |   4.705 |  16.961 |  37.017 |  64.548 |  99.436
   2 |  10.526 |  26.939 |  50.826 |  82.085 | 120.654
   3 |  16.613 |  37.077 |  64.789 |  99.781 | 142.033
   4 |  23.416 |  47.869 |  79.386 | 118.101 | 164.035
   5 |  31.024 |  59.462 |  94.778 | 137.216 | 186.830
   6 |  39.462 |  71.906 | 111.032 | 157.198 | 210.495
   7 |  48.736 |  85.224 | 128.175 | 178.079 | 235.068
 

Weighted band occupations (sum over k pts) :
 
     |   n=l+1 |       2 |       3 |       4 |       5
-----+---------+---------+---------+---------+---------
 l=0 |   1.723 |   0.530 |   0.020 |   0.000 |   0.000
   1 |   1.663 |   0.155 |   0.001 |   0.000 |   0.000
   2 |   1.129 |   0.025 |   0.000 |   0.000 |   0.000
   3 |   0.520 |   0.003 |   0.000 |   0.000 |   0.000
   4 |   0.174 |   0.000 |   0.000 |   0.000 |   0.000
   5 |   0.044 |   0.000 |   0.000 |   0.000 |   0.000
   6 |   0.009 |   0.000 |   0.000 |   0.000 |   0.000
   7 |   0.001 |   0.000 |   0.000 |   0.000 |   0.000
 

func:'CalcEnergy' took: 82.8552 sec
