Starting SCF energy calculation
 
iscf   E_free (Ha)    dE (1.0e-05)   dn (1.0e-04)   dv (1.0e-04)
-----------------------------------------------------------------
   0    -57.4004956      1.000e+00      9.998e-01      1.000e+00
   1    -58.0766055      1.164e-02      1.683e-01      8.410e-02
   2    -58.1735432      1.666e-03      2.579e-02      9.050e-03
   3    -58.1676383      1.015e-04      2.852e-03      2.619e-03
   4    -58.1657058      3.322e-05      8.218e-04      7.570e-04
   5    -58.1651310      9.883e-06      2.358e-04      2.193e-04
   6    -58.1649640      2.872e-06      6.763e-05      6.380e-05
-----------------------------------------------------------------
SCF cycle converged
 
Final energies (Ha)
 
---------------------------------------------
Kinetic energy                 :    63.5130
    orbitals                   :    63.5130
    unbound ideal approx.      :     0.0000
Electron-nuclear energy        :  -100.1081
Hartree energy                 :    27.4520
Exchange-correlation energy    :    -6.5689
    exchange                   :    -6.1056
    correlation                :    -0.4634
---------------------------------------------
Total energy                   :   -15.7121
---------------------------------------------
Entropy                        :    11.5520
    orbitals                   :    11.5520
    unbound ideal approx.      :     0.0000
---------------------------------------------
Total free energy              :   -58.1649
---------------------------------------------

Chemical potential             :   1.201
Mean ionization state          :   4.210
 
Orbital eigenvalues (band limits) (Ha) :
 
     |   n=l+1 |       2 |       3 |       4 |       5
-----+---------+---------+---------+---------+---------
 l=0 |  -6.859 |   0.934 |  16.984 |  43.481 |  79.740
   1 |   1.169 |  12.456 |  33.990 |  65.393 | 106.458
   2 |   4.762 |  22.582 |  49.278 |  85.607 | 131.510
   3 |   9.270 |  33.064 |  64.901 | 106.164 | 156.915
   4 |  14.812 |  44.476 |  81.416 | 127.605 | 183.198
   5 |  21.401 |  56.960 |  99.003 | 150.117 | 210.556
   6 |  29.033 |  70.562 | 117.727 | 173.779 | 239.071
   7 |  37.705 |  85.295 | 137.617 | 198.625 | 268.784
 
     |   n=l+1 |       2 |       3 |       4 |       5
-----+---------+---------+---------+---------+---------
 l=0 |  -6.693 |   8.716 |  30.052 |  61.415 | 102.473
   1 |   6.642 |  22.988 |  49.470 |  85.707 | 131.559
   2 |  14.044 |  35.781 |  67.253 | 108.358 | 159.019
   3 |  21.949 |  48.940 |  85.395 | 131.369 | 186.843
   4 |  30.826 |  63.011 | 104.429 | 155.266 | 215.551
   5 |  40.773 |  78.155 | 124.536 | 180.239 | 245.335
   6 |  51.815 |  94.430 | 145.790 | 206.367 | 276.282
   7 |  63.956 | 111.857 | 168.221 | 233.688 | 308.433
 

Weighted band occupations (sum over k pts) :
 
     |   n=l+1 |       2 |       3 |       4 |       5
-----+---------+---------+---------+---------+---------
 l=0 |   1.790 |   0.565 |   0.007 |   0.000 |   0.000
   1 |   1.968 |   0.083 |   0.000 |   0.000 |   0.000
   2 |   1.104 |   0.007 |   0.000 |   0.000 |   0.000
   3 |   0.374 |   0.000 |   0.000 |   0.000 |   0.000
   4 |   0.085 |   0.000 |   0.000 |   0.000 |   0.000
   5 |   0.014 |   0.000 |   0.000 |   0.000 |   0.000
   6 |   0.002 |   0.000 |   0.000 |   0.000 |   0.000
   7 |   0.000 |   0.000 |   0.000 |   0.000 |   0.000
 

func:'CalcEnergy' took: 89.6116 sec
