Starting SCF energy calculation
 
iscf   E_free (Ha)    dE (1.0e-05)   dn (1.0e-04)   dv (1.0e-04)
-----------------------------------------------------------------
   0      6.0077683      1.000e+00      9.998e-01      1.000e+00
   1      5.8555266      2.600e-02      8.434e-02      3.415e-02
   2      5.7789774      1.325e-02      6.594e-03      1.779e-03
   3      5.7825099      6.109e-04      3.386e-04      6.206e-04
   4      5.7837490      2.142e-04      1.180e-04      2.164e-04
   5      5.7841817      7.481e-05      4.111e-05      7.548e-05
   6      5.7843326      2.608e-05      1.432e-05      2.633e-05
   7      5.7843852      9.089e-06      4.992e-06      9.183e-06
-----------------------------------------------------------------
SCF cycle converged
 
Final energies (Ha)
 
---------------------------------------------
Kinetic energy                 :   127.1247
    orbitals                   :   127.1247
    unbound ideal approx.      :     0.0000
Electron-nuclear energy        :  -145.7186
Hartree energy                 :    50.7812
Exchange-correlation energy    :   -11.5861
    exchange                   :   -11.0181
    correlation                :    -0.5679
---------------------------------------------
Total energy                   :    20.6013
---------------------------------------------
Entropy                        :     4.0319
    orbitals                   :     4.0319
    unbound ideal approx.      :     0.0000
---------------------------------------------
Total free energy              :     5.7844
---------------------------------------------

Chemical potential             :  24.697
Mean ionization state          :   4.848
 
Orbital eigenvalues (band limits) (Ha) :
 
     |   n=l+1 |       2 |       3 |       4 |        5
-----+---------+---------+---------+---------+----------
 l=0 |  -5.763 |  23.444 | 105.913 | 232.926 |  404.277
   1 |   7.595 |  67.950 | 172.358 | 321.471 |  514.816
   2 |  23.367 | 110.784 | 238.283 | 409.785 |  625.264
   3 |  43.985 | 157.756 | 308.348 | 502.287 |  739.938
   4 |  69.549 | 209.818 | 383.571 | 600.001 |  859.865
   5 | 100.029 | 267.197 | 464.259 | 703.269 |  985.407
   6 | 135.385 | 329.941 | 550.508 | 812.215 | 1116.704
   7 | 175.580 | 398.042 | 642.338 | 926.876 | 1253.806
 
     |   n=l+1 |       2 |       3 |        4 |        5
-----+---------+---------+---------+----------+----------
 l=0 |   4.641 |  64.021 | 168.480 |  317.627 |  510.998
   1 |  37.884 | 119.209 | 245.941 |  417.158 |  632.497
   2 |  69.108 | 173.981 | 323.232 |  516.638 |  754.015
   3 | 104.677 | 232.947 | 404.737 |  620.360 |  879.800
   4 | 145.299 | 297.059 | 491.451 |  729.337 | 1010.872
   5 | 191.109 | 366.582 | 583.690 |  843.911 | 1147.591
   6 | 242.116 | 441.588 | 681.563 |  964.212 | 1290.100
   7 | 298.293 | 522.082 | 785.094 | 1090.282 | 1438.456
 

Weighted band occupations (sum over k pts) :
 
     |   n=l+1 |       2 |       3 |       4 |       5
-----+---------+---------+---------+---------+---------
 l=0 |   1.991 |   0.110 |   0.000 |   0.000 |   0.000
   1 |   3.426 |   0.000 |   0.000 |   0.000 |   0.000
   2 |   0.471 |   0.000 |   0.000 |   0.000 |   0.000
   3 |   0.002 |   0.000 |   0.000 |   0.000 |   0.000
   4 |   0.000 |   0.000 |   0.000 |   0.000 |   0.000
   5 |   0.000 |   0.000 |   0.000 |   0.000 |   0.000
   6 |   0.000 |   0.000 |   0.000 |   0.000 |   0.000
   7 |   0.000 |   0.000 |   0.000 |   0.000 |   0.000
 

func:'CalcEnergy' took: 107.8543 sec
