Starting SCF energy calculation
 
iscf   E_free (Ha)    dE (1.0e-05)   dn (1.0e-04)   dv (1.0e-04)
-----------------------------------------------------------------
   0     21.9412201      1.000e+00      9.998e-01      1.000e+00
   1     21.9013123      1.822e-03      7.427e-02      2.877e-02
   2     21.8292973      3.299e-03      4.898e-03      1.269e-03
   3     21.8321678      1.315e-04      2.119e-04      4.530e-04
   4     21.8331953      4.706e-05      7.555e-05      1.617e-04
   5     21.8335622      1.680e-05      2.694e-05      5.769e-05
   6     21.8336931      5.995e-06      9.609e-06      2.059e-05
-----------------------------------------------------------------
SCF cycle converged
 
Final energies (Ha)
 
---------------------------------------------
Kinetic energy                 :   147.0199
    orbitals                   :   147.0199
    unbound ideal approx.      :     0.0000
Electron-nuclear energy        :  -155.3631
Hartree energy                 :    55.2417
Exchange-correlation energy    :   -12.6020
    exchange                   :   -12.0192
    correlation                :    -0.5827
---------------------------------------------
Total energy                   :    34.2966
---------------------------------------------
Entropy                        :     3.3913
    orbitals                   :     3.3913
    unbound ideal approx.      :     0.0000
---------------------------------------------
Total free energy              :    21.8337
---------------------------------------------

Chemical potential             :  30.754
Mean ionization state          :   5.159
 
Orbital eigenvalues (band limits) (Ha) :
 
     |   n=l+1 |       2 |       3 |        4 |        5
-----+---------+---------+---------+----------+----------
 l=0 |  -6.039 |  30.844 | 131.104 |  285.334 |  493.207
   1 |   9.402 |  83.339 | 210.307 |  391.302 |  625.807
   2 |  28.429 | 134.836 | 289.679 |  497.747 |  759.035
   3 |  53.376 | 191.564 | 374.305 |  609.506 |  897.623
   4 |  84.327 | 254.534 | 465.278 |  727.688 | 1042.689
   5 | 121.240 | 323.981 | 562.921 |  852.657 | 1194.619
   6 | 164.064 | 399.947 | 667.332 |  984.539 | 1353.559
   7 | 212.751 | 482.413 | 778.521 | 1123.368 | 1519.558
 
     |   n=l+1 |       2 |       3 |        4 |        5
-----+---------+---------+---------+----------+----------
 l=0 |   7.948 |  80.080 | 207.065 |  388.082 |  622.610
   1 |  46.581 | 145.697 | 299.632 |  507.364 |  768.486
   2 |  84.122 | 211.603 | 392.750 |  627.321 |  915.115
   3 | 127.094 | 282.817 | 491.209 |  752.658 | 1067.154
   4 | 176.243 | 360.354 | 596.082 |  884.470 | 1225.710
   5 | 231.698 | 444.491 | 707.704 | 1023.123 | 1391.172
   6 | 293.461 | 535.295 | 826.182 | 1168.751 | 1563.688
   7 | 361.496 | 632.762 | 951.536 | 1321.393 | 1743.313
 

Weighted band occupations (sum over k pts) :
 
     |   n=l+1 |       2 |       3 |       4 |       5
-----+---------+---------+---------+---------+---------
 l=0 |   1.993 |   0.063 |   0.000 |   0.000 |   0.000
   1 |   3.513 |   0.000 |   0.000 |   0.000 |   0.000
   2 |   0.430 |   0.000 |   0.000 |   0.000 |   0.000
   3 |   0.001 |   0.000 |   0.000 |   0.000 |   0.000
   4 |   0.000 |   0.000 |   0.000 |   0.000 |   0.000
   5 |   0.000 |   0.000 |   0.000 |   0.000 |   0.000
   6 |   0.000 |   0.000 |   0.000 |   0.000 |   0.000
   7 |   0.000 |   0.000 |   0.000 |   0.000 |   0.000
 

func:'CalcEnergy' took: 85.3464 sec
