Starting SCF energy calculation
 
iscf   E_free (Ha)    dE (1.0e-05)   dn (1.0e-04)   dv (1.0e-04)
-----------------------------------------------------------------
   0    -48.5478397      1.000e+00      9.998e-01      1.000e+00
   1    -49.1169716      1.159e-02      1.454e-01      7.095e-02
   2    -49.2097152      1.885e-03      2.118e-02      7.092e-03
   3    -49.2036805      1.226e-04      2.149e-03      2.118e-03
   4    -49.2017342      3.956e-05      6.400e-04      6.319e-04
   5    -49.2011427      1.202e-05      1.899e-04      1.887e-04
   6    -49.2009659      3.595e-06      5.632e-05      5.651e-05
-----------------------------------------------------------------
SCF cycle converged
 
Final energies (Ha)
 
---------------------------------------------
Kinetic energy                 :    70.0097
    orbitals                   :    70.0097
    unbound ideal approx.      :     0.0000
Electron-nuclear energy        :  -108.1737
Hartree energy                 :    31.4242
Exchange-correlation energy    :    -7.3661
    exchange                   :    -6.8810
    correlation                :    -0.4851
---------------------------------------------
Total energy                   :   -14.1059
---------------------------------------------
Entropy                        :     9.5498
    orbitals                   :     9.5498
    unbound ideal approx.      :     0.0000
---------------------------------------------
Total free energy              :   -49.2009
---------------------------------------------

Chemical potential             :   4.212
Mean ionization state          :   4.133
 
Orbital eigenvalues (band limits) (Ha) :
 
     |   n=l+1 |       2 |       3 |       4 |       5
-----+---------+---------+---------+---------+---------
 l=0 |  -6.004 |   2.467 |  26.181 |  63.821 | 115.067
   1 |   1.855 |  18.436 |  49.072 |  93.495 | 151.452
   2 |   6.814 |  32.282 |  70.113 | 121.424 | 186.156
   3 |  13.122 |  46.867 |  91.860 | 150.069 | 221.586
   4 |  20.898 |  62.828 | 114.952 | 180.053 | 258.356
   5 |  30.151 |  80.327 | 139.593 | 211.594 | 296.690
   6 |  40.874 |  99.413 | 165.857 | 244.780 | 336.684
   7 |  53.058 | 120.099 | 193.774 | 279.651 | 378.383
 
     |   n=l+1 |       2 |       3 |       4 |       5
-----+---------+---------+---------+---------+---------
 l=0 |  -5.353 |  14.181 |  44.745 |  89.165 | 147.130
   1 |  10.002 |  33.433 |  70.976 | 122.169 | 186.837
   2 |  20.103 |  51.000 |  95.509 | 153.512 | 224.915
   3 |  31.112 |  69.312 | 120.776 | 185.591 | 263.737
   4 |  43.539 |  88.987 | 147.392 | 219.017 | 303.905
   5 |  57.489 | 110.209 | 175.564 | 254.007 | 345.644
   6 |  72.989 | 133.041 | 205.374 | 290.653 | 389.050
   7 |  90.041 | 157.504 | 236.855 | 328.995 | 434.171
 

Weighted band occupations (sum over k pts) :
 
     |   n=l+1 |       2 |       3 |       4 |       5
-----+---------+---------+---------+---------+---------
 l=0 |   1.867 |   0.543 |   0.001 |   0.000 |   0.000
   1 |   2.350 |   0.026 |   0.000 |   0.000 |   0.000
   2 |   0.985 |   0.001 |   0.000 |   0.000 |   0.000
   3 |   0.201 |   0.000 |   0.000 |   0.000 |   0.000
   4 |   0.024 |   0.000 |   0.000 |   0.000 |   0.000
   5 |   0.002 |   0.000 |   0.000 |   0.000 |   0.000
   6 |   0.000 |   0.000 |   0.000 |   0.000 |   0.000
   7 |   0.000 |   0.000 |   0.000 |   0.000 |   0.000
 

func:'CalcEnergy' took: 80.7348 sec
