Starting SCF energy calculation
 
iscf   E_free (Ha)    dE (1.0e-05)   dn (1.0e-04)   dv (1.0e-04)
-----------------------------------------------------------------
   0    -38.7614546      1.000e+00      9.998e-01      1.000e+00
   1    -39.2552567      1.258e-02      1.310e-01      6.209e-02
   2    -39.3493894      2.392e-03      1.804e-02      5.719e-03
   3    -39.3431848      1.577e-04      1.672e-03      1.759e-03
   4    -39.3411802      5.095e-05      5.129e-04      5.405e-04
   5    -39.3405567      1.585e-05      1.570e-04      1.662e-04
   6    -39.3403649      4.876e-06      4.805e-05      5.117e-05
-----------------------------------------------------------------
SCF cycle converged
 
Final energies (Ha)
 
---------------------------------------------
Kinetic energy                 :    78.2585
    orbitals                   :    78.2585
    unbound ideal approx.      :     0.0000
Electron-nuclear energy        :  -115.8763
Hartree energy                 :    35.4848
Exchange-correlation energy    :    -8.2069
    exchange                   :    -7.7014
    correlation                :    -0.5055
---------------------------------------------
Total energy                   :   -10.3398
---------------------------------------------
Entropy                        :     7.8914
    orbitals                   :     7.8914
    unbound ideal approx.      :     0.0000
---------------------------------------------
Total free energy              :   -39.3403
---------------------------------------------

Chemical potential             :   7.692
Mean ionization state          :   4.073
 
Orbital eigenvalues (band limits) (Ha) :
 
     |   n=l+1 |       2 |       3 |       4 |       5
-----+---------+---------+---------+---------+---------
 l=0 |  -5.523 |   5.075 |  38.338 |  90.208 | 160.598
   1 |   2.743 |  26.162 |  68.481 | 129.560 | 209.099
   2 |   9.441 |  44.711 |  96.792 | 167.250 | 256.025
   3 |  18.042 |  64.508 | 126.315 | 206.164 | 304.191
   4 |  28.665 |  86.260 | 157.772 | 247.016 | 354.300
   5 |  41.312 | 110.147 | 191.394 | 290.051 | 406.607
   6 |  55.974 | 136.221 | 227.263 | 335.368 | 461.221
   7 |  72.637 | 164.493 | 265.409 | 383.010 | 518.190
 
     |   n=l+1 |       2 |       3 |       4 |       5
-----+---------+---------+---------+---------+---------
 l=0 |  -3.805 |  21.584 |  63.915 | 125.015 | 204.573
   1 |  14.341 |  46.895 |  98.605 | 168.916 | 257.614
   2 |  27.865 |  70.494 | 131.673 | 211.261 | 309.146
   3 |  42.822 |  95.349 | 165.987 | 254.858 | 361.940
   4 |  59.768 | 122.155 | 202.246 | 300.404 | 416.688
   5 |  78.819 | 151.116 | 240.685 | 348.147 | 473.644
   6 | 100.000 | 182.300 | 281.394 | 398.188 | 532.919
   7 | 123.310 | 215.729 | 324.407 | 450.572 | 594.563
 

Weighted band occupations (sum over k pts) :
 
     |   n=l+1 |       2 |       3 |       4 |       5
-----+---------+---------+---------+---------+---------
 l=0 |   1.927 |   0.454 |   0.000 |   0.000 |   0.000
   1 |   2.690 |   0.006 |   0.000 |   0.000 |   0.000
   2 |   0.828 |   0.000 |   0.000 |   0.000 |   0.000
   3 |   0.091 |   0.000 |   0.000 |   0.000 |   0.000
   4 |   0.005 |   0.000 |   0.000 |   0.000 |   0.000
   5 |   0.000 |   0.000 |   0.000 |   0.000 |   0.000
   6 |   0.000 |   0.000 |   0.000 |   0.000 |   0.000
   7 |   0.000 |   0.000 |   0.000 |   0.000 |   0.000
 

func:'CalcEnergy' took: 91.9365 sec
