Starting SCF energy calculation
 
iscf   E_free (Ha)    dE (1.0e-05)   dn (1.0e-04)   dv (1.0e-04)
-----------------------------------------------------------------
   0   -102.2659371      1.000e+00      9.998e-01      1.000e+00
   1   -103.1509497      8.580e-03      2.310e-01      1.136e-01
   2   -103.2600297      1.056e-03      7.370e-02      2.084e-02
   3   -103.2739356      1.346e-04      1.572e-02      3.923e-03
   4   -103.2742280      2.881e-06      2.872e-03      7.567e-04
   5   -103.2742124      1.478e-07      5.265e-04      1.530e-04
   6   -103.2741776      3.694e-07      9.755e-05      3.341e-05
-----------------------------------------------------------------
SCF cycle converged
 
Final energies (Ha)
 
---------------------------------------------
Kinetic energy                 :    50.5859
    orbitals                   :    50.5859
    unbound ideal approx.      :     0.0000
Electron-nuclear energy        :   -58.5788
Hartree energy                 :    10.9744
Exchange-correlation energy    :    -3.2169
    exchange                   :    -2.8870
    correlation                :    -0.3299
---------------------------------------------
Total energy                   :    -0.2353
---------------------------------------------
Entropy                        :    28.0383
    orbitals                   :    28.0383
    unbound ideal approx.      :     0.0000
---------------------------------------------
Total free energy              :  -103.2742
---------------------------------------------

Chemical potential             : -11.515
Mean ionization state          :   4.409
 
Orbital eigenvalues (Ha) :
 
     |   n=l+1 |       2 |       3 |       4 |       5
-----+---------+---------+---------+---------+---------
 l=0 | -12.717 |  -1.142 |   0.853 |   3.607 |   7.516
   1 |  -0.902 |   0.848 |   3.294 |   6.825 |  11.388
   2 |   0.719 |   2.610 |   5.627 |   9.687 |  14.763
   3 |   1.701 |   4.210 |   7.770 |  12.354 |  17.945
   4 |   2.689 |   5.796 |   9.898 |  15.005 |  21.110
   5 |   3.758 |   7.446 |  12.086 |  17.712 |  24.328
   6 |   4.926 |   9.188 |  14.362 |  20.507 |  27.632
   7 |   6.202 |  11.033 |  16.742 |  23.405 |  31.040
 

Orbital occupations (2l+1) * f_{nl} :
 
     |   n=l+1 |       2 |       3 |       4 |       5
-----+---------+---------+---------+---------+---------
 l=0 |   1.162 |   0.112 |   0.067 |   0.032 |   0.011
   1 |   0.317 |   0.201 |   0.105 |   0.041 |   0.012
   2 |   0.346 |   0.210 |   0.093 |   0.031 |   0.008
   3 |   0.374 |   0.191 |   0.073 |   0.021 |   0.005
   4 |   0.370 |   0.161 |   0.053 |   0.013 |   0.003
   5 |   0.339 |   0.126 |   0.036 |   0.008 |   0.001
   6 |   0.293 |   0.093 |   0.023 |   0.004 |   0.001
   7 |   0.240 |   0.065 |   0.014 |   0.002 |   0.000
 

func:'CalcEnergy' took: 459.5091 sec
